[0.262s] DEBUG:colcon:Command line arguments: ['/usr/bin/colcon', 'build']
[0.262s] DEBUG:colcon:Parsed command line arguments: Namespace(log_base=None, log_level=None, verb_name='build', build_base='build', install_base='install', merge_install=False, symlink_install=False, test_result_base=None, continue_on_error=False, executor='parallel', parallel_workers=8, event_handlers=None, ignore_user_meta=False, metas=['./colcon.meta'], base_paths=['.'], packages_ignore=None, packages_ignore_regex=None, paths=None, packages_up_to=None, packages_up_to_regex=None, packages_above=None, packages_above_and_dependencies=None, packages_above_depth=None, packages_select_by_dep=None, packages_skip_by_dep=None, packages_skip_up_to=None, packages_select_build_failed=False, packages_skip_build_finished=False, packages_select_test_failures=False, packages_skip_test_passed=False, packages_select=None, packages_skip=None, packages_select_regex=None, packages_skip_regex=None, packages_start=None, packages_end=None, allow_overriding=[], cmake_args=None, cmake_target=None, cmake_target_skip_unavailable=False, cmake_clean_cache=False, cmake_clean_first=False, cmake_force_configure=False, ament_cmake_args=None, catkin_cmake_args=None, catkin_skip_building_tests=False, verb_parser=<colcon_defaults.argument_parser.defaults.DefaultArgumentsDecorator object at 0x7f3e0e2c5ea0>, verb_extension=<colcon_core.verb.build.BuildVerb object at 0x7f3e0eb078e0>, main=<bound method BuildVerb.main of <colcon_core.verb.build.BuildVerb object at 0x7f3e0eb078e0>>)
[0.289s] Level 1:colcon.colcon_core.package_discovery:discover_packages(colcon_meta) check parameters
[0.289s] Level 1:colcon.colcon_core.package_discovery:discover_packages(recursive) check parameters
[0.289s] Level 1:colcon.colcon_core.package_discovery:discover_packages(ignore) check parameters
[0.289s] Level 1:colcon.colcon_core.package_discovery:discover_packages(path) check parameters
[0.289s] Level 1:colcon.colcon_core.package_discovery:discover_packages(colcon_meta) discover
[0.289s] Level 1:colcon.colcon_core.package_discovery:discover_packages(recursive) discover
[0.289s] INFO:colcon.colcon_core.package_discovery:Crawling recursively for packages in '/home/peri/Desktop/Studium/ROS Robotik/SurfaceScanner_ws'
[0.289s] Level 1:colcon.colcon_core.package_identification:_identify(.) by extensions ['ignore', 'ignore_ament_install']
[0.289s] Level 1:colcon.colcon_core.package_identification:_identify(.) by extension 'ignore'
[0.289s] Level 1:colcon.colcon_core.package_identification:_identify(.) by extension 'ignore_ament_install'
[0.289s] Level 1:colcon.colcon_core.package_identification:_identify(.) by extensions ['colcon_pkg']
[0.289s] Level 1:colcon.colcon_core.package_identification:_identify(.) by extension 'colcon_pkg'
[0.289s] Level 1:colcon.colcon_core.package_identification:_identify(.) by extensions ['colcon_meta']
[0.290s] Level 1:colcon.colcon_core.package_identification:_identify(.) by extension 'colcon_meta'
[0.290s] Level 1:colcon.colcon_core.package_identification:_identify(.) by extensions ['ros']
[0.290s] Level 1:colcon.colcon_core.package_identification:_identify(.) by extension 'ros'
[0.299s] Level 1:colcon.colcon_core.package_identification:_identify(.) by extensions ['cmake', 'python']
[0.299s] Level 1:colcon.colcon_core.package_identification:_identify(.) by extension 'cmake'
[0.299s] Level 1:colcon.colcon_core.package_identification:_identify(.) by extension 'python'
[0.299s] Level 1:colcon.colcon_core.package_identification:_identify(.) by extensions ['python_setup_py']
[0.299s] Level 1:colcon.colcon_core.package_identification:_identify(.) by extension 'python_setup_py'
[0.299s] Level 1:colcon.colcon_core.package_identification:_identify(build) by extensions ['ignore', 'ignore_ament_install']
[0.299s] Level 1:colcon.colcon_core.package_identification:_identify(build) by extension 'ignore'
[0.299s] Level 1:colcon.colcon_core.package_identification:_identify(build) ignored
[0.299s] Level 1:colcon.colcon_core.package_identification:_identify(install) by extensions ['ignore', 'ignore_ament_install']
[0.299s] Level 1:colcon.colcon_core.package_identification:_identify(install) by extension 'ignore'
[0.300s] Level 1:colcon.colcon_core.package_identification:_identify(install) ignored
[0.300s] Level 1:colcon.colcon_core.package_identification:_identify(log) by extensions ['ignore', 'ignore_ament_install']
[0.300s] Level 1:colcon.colcon_core.package_identification:_identify(log) by extension 'ignore'
[0.300s] Level 1:colcon.colcon_core.package_identification:_identify(log) ignored
[0.300s] Level 1:colcon.colcon_core.package_identification:_identify(src) by extensions ['ignore', 'ignore_ament_install']
[0.300s] Level 1:colcon.colcon_core.package_identification:_identify(src) by extension 'ignore'
[0.300s] Level 1:colcon.colcon_core.package_identification:_identify(src) by extension 'ignore_ament_install'
[0.300s] Level 1:colcon.colcon_core.package_identification:_identify(src) by extensions ['colcon_pkg']
[0.300s] Level 1:colcon.colcon_core.package_identification:_identify(src) by extension 'colcon_pkg'
[0.300s] Level 1:colcon.colcon_core.package_identification:_identify(src) by extensions ['colcon_meta']
[0.300s] Level 1:colcon.colcon_core.package_identification:_identify(src) by extension 'colcon_meta'
[0.300s] Level 1:colcon.colcon_core.package_identification:_identify(src) by extensions ['ros']
[0.300s] Level 1:colcon.colcon_core.package_identification:_identify(src) by extension 'ros'
[0.300s] Level 1:colcon.colcon_core.package_identification:_identify(src) by extensions ['cmake', 'python']
[0.300s] Level 1:colcon.colcon_core.package_identification:_identify(src) by extension 'cmake'
[0.300s] Level 1:colcon.colcon_core.package_identification:_identify(src) by extension 'python'
[0.300s] Level 1:colcon.colcon_core.package_identification:_identify(src) by extensions ['python_setup_py']
[0.300s] Level 1:colcon.colcon_core.package_identification:_identify(src) by extension 'python_setup_py'
[0.300s] Level 1:colcon.colcon_core.package_identification:_identify(src/SurfaceScanner) by extensions ['ignore', 'ignore_ament_install']
[0.300s] Level 1:colcon.colcon_core.package_identification:_identify(src/SurfaceScanner) by extension 'ignore'
[0.300s] Level 1:colcon.colcon_core.package_identification:_identify(src/SurfaceScanner) by extension 'ignore_ament_install'
[0.300s] Level 1:colcon.colcon_core.package_identification:_identify(src/SurfaceScanner) by extensions ['colcon_pkg']
[0.301s] Level 1:colcon.colcon_core.package_identification:_identify(src/SurfaceScanner) by extension 'colcon_pkg'
[0.301s] Level 1:colcon.colcon_core.package_identification:_identify(src/SurfaceScanner) by extensions ['colcon_meta']
[0.301s] Level 1:colcon.colcon_core.package_identification:_identify(src/SurfaceScanner) by extension 'colcon_meta'
[0.301s] Level 1:colcon.colcon_core.package_identification:_identify(src/SurfaceScanner) by extensions ['ros']
[0.301s] Level 1:colcon.colcon_core.package_identification:_identify(src/SurfaceScanner) by extension 'ros'
[0.303s] DEBUG:colcon.colcon_core.package_identification:Package 'src/SurfaceScanner' with type 'ros.ament_cmake' and name 'SurfaceScanner'
[0.303s] Level 1:colcon.colcon_core.package_identification:_identify(src/interfaces) by extensions ['ignore', 'ignore_ament_install']
[0.303s] Level 1:colcon.colcon_core.package_identification:_identify(src/interfaces) by extension 'ignore'
[0.304s] Level 1:colcon.colcon_core.package_identification:_identify(src/interfaces) by extension 'ignore_ament_install'
[0.304s] Level 1:colcon.colcon_core.package_identification:_identify(src/interfaces) by extensions ['colcon_pkg']
[0.304s] Level 1:colcon.colcon_core.package_identification:_identify(src/interfaces) by extension 'colcon_pkg'
[0.304s] Level 1:colcon.colcon_core.package_identification:_identify(src/interfaces) by extensions ['colcon_meta']
[0.304s] Level 1:colcon.colcon_core.package_identification:_identify(src/interfaces) by extension 'colcon_meta'
[0.304s] Level 1:colcon.colcon_core.package_identification:_identify(src/interfaces) by extensions ['ros']
[0.304s] Level 1:colcon.colcon_core.package_identification:_identify(src/interfaces) by extension 'ros'
[0.304s] DEBUG:colcon.colcon_core.package_identification:Package 'src/interfaces' with type 'ros.ament_cmake' and name 'interfaces'
[0.304s] Level 1:colcon.colcon_core.package_discovery:discover_packages(recursive) using defaults
[0.305s] Level 1:colcon.colcon_core.package_discovery:discover_packages(ignore) discover
[0.305s] Level 1:colcon.colcon_core.package_discovery:discover_packages(ignore) using defaults
[0.305s] Level 1:colcon.colcon_core.package_discovery:discover_packages(path) discover
[0.305s] Level 1:colcon.colcon_core.package_discovery:discover_packages(path) using defaults
[0.326s] Level 1:colcon.colcon_core.package_discovery:discover_packages(prefix_path) check parameters
[0.326s] Level 1:colcon.colcon_core.package_discovery:discover_packages(prefix_path) discover
[0.329s] DEBUG:colcon.colcon_installed_package_information.package_discovery:Found 271 installed packages in /opt/ros/humble
[0.331s] Level 1:colcon.colcon_core.package_discovery:discover_packages(prefix_path) using defaults
[0.381s] Level 5:colcon.colcon_core.verb:set package 'interfaces' build argument 'cmake_args' from command line to 'None'
[0.381s] Level 5:colcon.colcon_core.verb:set package 'interfaces' build argument 'cmake_target' from command line to 'None'
[0.381s] Level 5:colcon.colcon_core.verb:set package 'interfaces' build argument 'cmake_target_skip_unavailable' from command line to 'False'
[0.381s] Level 5:colcon.colcon_core.verb:set package 'interfaces' build argument 'cmake_clean_cache' from command line to 'False'
[0.381s] Level 5:colcon.colcon_core.verb:set package 'interfaces' build argument 'cmake_clean_first' from command line to 'False'
[0.381s] Level 5:colcon.colcon_core.verb:set package 'interfaces' build argument 'cmake_force_configure' from command line to 'False'
[0.381s] Level 5:colcon.colcon_core.verb:set package 'interfaces' build argument 'ament_cmake_args' from command line to 'None'
[0.381s] Level 5:colcon.colcon_core.verb:set package 'interfaces' build argument 'catkin_cmake_args' from command line to 'None'
[0.381s] Level 5:colcon.colcon_core.verb:set package 'interfaces' build argument 'catkin_skip_building_tests' from command line to 'False'
[0.382s] DEBUG:colcon.colcon_core.verb:Building package 'interfaces' with the following arguments: {'ament_cmake_args': None, 'build_base': '/home/peri/Desktop/Studium/ROS Robotik/SurfaceScanner_ws/build/interfaces', 'catkin_cmake_args': None, 'catkin_skip_building_tests': False, 'cmake_args': None, 'cmake_clean_cache': False, 'cmake_clean_first': False, 'cmake_force_configure': False, 'cmake_target': None, 'cmake_target_skip_unavailable': False, 'install_base': '/home/peri/Desktop/Studium/ROS Robotik/SurfaceScanner_ws/install/interfaces', 'merge_install': False, 'path': '/home/peri/Desktop/Studium/ROS Robotik/SurfaceScanner_ws/src/interfaces', 'symlink_install': False, 'test_result_base': None}
[0.382s] Level 5:colcon.colcon_core.verb:set package 'SurfaceScanner' build argument 'cmake_args' from command line to 'None'
[0.382s] Level 5:colcon.colcon_core.verb:set package 'SurfaceScanner' build argument 'cmake_target' from command line to 'None'
[0.382s] Level 5:colcon.colcon_core.verb:set package 'SurfaceScanner' build argument 'cmake_target_skip_unavailable' from command line to 'False'
[0.382s] Level 5:colcon.colcon_core.verb:set package 'SurfaceScanner' build argument 'cmake_clean_cache' from command line to 'False'
[0.383s] Level 5:colcon.colcon_core.verb:set package 'SurfaceScanner' build argument 'cmake_clean_first' from command line to 'False'
[0.383s] Level 5:colcon.colcon_core.verb:set package 'SurfaceScanner' build argument 'cmake_force_configure' from command line to 'False'
[0.383s] Level 5:colcon.colcon_core.verb:set package 'SurfaceScanner' build argument 'ament_cmake_args' from command line to 'None'
[0.383s] Level 5:colcon.colcon_core.verb:set package 'SurfaceScanner' build argument 'catkin_cmake_args' from command line to 'None'
[0.383s] Level 5:colcon.colcon_core.verb:set package 'SurfaceScanner' build argument 'catkin_skip_building_tests' from command line to 'False'
[0.383s] DEBUG:colcon.colcon_core.verb:Building package 'SurfaceScanner' with the following arguments: {'ament_cmake_args': None, 'build_base': '/home/peri/Desktop/Studium/ROS Robotik/SurfaceScanner_ws/build/SurfaceScanner', 'catkin_cmake_args': None, 'catkin_skip_building_tests': False, 'cmake_args': None, 'cmake_clean_cache': False, 'cmake_clean_first': False, 'cmake_force_configure': False, 'cmake_target': None, 'cmake_target_skip_unavailable': False, 'install_base': '/home/peri/Desktop/Studium/ROS Robotik/SurfaceScanner_ws/install/SurfaceScanner', 'merge_install': False, 'path': '/home/peri/Desktop/Studium/ROS Robotik/SurfaceScanner_ws/src/SurfaceScanner', 'symlink_install': False, 'test_result_base': None}
[0.383s] INFO:colcon.colcon_core.executor:Executing jobs using 'parallel' executor
[0.386s] DEBUG:colcon.colcon_parallel_executor.executor.parallel:run_until_complete
[0.386s] INFO:colcon.colcon_ros.task.ament_cmake.build:Building ROS package in '/home/peri/Desktop/Studium/ROS Robotik/SurfaceScanner_ws/src/interfaces' with build type 'ament_cmake'
[0.386s] INFO:colcon.colcon_cmake.task.cmake.build:Building CMake package in '/home/peri/Desktop/Studium/ROS Robotik/SurfaceScanner_ws/src/interfaces'
[0.390s] INFO:colcon.colcon_core.plugin_system:Skipping extension 'colcon_core.shell.bat': Not used on non-Windows systems
[0.390s] INFO:colcon.colcon_core.shell:Skip shell extension 'powershell' for command environment: Not usable outside of PowerShell
[0.390s] DEBUG:colcon.colcon_core.shell:Skip shell extension 'dsv' for command environment
[0.399s] DEBUG:colcon.colcon_core.event_handler.log_command:Invoking command in '/home/peri/Desktop/Studium/ROS Robotik/SurfaceScanner_ws/build/interfaces': CMAKE_PREFIX_PATH=/opt/ros/humble CONDA_PROMPT_MODIFIER=(base) /usr/bin/cmake --build /home/peri/Desktop/Studium/ROS Robotik/SurfaceScanner_ws/build/interfaces -- -j8 -l8
[1.052s] DEBUG:colcon.colcon_core.event_handler.log_command:Invoked command in '/home/peri/Desktop/Studium/ROS Robotik/SurfaceScanner_ws/build/interfaces' returned '0': CMAKE_PREFIX_PATH=/opt/ros/humble CONDA_PROMPT_MODIFIER=(base) /usr/bin/cmake --build /home/peri/Desktop/Studium/ROS Robotik/SurfaceScanner_ws/build/interfaces -- -j8 -l8
[1.117s] DEBUG:colcon.colcon_core.event_handler.log_command:Invoking command in '/home/peri/Desktop/Studium/ROS Robotik/SurfaceScanner_ws/build/interfaces': CMAKE_PREFIX_PATH=/opt/ros/humble CONDA_PROMPT_MODIFIER=(base) /usr/bin/cmake --install /home/peri/Desktop/Studium/ROS Robotik/SurfaceScanner_ws/build/interfaces
[1.167s] Level 1:colcon.colcon_core.environment:create_environment_scripts_only(interfaces)
[1.168s] DEBUG:colcon.colcon_core.event_handler.log_command:Invoked command in '/home/peri/Desktop/Studium/ROS Robotik/SurfaceScanner_ws/build/interfaces' returned '0': CMAKE_PREFIX_PATH=/opt/ros/humble CONDA_PROMPT_MODIFIER=(base) /usr/bin/cmake --install /home/peri/Desktop/Studium/ROS Robotik/SurfaceScanner_ws/build/interfaces
[1.173s] Level 1:colcon.colcon_core.environment:checking '/home/peri/Desktop/Studium/ROS Robotik/SurfaceScanner_ws/install/interfaces' for CMake module files
[1.174s] Level 1:colcon.colcon_core.environment:checking '/home/peri/Desktop/Studium/ROS Robotik/SurfaceScanner_ws/install/interfaces' for CMake config files
[1.174s] Level 1:colcon.colcon_core.shell:create_environment_hook('interfaces', 'cmake_prefix_path')
[1.176s] INFO:colcon.colcon_core.shell:Creating environment hook '/home/peri/Desktop/Studium/ROS Robotik/SurfaceScanner_ws/install/interfaces/share/interfaces/hook/cmake_prefix_path.ps1'
[1.176s] INFO:colcon.colcon_core.shell:Creating environment descriptor '/home/peri/Desktop/Studium/ROS Robotik/SurfaceScanner_ws/install/interfaces/share/interfaces/hook/cmake_prefix_path.dsv'
[1.177s] INFO:colcon.colcon_core.shell:Creating environment hook '/home/peri/Desktop/Studium/ROS Robotik/SurfaceScanner_ws/install/interfaces/share/interfaces/hook/cmake_prefix_path.sh'
[1.178s] Level 1:colcon.colcon_core.environment:checking '/home/peri/Desktop/Studium/ROS Robotik/SurfaceScanner_ws/install/interfaces/lib'
[1.178s] Level 1:colcon.colcon_core.shell:create_environment_hook('interfaces', 'ld_library_path_lib')
[1.180s] INFO:colcon.colcon_core.shell:Creating environment hook '/home/peri/Desktop/Studium/ROS Robotik/SurfaceScanner_ws/install/interfaces/share/interfaces/hook/ld_library_path_lib.ps1'
[1.180s] INFO:colcon.colcon_core.shell:Creating environment descriptor '/home/peri/Desktop/Studium/ROS Robotik/SurfaceScanner_ws/install/interfaces/share/interfaces/hook/ld_library_path_lib.dsv'
[1.180s] INFO:colcon.colcon_core.shell:Creating environment hook '/home/peri/Desktop/Studium/ROS Robotik/SurfaceScanner_ws/install/interfaces/share/interfaces/hook/ld_library_path_lib.sh'
[1.181s] Level 1:colcon.colcon_core.environment:checking '/home/peri/Desktop/Studium/ROS Robotik/SurfaceScanner_ws/install/interfaces/bin'
[1.181s] Level 1:colcon.colcon_core.environment:checking '/home/peri/Desktop/Studium/ROS Robotik/SurfaceScanner_ws/install/interfaces/lib/pkgconfig/interfaces.pc'
[1.181s] Level 1:colcon.colcon_core.environment:checking '/home/peri/Desktop/Studium/ROS Robotik/SurfaceScanner_ws/install/interfaces/lib/python3.10/site-packages'
[1.181s] Level 1:colcon.colcon_core.shell:create_environment_hook('interfaces', 'pythonpath')
[1.183s] INFO:colcon.colcon_core.shell:Creating environment hook '/home/peri/Desktop/Studium/ROS Robotik/SurfaceScanner_ws/install/interfaces/share/interfaces/hook/pythonpath.ps1'
[1.183s] INFO:colcon.colcon_core.shell:Creating environment descriptor '/home/peri/Desktop/Studium/ROS Robotik/SurfaceScanner_ws/install/interfaces/share/interfaces/hook/pythonpath.dsv'
[1.184s] INFO:colcon.colcon_core.shell:Creating environment hook '/home/peri/Desktop/Studium/ROS Robotik/SurfaceScanner_ws/install/interfaces/share/interfaces/hook/pythonpath.sh'
[1.184s] Level 1:colcon.colcon_core.environment:checking '/home/peri/Desktop/Studium/ROS Robotik/SurfaceScanner_ws/install/interfaces/bin'
[1.186s] INFO:colcon.colcon_core.shell:Creating package script '/home/peri/Desktop/Studium/ROS Robotik/SurfaceScanner_ws/install/interfaces/share/interfaces/package.ps1'
[1.188s] INFO:colcon.colcon_core.shell:Creating package descriptor '/home/peri/Desktop/Studium/ROS Robotik/SurfaceScanner_ws/install/interfaces/share/interfaces/package.dsv'
[1.189s] INFO:colcon.colcon_core.shell:Creating package script '/home/peri/Desktop/Studium/ROS Robotik/SurfaceScanner_ws/install/interfaces/share/interfaces/package.sh'
[1.190s] INFO:colcon.colcon_core.shell:Creating package script '/home/peri/Desktop/Studium/ROS Robotik/SurfaceScanner_ws/install/interfaces/share/interfaces/package.bash'
[1.192s] INFO:colcon.colcon_core.shell:Creating package script '/home/peri/Desktop/Studium/ROS Robotik/SurfaceScanner_ws/install/interfaces/share/interfaces/package.zsh'
[1.193s] Level 1:colcon.colcon_core.environment:create_file_with_runtime_dependencies(/home/peri/Desktop/Studium/ROS Robotik/SurfaceScanner_ws/install/interfaces/share/colcon-core/packages/interfaces)
[1.260s] Level 1:colcon.colcon_core.environment:create_environment_scripts_only(interfaces)
[1.263s] Level 1:colcon.colcon_core.environment:checking '/home/peri/Desktop/Studium/ROS Robotik/SurfaceScanner_ws/install/interfaces' for CMake module files
[1.263s] Level 1:colcon.colcon_core.environment:checking '/home/peri/Desktop/Studium/ROS Robotik/SurfaceScanner_ws/install/interfaces' for CMake config files
[1.264s] Level 1:colcon.colcon_core.shell:create_environment_hook('interfaces', 'cmake_prefix_path')
[1.266s] INFO:colcon.colcon_core.shell:Creating environment hook '/home/peri/Desktop/Studium/ROS Robotik/SurfaceScanner_ws/install/interfaces/share/interfaces/hook/cmake_prefix_path.ps1'
[1.266s] INFO:colcon.colcon_core.shell:Creating environment descriptor '/home/peri/Desktop/Studium/ROS Robotik/SurfaceScanner_ws/install/interfaces/share/interfaces/hook/cmake_prefix_path.dsv'
[1.267s] INFO:colcon.colcon_core.shell:Creating environment hook '/home/peri/Desktop/Studium/ROS Robotik/SurfaceScanner_ws/install/interfaces/share/interfaces/hook/cmake_prefix_path.sh'
[1.267s] Level 1:colcon.colcon_core.environment:checking '/home/peri/Desktop/Studium/ROS Robotik/SurfaceScanner_ws/install/interfaces/lib'
[1.267s] Level 1:colcon.colcon_core.shell:create_environment_hook('interfaces', 'ld_library_path_lib')
[1.269s] INFO:colcon.colcon_core.shell:Creating environment hook '/home/peri/Desktop/Studium/ROS Robotik/SurfaceScanner_ws/install/interfaces/share/interfaces/hook/ld_library_path_lib.ps1'
[1.270s] INFO:colcon.colcon_core.shell:Creating environment descriptor '/home/peri/Desktop/Studium/ROS Robotik/SurfaceScanner_ws/install/interfaces/share/interfaces/hook/ld_library_path_lib.dsv'
[1.270s] INFO:colcon.colcon_core.shell:Creating environment hook '/home/peri/Desktop/Studium/ROS Robotik/SurfaceScanner_ws/install/interfaces/share/interfaces/hook/ld_library_path_lib.sh'
[1.270s] Level 1:colcon.colcon_core.environment:checking '/home/peri/Desktop/Studium/ROS Robotik/SurfaceScanner_ws/install/interfaces/bin'
[1.270s] Level 1:colcon.colcon_core.environment:checking '/home/peri/Desktop/Studium/ROS Robotik/SurfaceScanner_ws/install/interfaces/lib/pkgconfig/interfaces.pc'
[1.271s] Level 1:colcon.colcon_core.environment:checking '/home/peri/Desktop/Studium/ROS Robotik/SurfaceScanner_ws/install/interfaces/lib/python3.10/site-packages'
[1.271s] Level 1:colcon.colcon_core.shell:create_environment_hook('interfaces', 'pythonpath')
[1.273s] INFO:colcon.colcon_core.shell:Creating environment hook '/home/peri/Desktop/Studium/ROS Robotik/SurfaceScanner_ws/install/interfaces/share/interfaces/hook/pythonpath.ps1'
[1.273s] INFO:colcon.colcon_core.shell:Creating environment descriptor '/home/peri/Desktop/Studium/ROS Robotik/SurfaceScanner_ws/install/interfaces/share/interfaces/hook/pythonpath.dsv'
[1.274s] INFO:colcon.colcon_core.shell:Creating environment hook '/home/peri/Desktop/Studium/ROS Robotik/SurfaceScanner_ws/install/interfaces/share/interfaces/hook/pythonpath.sh'
[1.274s] Level 1:colcon.colcon_core.environment:checking '/home/peri/Desktop/Studium/ROS Robotik/SurfaceScanner_ws/install/interfaces/bin'
[1.276s] INFO:colcon.colcon_core.shell:Creating package script '/home/peri/Desktop/Studium/ROS Robotik/SurfaceScanner_ws/install/interfaces/share/interfaces/package.ps1'
[1.277s] INFO:colcon.colcon_core.shell:Creating package descriptor '/home/peri/Desktop/Studium/ROS Robotik/SurfaceScanner_ws/install/interfaces/share/interfaces/package.dsv'
[1.278s] INFO:colcon.colcon_core.shell:Creating package script '/home/peri/Desktop/Studium/ROS Robotik/SurfaceScanner_ws/install/interfaces/share/interfaces/package.sh'
[1.278s] INFO:colcon.colcon_core.shell:Creating package script '/home/peri/Desktop/Studium/ROS Robotik/SurfaceScanner_ws/install/interfaces/share/interfaces/package.bash'
[1.279s] INFO:colcon.colcon_core.shell:Creating package script '/home/peri/Desktop/Studium/ROS Robotik/SurfaceScanner_ws/install/interfaces/share/interfaces/package.zsh'
[1.279s] Level 1:colcon.colcon_core.environment:create_file_with_runtime_dependencies(/home/peri/Desktop/Studium/ROS Robotik/SurfaceScanner_ws/install/interfaces/share/colcon-core/packages/interfaces)
[1.280s] INFO:colcon.colcon_ros.task.ament_cmake.build:Building ROS package in '/home/peri/Desktop/Studium/ROS Robotik/SurfaceScanner_ws/src/SurfaceScanner' with build type 'ament_cmake'
[1.280s] INFO:colcon.colcon_cmake.task.cmake.build:Building CMake package in '/home/peri/Desktop/Studium/ROS Robotik/SurfaceScanner_ws/src/SurfaceScanner'
[1.282s] INFO:colcon.colcon_core.shell:Skip shell extension 'powershell' for command environment: Not usable outside of PowerShell
[1.282s] DEBUG:colcon.colcon_core.shell:Skip shell extension 'dsv' for command environment
[1.294s] DEBUG:colcon.colcon_core.event_handler.log_command:Invoking command in '/home/peri/Desktop/Studium/ROS Robotik/SurfaceScanner_ws/build/SurfaceScanner': AMENT_PREFIX_PATH=/home/peri/Desktop/Studium/ROS Robotik/SurfaceScanner_ws/install/interfaces:${AMENT_PREFIX_PATH} CMAKE_PREFIX_PATH=/home/peri/Desktop/Studium/ROS Robotik/SurfaceScanner_ws/install/interfaces:/opt/ros/humble CONDA_PROMPT_MODIFIER=(base) LD_LIBRARY_PATH=/home/peri/Desktop/Studium/ROS Robotik/SurfaceScanner_ws/install/interfaces/lib:${LD_LIBRARY_PATH} PYTHONPATH=/home/peri/Desktop/Studium/ROS Robotik/SurfaceScanner_ws/install/interfaces/lib/python3.10/site-packages:${PYTHONPATH} /usr/bin/cmake --build /home/peri/Desktop/Studium/ROS Robotik/SurfaceScanner_ws/build/SurfaceScanner -- -j8 -l8
[19.450s] DEBUG:colcon.colcon_core.event_handler.log_command:Invoked command in '/home/peri/Desktop/Studium/ROS Robotik/SurfaceScanner_ws/build/SurfaceScanner' returned '2': AMENT_PREFIX_PATH=/home/peri/Desktop/Studium/ROS Robotik/SurfaceScanner_ws/install/interfaces:${AMENT_PREFIX_PATH} CMAKE_PREFIX_PATH=/home/peri/Desktop/Studium/ROS Robotik/SurfaceScanner_ws/install/interfaces:/opt/ros/humble CONDA_PROMPT_MODIFIER=(base) LD_LIBRARY_PATH=/home/peri/Desktop/Studium/ROS Robotik/SurfaceScanner_ws/install/interfaces/lib:${LD_LIBRARY_PATH} PYTHONPATH=/home/peri/Desktop/Studium/ROS Robotik/SurfaceScanner_ws/install/interfaces/lib/python3.10/site-packages:${PYTHONPATH} /usr/bin/cmake --build /home/peri/Desktop/Studium/ROS Robotik/SurfaceScanner_ws/build/SurfaceScanner -- -j8 -l8
[19.481s] Level 1:colcon.colcon_core.environment:create_environment_scripts_only(SurfaceScanner)
[19.482s] Level 1:colcon.colcon_core.environment:checking '/home/peri/Desktop/Studium/ROS Robotik/SurfaceScanner_ws/install/SurfaceScanner' for CMake module files
[19.483s] Level 1:colcon.colcon_core.environment:checking '/home/peri/Desktop/Studium/ROS Robotik/SurfaceScanner_ws/install/SurfaceScanner' for CMake config files
[19.483s] Level 1:colcon.colcon_core.shell:create_environment_hook('SurfaceScanner', 'cmake_prefix_path')
[19.485s] INFO:colcon.colcon_core.shell:Creating environment hook '/home/peri/Desktop/Studium/ROS Robotik/SurfaceScanner_ws/install/SurfaceScanner/share/SurfaceScanner/hook/cmake_prefix_path.ps1'
[19.486s] INFO:colcon.colcon_core.shell:Creating environment descriptor '/home/peri/Desktop/Studium/ROS Robotik/SurfaceScanner_ws/install/SurfaceScanner/share/SurfaceScanner/hook/cmake_prefix_path.dsv'
[19.486s] INFO:colcon.colcon_core.shell:Creating environment hook '/home/peri/Desktop/Studium/ROS Robotik/SurfaceScanner_ws/install/SurfaceScanner/share/SurfaceScanner/hook/cmake_prefix_path.sh'
[19.486s] Level 1:colcon.colcon_core.environment:checking '/home/peri/Desktop/Studium/ROS Robotik/SurfaceScanner_ws/install/SurfaceScanner/bin'
[19.487s] Level 1:colcon.colcon_core.environment:checking '/home/peri/Desktop/Studium/ROS Robotik/SurfaceScanner_ws/install/SurfaceScanner/lib/pkgconfig/SurfaceScanner.pc'
[19.487s] Level 1:colcon.colcon_core.environment:checking '/home/peri/Desktop/Studium/ROS Robotik/SurfaceScanner_ws/install/SurfaceScanner/lib/python3.10/site-packages'
[19.487s] Level 1:colcon.colcon_core.environment:checking '/home/peri/Desktop/Studium/ROS Robotik/SurfaceScanner_ws/install/SurfaceScanner/bin'
[19.488s] INFO:colcon.colcon_core.shell:Creating package script '/home/peri/Desktop/Studium/ROS Robotik/SurfaceScanner_ws/install/SurfaceScanner/share/SurfaceScanner/package.ps1'
[19.489s] INFO:colcon.colcon_core.shell:Creating package descriptor '/home/peri/Desktop/Studium/ROS Robotik/SurfaceScanner_ws/install/SurfaceScanner/share/SurfaceScanner/package.dsv'
[19.489s] INFO:colcon.colcon_core.shell:Creating package script '/home/peri/Desktop/Studium/ROS Robotik/SurfaceScanner_ws/install/SurfaceScanner/share/SurfaceScanner/package.sh'
[19.489s] INFO:colcon.colcon_core.shell:Creating package script '/home/peri/Desktop/Studium/ROS Robotik/SurfaceScanner_ws/install/SurfaceScanner/share/SurfaceScanner/package.bash'
[19.490s] INFO:colcon.colcon_core.shell:Creating package script '/home/peri/Desktop/Studium/ROS Robotik/SurfaceScanner_ws/install/SurfaceScanner/share/SurfaceScanner/package.zsh'
[19.490s] Level 1:colcon.colcon_core.environment:create_file_with_runtime_dependencies(/home/peri/Desktop/Studium/ROS Robotik/SurfaceScanner_ws/install/SurfaceScanner/share/colcon-core/packages/SurfaceScanner)
[19.500s] DEBUG:colcon.colcon_parallel_executor.executor.parallel:closing loop
[19.501s] DEBUG:colcon.colcon_parallel_executor.executor.parallel:loop closed
[19.501s] DEBUG:colcon.colcon_parallel_executor.executor.parallel:run_until_complete finished with '2'
[19.501s] DEBUG:colcon.colcon_core.event_reactor:joining thread
[19.713s] INFO:colcon.colcon_core.plugin_system:Skipping extension 'colcon_notification.desktop_notification.terminal_notifier': Not used on non-Darwin systems
[19.713s] INFO:colcon.colcon_core.plugin_system:Skipping extension 'colcon_notification.desktop_notification.win32': Not used on non-Windows systems
[19.713s] INFO:colcon.colcon_notification.desktop_notification:Sending desktop notification using 'notify2'
[19.726s] DEBUG:colcon.colcon_core.event_reactor:joined thread
[19.727s] INFO:colcon.colcon_core.shell:Creating prefix script '/home/peri/Desktop/Studium/ROS Robotik/SurfaceScanner_ws/install/local_setup.ps1'
[19.728s] INFO:colcon.colcon_core.shell:Creating prefix util module '/home/peri/Desktop/Studium/ROS Robotik/SurfaceScanner_ws/install/_local_setup_util_ps1.py'
[19.729s] INFO:colcon.colcon_core.shell:Creating prefix chain script '/home/peri/Desktop/Studium/ROS Robotik/SurfaceScanner_ws/install/setup.ps1'
[19.730s] INFO:colcon.colcon_core.shell:Creating prefix script '/home/peri/Desktop/Studium/ROS Robotik/SurfaceScanner_ws/install/local_setup.sh'
[19.730s] INFO:colcon.colcon_core.shell:Creating prefix util module '/home/peri/Desktop/Studium/ROS Robotik/SurfaceScanner_ws/install/_local_setup_util_sh.py'
[19.731s] INFO:colcon.colcon_core.shell:Creating prefix chain script '/home/peri/Desktop/Studium/ROS Robotik/SurfaceScanner_ws/install/setup.sh'
[19.732s] INFO:colcon.colcon_core.shell:Creating prefix script '/home/peri/Desktop/Studium/ROS Robotik/SurfaceScanner_ws/install/local_setup.bash'
[19.732s] INFO:colcon.colcon_core.shell:Creating prefix chain script '/home/peri/Desktop/Studium/ROS Robotik/SurfaceScanner_ws/install/setup.bash'
[19.734s] INFO:colcon.colcon_core.shell:Creating prefix script '/home/peri/Desktop/Studium/ROS Robotik/SurfaceScanner_ws/install/local_setup.zsh'
[19.735s] INFO:colcon.colcon_core.shell:Creating prefix chain script '/home/peri/Desktop/Studium/ROS Robotik/SurfaceScanner_ws/install/setup.zsh'
