[0.298s] DEBUG:colcon:Command line arguments: ['/usr/bin/colcon', 'build']
[0.298s] DEBUG:colcon:Parsed command line arguments: Namespace(log_base=None, log_level=None, verb_name='build', build_base='build', install_base='install', merge_install=False, symlink_install=False, test_result_base=None, continue_on_error=False, executor='parallel', parallel_workers=8, event_handlers=None, ignore_user_meta=False, metas=['./colcon.meta'], base_paths=['.'], packages_ignore=None, packages_ignore_regex=None, paths=None, packages_up_to=None, packages_up_to_regex=None, packages_above=None, packages_above_and_dependencies=None, packages_above_depth=None, packages_select_by_dep=None, packages_skip_by_dep=None, packages_skip_up_to=None, packages_select_build_failed=False, packages_skip_build_finished=False, packages_select_test_failures=False, packages_skip_test_passed=False, packages_select=None, packages_skip=None, packages_select_regex=None, packages_skip_regex=None, packages_start=None, packages_end=None, allow_overriding=[], cmake_args=None, cmake_target=None, cmake_target_skip_unavailable=False, cmake_clean_cache=False, cmake_clean_first=False, cmake_force_configure=False, ament_cmake_args=None, catkin_cmake_args=None, catkin_skip_building_tests=False, verb_parser=<colcon_defaults.argument_parser.defaults.DefaultArgumentsDecorator object at 0x7fbe97635b10>, verb_extension=<colcon_core.verb.build.BuildVerb object at 0x7fbe97e470d0>, main=<bound method BuildVerb.main of <colcon_core.verb.build.BuildVerb object at 0x7fbe97e470d0>>)
[0.325s] Level 1:colcon.colcon_core.package_discovery:discover_packages(colcon_meta) check parameters
[0.325s] Level 1:colcon.colcon_core.package_discovery:discover_packages(recursive) check parameters
[0.325s] Level 1:colcon.colcon_core.package_discovery:discover_packages(ignore) check parameters
[0.325s] Level 1:colcon.colcon_core.package_discovery:discover_packages(path) check parameters
[0.325s] Level 1:colcon.colcon_core.package_discovery:discover_packages(colcon_meta) discover
[0.325s] Level 1:colcon.colcon_core.package_discovery:discover_packages(recursive) discover
[0.325s] INFO:colcon.colcon_core.package_discovery:Crawling recursively for packages in '/home/peri/Desktop/Studium/ROS Robotik/SurfaceScanner_ws'
[0.325s] Level 1:colcon.colcon_core.package_identification:_identify(.) by extensions ['ignore', 'ignore_ament_install']
[0.325s] Level 1:colcon.colcon_core.package_identification:_identify(.) by extension 'ignore'
[0.325s] Level 1:colcon.colcon_core.package_identification:_identify(.) by extension 'ignore_ament_install'
[0.326s] Level 1:colcon.colcon_core.package_identification:_identify(.) by extensions ['colcon_pkg']
[0.326s] Level 1:colcon.colcon_core.package_identification:_identify(.) by extension 'colcon_pkg'
[0.326s] Level 1:colcon.colcon_core.package_identification:_identify(.) by extensions ['colcon_meta']
[0.326s] Level 1:colcon.colcon_core.package_identification:_identify(.) by extension 'colcon_meta'
[0.326s] Level 1:colcon.colcon_core.package_identification:_identify(.) by extensions ['ros']
[0.326s] Level 1:colcon.colcon_core.package_identification:_identify(.) by extension 'ros'
[0.335s] Level 1:colcon.colcon_core.package_identification:_identify(.) by extensions ['cmake', 'python']
[0.335s] Level 1:colcon.colcon_core.package_identification:_identify(.) by extension 'cmake'
[0.335s] Level 1:colcon.colcon_core.package_identification:_identify(.) by extension 'python'
[0.335s] Level 1:colcon.colcon_core.package_identification:_identify(.) by extensions ['python_setup_py']
[0.335s] Level 1:colcon.colcon_core.package_identification:_identify(.) by extension 'python_setup_py'
[0.335s] Level 1:colcon.colcon_core.package_identification:_identify(build) by extensions ['ignore', 'ignore_ament_install']
[0.335s] Level 1:colcon.colcon_core.package_identification:_identify(build) by extension 'ignore'
[0.335s] Level 1:colcon.colcon_core.package_identification:_identify(build) ignored
[0.335s] Level 1:colcon.colcon_core.package_identification:_identify(install) by extensions ['ignore', 'ignore_ament_install']
[0.335s] Level 1:colcon.colcon_core.package_identification:_identify(install) by extension 'ignore'
[0.335s] Level 1:colcon.colcon_core.package_identification:_identify(install) ignored
[0.336s] Level 1:colcon.colcon_core.package_identification:_identify(log) by extensions ['ignore', 'ignore_ament_install']
[0.336s] Level 1:colcon.colcon_core.package_identification:_identify(log) by extension 'ignore'
[0.336s] Level 1:colcon.colcon_core.package_identification:_identify(log) ignored
[0.336s] Level 1:colcon.colcon_core.package_identification:_identify(src) by extensions ['ignore', 'ignore_ament_install']
[0.336s] Level 1:colcon.colcon_core.package_identification:_identify(src) by extension 'ignore'
[0.336s] Level 1:colcon.colcon_core.package_identification:_identify(src) by extension 'ignore_ament_install'
[0.336s] Level 1:colcon.colcon_core.package_identification:_identify(src) by extensions ['colcon_pkg']
[0.336s] Level 1:colcon.colcon_core.package_identification:_identify(src) by extension 'colcon_pkg'
[0.336s] Level 1:colcon.colcon_core.package_identification:_identify(src) by extensions ['colcon_meta']
[0.336s] Level 1:colcon.colcon_core.package_identification:_identify(src) by extension 'colcon_meta'
[0.336s] Level 1:colcon.colcon_core.package_identification:_identify(src) by extensions ['ros']
[0.336s] Level 1:colcon.colcon_core.package_identification:_identify(src) by extension 'ros'
[0.336s] Level 1:colcon.colcon_core.package_identification:_identify(src) by extensions ['cmake', 'python']
[0.336s] Level 1:colcon.colcon_core.package_identification:_identify(src) by extension 'cmake'
[0.336s] Level 1:colcon.colcon_core.package_identification:_identify(src) by extension 'python'
[0.336s] Level 1:colcon.colcon_core.package_identification:_identify(src) by extensions ['python_setup_py']
[0.337s] Level 1:colcon.colcon_core.package_identification:_identify(src) by extension 'python_setup_py'
[0.337s] Level 1:colcon.colcon_core.package_identification:_identify(src/SurfaceScanner) by extensions ['ignore', 'ignore_ament_install']
[0.337s] Level 1:colcon.colcon_core.package_identification:_identify(src/SurfaceScanner) by extension 'ignore'
[0.337s] Level 1:colcon.colcon_core.package_identification:_identify(src/SurfaceScanner) by extension 'ignore_ament_install'
[0.337s] Level 1:colcon.colcon_core.package_identification:_identify(src/SurfaceScanner) by extensions ['colcon_pkg']
[0.337s] Level 1:colcon.colcon_core.package_identification:_identify(src/SurfaceScanner) by extension 'colcon_pkg'
[0.337s] Level 1:colcon.colcon_core.package_identification:_identify(src/SurfaceScanner) by extensions ['colcon_meta']
[0.337s] Level 1:colcon.colcon_core.package_identification:_identify(src/SurfaceScanner) by extension 'colcon_meta'
[0.337s] Level 1:colcon.colcon_core.package_identification:_identify(src/SurfaceScanner) by extensions ['ros']
[0.337s] Level 1:colcon.colcon_core.package_identification:_identify(src/SurfaceScanner) by extension 'ros'
[0.339s] DEBUG:colcon.colcon_core.package_identification:Package 'src/SurfaceScanner' with type 'ros.ament_cmake' and name 'SurfaceScanner'
[0.340s] Level 1:colcon.colcon_core.package_discovery:discover_packages(recursive) using defaults
[0.340s] Level 1:colcon.colcon_core.package_discovery:discover_packages(ignore) discover
[0.340s] Level 1:colcon.colcon_core.package_discovery:discover_packages(ignore) using defaults
[0.340s] Level 1:colcon.colcon_core.package_discovery:discover_packages(path) discover
[0.340s] Level 1:colcon.colcon_core.package_discovery:discover_packages(path) using defaults
[0.358s] Level 1:colcon.colcon_core.package_discovery:discover_packages(prefix_path) check parameters
[0.358s] Level 1:colcon.colcon_core.package_discovery:discover_packages(prefix_path) discover
[0.361s] DEBUG:colcon.colcon_installed_package_information.package_discovery:Found 1 installed packages in /home/peri/Desktop/Studium/ROS Robotik/SurfaceScanner_ws/install
[0.362s] DEBUG:colcon.colcon_installed_package_information.package_discovery:Found 271 installed packages in /opt/ros/humble
[0.364s] Level 1:colcon.colcon_core.package_discovery:discover_packages(prefix_path) using defaults
[0.415s] Level 5:colcon.colcon_core.verb:set package 'SurfaceScanner' build argument 'cmake_args' from command line to 'None'
[0.415s] Level 5:colcon.colcon_core.verb:set package 'SurfaceScanner' build argument 'cmake_target' from command line to 'None'
[0.415s] Level 5:colcon.colcon_core.verb:set package 'SurfaceScanner' build argument 'cmake_target_skip_unavailable' from command line to 'False'
[0.415s] Level 5:colcon.colcon_core.verb:set package 'SurfaceScanner' build argument 'cmake_clean_cache' from command line to 'False'
[0.415s] Level 5:colcon.colcon_core.verb:set package 'SurfaceScanner' build argument 'cmake_clean_first' from command line to 'False'
[0.415s] Level 5:colcon.colcon_core.verb:set package 'SurfaceScanner' build argument 'cmake_force_configure' from command line to 'False'
[0.415s] Level 5:colcon.colcon_core.verb:set package 'SurfaceScanner' build argument 'ament_cmake_args' from command line to 'None'
[0.415s] Level 5:colcon.colcon_core.verb:set package 'SurfaceScanner' build argument 'catkin_cmake_args' from command line to 'None'
[0.415s] Level 5:colcon.colcon_core.verb:set package 'SurfaceScanner' build argument 'catkin_skip_building_tests' from command line to 'False'
[0.415s] DEBUG:colcon.colcon_core.verb:Building package 'SurfaceScanner' with the following arguments: {'ament_cmake_args': None, 'build_base': '/home/peri/Desktop/Studium/ROS Robotik/SurfaceScanner_ws/build/SurfaceScanner', 'catkin_cmake_args': None, 'catkin_skip_building_tests': False, 'cmake_args': None, 'cmake_clean_cache': False, 'cmake_clean_first': False, 'cmake_force_configure': False, 'cmake_target': None, 'cmake_target_skip_unavailable': False, 'install_base': '/home/peri/Desktop/Studium/ROS Robotik/SurfaceScanner_ws/install/SurfaceScanner', 'merge_install': False, 'path': '/home/peri/Desktop/Studium/ROS Robotik/SurfaceScanner_ws/src/SurfaceScanner', 'symlink_install': False, 'test_result_base': None}
[0.416s] INFO:colcon.colcon_core.executor:Executing jobs using 'parallel' executor
[0.418s] DEBUG:colcon.colcon_parallel_executor.executor.parallel:run_until_complete
[0.419s] INFO:colcon.colcon_ros.task.ament_cmake.build:Building ROS package in '/home/peri/Desktop/Studium/ROS Robotik/SurfaceScanner_ws/src/SurfaceScanner' with build type 'ament_cmake'
[0.419s] INFO:colcon.colcon_cmake.task.cmake.build:Building CMake package in '/home/peri/Desktop/Studium/ROS Robotik/SurfaceScanner_ws/src/SurfaceScanner'
[0.423s] INFO:colcon.colcon_core.plugin_system:Skipping extension 'colcon_core.shell.bat': Not used on non-Windows systems
[0.424s] INFO:colcon.colcon_core.shell:Skip shell extension 'powershell' for command environment: Not usable outside of PowerShell
[0.424s] DEBUG:colcon.colcon_core.shell:Skip shell extension 'dsv' for command environment
[0.432s] DEBUG:colcon.colcon_core.event_handler.log_command:Invoking command in '/home/peri/Desktop/Studium/ROS Robotik/SurfaceScanner_ws/build/SurfaceScanner': CMAKE_PREFIX_PATH=${CMAKE_PREFIX_PATH}:/opt/ros/humble CONDA_PROMPT_MODIFIER=(base) /usr/bin/cmake --build /home/peri/Desktop/Studium/ROS Robotik/SurfaceScanner_ws/build/SurfaceScanner -- -j8 -l8
[3.263s] DEBUG:colcon.colcon_core.event_handler.log_command:Invoked command in '/home/peri/Desktop/Studium/ROS Robotik/SurfaceScanner_ws/build/SurfaceScanner' returned '0': CMAKE_PREFIX_PATH=${CMAKE_PREFIX_PATH}:/opt/ros/humble CONDA_PROMPT_MODIFIER=(base) /usr/bin/cmake --build /home/peri/Desktop/Studium/ROS Robotik/SurfaceScanner_ws/build/SurfaceScanner -- -j8 -l8
[3.284s] DEBUG:colcon.colcon_core.event_handler.log_command:Invoking command in '/home/peri/Desktop/Studium/ROS Robotik/SurfaceScanner_ws/build/SurfaceScanner': CMAKE_PREFIX_PATH=${CMAKE_PREFIX_PATH}:/opt/ros/humble CONDA_PROMPT_MODIFIER=(base) /usr/bin/cmake --install /home/peri/Desktop/Studium/ROS Robotik/SurfaceScanner_ws/build/SurfaceScanner
[3.292s] Level 1:colcon.colcon_core.environment:create_environment_scripts_only(SurfaceScanner)
[3.293s] DEBUG:colcon.colcon_core.event_handler.log_command:Invoked command in '/home/peri/Desktop/Studium/ROS Robotik/SurfaceScanner_ws/build/SurfaceScanner' returned '0': CMAKE_PREFIX_PATH=${CMAKE_PREFIX_PATH}:/opt/ros/humble CONDA_PROMPT_MODIFIER=(base) /usr/bin/cmake --install /home/peri/Desktop/Studium/ROS Robotik/SurfaceScanner_ws/build/SurfaceScanner
[3.298s] Level 1:colcon.colcon_core.environment:checking '/home/peri/Desktop/Studium/ROS Robotik/SurfaceScanner_ws/install/SurfaceScanner' for CMake module files
[3.298s] Level 1:colcon.colcon_core.environment:checking '/home/peri/Desktop/Studium/ROS Robotik/SurfaceScanner_ws/install/SurfaceScanner' for CMake config files
[3.298s] Level 1:colcon.colcon_core.shell:create_environment_hook('SurfaceScanner', 'cmake_prefix_path')
[3.299s] INFO:colcon.colcon_core.shell:Creating environment hook '/home/peri/Desktop/Studium/ROS Robotik/SurfaceScanner_ws/install/SurfaceScanner/share/SurfaceScanner/hook/cmake_prefix_path.ps1'
[3.300s] INFO:colcon.colcon_core.shell:Creating environment descriptor '/home/peri/Desktop/Studium/ROS Robotik/SurfaceScanner_ws/install/SurfaceScanner/share/SurfaceScanner/hook/cmake_prefix_path.dsv'
[3.301s] INFO:colcon.colcon_core.shell:Creating environment hook '/home/peri/Desktop/Studium/ROS Robotik/SurfaceScanner_ws/install/SurfaceScanner/share/SurfaceScanner/hook/cmake_prefix_path.sh'
[3.301s] Level 1:colcon.colcon_core.environment:checking '/home/peri/Desktop/Studium/ROS Robotik/SurfaceScanner_ws/install/SurfaceScanner/bin'
[3.301s] Level 1:colcon.colcon_core.environment:checking '/home/peri/Desktop/Studium/ROS Robotik/SurfaceScanner_ws/install/SurfaceScanner/lib/pkgconfig/SurfaceScanner.pc'
[3.302s] Level 1:colcon.colcon_core.environment:checking '/home/peri/Desktop/Studium/ROS Robotik/SurfaceScanner_ws/install/SurfaceScanner/lib/python3.10/site-packages'
[3.302s] Level 1:colcon.colcon_core.environment:checking '/home/peri/Desktop/Studium/ROS Robotik/SurfaceScanner_ws/install/SurfaceScanner/bin'
[3.303s] INFO:colcon.colcon_core.shell:Creating package script '/home/peri/Desktop/Studium/ROS Robotik/SurfaceScanner_ws/install/SurfaceScanner/share/SurfaceScanner/package.ps1'
[3.304s] INFO:colcon.colcon_core.shell:Creating package descriptor '/home/peri/Desktop/Studium/ROS Robotik/SurfaceScanner_ws/install/SurfaceScanner/share/SurfaceScanner/package.dsv'
[3.304s] INFO:colcon.colcon_core.shell:Creating package script '/home/peri/Desktop/Studium/ROS Robotik/SurfaceScanner_ws/install/SurfaceScanner/share/SurfaceScanner/package.sh'
[3.305s] INFO:colcon.colcon_core.shell:Creating package script '/home/peri/Desktop/Studium/ROS Robotik/SurfaceScanner_ws/install/SurfaceScanner/share/SurfaceScanner/package.bash'
[3.305s] INFO:colcon.colcon_core.shell:Creating package script '/home/peri/Desktop/Studium/ROS Robotik/SurfaceScanner_ws/install/SurfaceScanner/share/SurfaceScanner/package.zsh'
[3.306s] Level 1:colcon.colcon_core.environment:create_file_with_runtime_dependencies(/home/peri/Desktop/Studium/ROS Robotik/SurfaceScanner_ws/install/SurfaceScanner/share/colcon-core/packages/SurfaceScanner)
[3.322s] Level 1:colcon.colcon_core.environment:create_environment_scripts_only(SurfaceScanner)
[3.323s] Level 1:colcon.colcon_core.environment:checking '/home/peri/Desktop/Studium/ROS Robotik/SurfaceScanner_ws/install/SurfaceScanner' for CMake module files
[3.324s] Level 1:colcon.colcon_core.environment:checking '/home/peri/Desktop/Studium/ROS Robotik/SurfaceScanner_ws/install/SurfaceScanner' for CMake config files
[3.324s] Level 1:colcon.colcon_core.shell:create_environment_hook('SurfaceScanner', 'cmake_prefix_path')
[3.325s] INFO:colcon.colcon_core.shell:Creating environment hook '/home/peri/Desktop/Studium/ROS Robotik/SurfaceScanner_ws/install/SurfaceScanner/share/SurfaceScanner/hook/cmake_prefix_path.ps1'
[3.326s] INFO:colcon.colcon_core.shell:Creating environment descriptor '/home/peri/Desktop/Studium/ROS Robotik/SurfaceScanner_ws/install/SurfaceScanner/share/SurfaceScanner/hook/cmake_prefix_path.dsv'
[3.326s] INFO:colcon.colcon_core.shell:Creating environment hook '/home/peri/Desktop/Studium/ROS Robotik/SurfaceScanner_ws/install/SurfaceScanner/share/SurfaceScanner/hook/cmake_prefix_path.sh'
[3.326s] Level 1:colcon.colcon_core.environment:checking '/home/peri/Desktop/Studium/ROS Robotik/SurfaceScanner_ws/install/SurfaceScanner/bin'
[3.326s] Level 1:colcon.colcon_core.environment:checking '/home/peri/Desktop/Studium/ROS Robotik/SurfaceScanner_ws/install/SurfaceScanner/lib/pkgconfig/SurfaceScanner.pc'
[3.327s] Level 1:colcon.colcon_core.environment:checking '/home/peri/Desktop/Studium/ROS Robotik/SurfaceScanner_ws/install/SurfaceScanner/lib/python3.10/site-packages'
[3.327s] Level 1:colcon.colcon_core.environment:checking '/home/peri/Desktop/Studium/ROS Robotik/SurfaceScanner_ws/install/SurfaceScanner/bin'
[3.328s] INFO:colcon.colcon_core.shell:Creating package script '/home/peri/Desktop/Studium/ROS Robotik/SurfaceScanner_ws/install/SurfaceScanner/share/SurfaceScanner/package.ps1'
[3.328s] INFO:colcon.colcon_core.shell:Creating package descriptor '/home/peri/Desktop/Studium/ROS Robotik/SurfaceScanner_ws/install/SurfaceScanner/share/SurfaceScanner/package.dsv'
[3.329s] INFO:colcon.colcon_core.shell:Creating package script '/home/peri/Desktop/Studium/ROS Robotik/SurfaceScanner_ws/install/SurfaceScanner/share/SurfaceScanner/package.sh'
[3.329s] INFO:colcon.colcon_core.shell:Creating package script '/home/peri/Desktop/Studium/ROS Robotik/SurfaceScanner_ws/install/SurfaceScanner/share/SurfaceScanner/package.bash'
[3.329s] INFO:colcon.colcon_core.shell:Creating package script '/home/peri/Desktop/Studium/ROS Robotik/SurfaceScanner_ws/install/SurfaceScanner/share/SurfaceScanner/package.zsh'
[3.329s] Level 1:colcon.colcon_core.environment:create_file_with_runtime_dependencies(/home/peri/Desktop/Studium/ROS Robotik/SurfaceScanner_ws/install/SurfaceScanner/share/colcon-core/packages/SurfaceScanner)
[3.330s] DEBUG:colcon.colcon_parallel_executor.executor.parallel:closing loop
[3.330s] DEBUG:colcon.colcon_parallel_executor.executor.parallel:loop closed
[3.330s] DEBUG:colcon.colcon_parallel_executor.executor.parallel:run_until_complete finished with '0'
[3.330s] DEBUG:colcon.colcon_core.event_reactor:joining thread
[3.335s] INFO:colcon.colcon_core.plugin_system:Skipping extension 'colcon_notification.desktop_notification.terminal_notifier': Not used on non-Darwin systems
[3.335s] INFO:colcon.colcon_core.plugin_system:Skipping extension 'colcon_notification.desktop_notification.win32': Not used on non-Windows systems
[3.335s] INFO:colcon.colcon_notification.desktop_notification:Sending desktop notification using 'notify2'
[3.348s] DEBUG:colcon.colcon_core.event_reactor:joined thread
[3.349s] INFO:colcon.colcon_core.shell:Creating prefix script '/home/peri/Desktop/Studium/ROS Robotik/SurfaceScanner_ws/install/local_setup.ps1'
[3.350s] INFO:colcon.colcon_core.shell:Creating prefix util module '/home/peri/Desktop/Studium/ROS Robotik/SurfaceScanner_ws/install/_local_setup_util_ps1.py'
[3.351s] INFO:colcon.colcon_core.shell:Creating prefix chain script '/home/peri/Desktop/Studium/ROS Robotik/SurfaceScanner_ws/install/setup.ps1'
[3.352s] INFO:colcon.colcon_core.shell:Creating prefix script '/home/peri/Desktop/Studium/ROS Robotik/SurfaceScanner_ws/install/local_setup.sh'
[3.353s] INFO:colcon.colcon_core.shell:Creating prefix util module '/home/peri/Desktop/Studium/ROS Robotik/SurfaceScanner_ws/install/_local_setup_util_sh.py'
[3.353s] INFO:colcon.colcon_core.shell:Creating prefix chain script '/home/peri/Desktop/Studium/ROS Robotik/SurfaceScanner_ws/install/setup.sh'
[3.355s] INFO:colcon.colcon_core.shell:Creating prefix script '/home/peri/Desktop/Studium/ROS Robotik/SurfaceScanner_ws/install/local_setup.bash'
[3.356s] INFO:colcon.colcon_core.shell:Creating prefix chain script '/home/peri/Desktop/Studium/ROS Robotik/SurfaceScanner_ws/install/setup.bash'
[3.357s] INFO:colcon.colcon_core.shell:Creating prefix script '/home/peri/Desktop/Studium/ROS Robotik/SurfaceScanner_ws/install/local_setup.zsh'
[3.358s] INFO:colcon.colcon_core.shell:Creating prefix chain script '/home/peri/Desktop/Studium/ROS Robotik/SurfaceScanner_ws/install/setup.zsh'
