[0.012s] Invoking command in '/home/peri/Desktop/Studium/ROS Robotik/SurfaceScanner_ws/build/interfaces': CMAKE_PREFIX_PATH=${CMAKE_PREFIX_PATH}:/opt/ros/humble CONDA_PROMPT_MODIFIER=(base) /usr/bin/cmake --build /home/peri/Desktop/Studium/ROS Robotik/SurfaceScanner_ws/build/interfaces -- -j8 -l8
[0.052s] -- Found ament_cmake: 1.3.4 (/opt/ros/humble/share/ament_cmake/cmake)
[0.188s] -- Found rosidl_default_generators: 1.2.0 (/opt/ros/humble/share/rosidl_default_generators/cmake)
[0.190s] -- Using all available rosidl_typesupport_c: rosidl_typesupport_fastrtps_c;rosidl_typesupport_introspection_c
[0.193s] -- Found rosidl_adapter: 3.1.4 (/opt/ros/humble/share/rosidl_adapter/cmake)
[0.223s] -- Using all available rosidl_typesupport_cpp: rosidl_typesupport_fastrtps_cpp;rosidl_typesupport_introspection_cpp
[0.249s] -- Found sensor_msgs: 4.2.3 (/opt/ros/humble/share/sensor_msgs/cmake)
[0.447s] -- Found ament_lint_auto: 0.12.6 (/opt/ros/humble/share/ament_lint_auto/cmake)
[0.715s] -- Found ament_cmake_ros: 0.10.0 (/opt/ros/humble/share/ament_cmake_ros/cmake)
[0.943s] -- Using all available rosidl_typesupport_c: rosidl_typesupport_fastrtps_c;rosidl_typesupport_introspection_c
[1.241s] -- Using all available rosidl_typesupport_cpp: rosidl_typesupport_fastrtps_cpp;rosidl_typesupport_introspection_cpp
[1.260s] -- Found python_cmake_module: 0.10.0 (/opt/ros/humble/share/python_cmake_module/cmake)
[1.281s] -- Using PYTHON_EXECUTABLE: /home/peri/anaconda3/bin/python3
[1.281s] -- Using PYTHON_INCLUDE_DIRS: /home/peri/anaconda3/include/python3.10
[1.281s] -- Using PYTHON_LIBRARIES: /home/peri/anaconda3/lib/libpython3.10.so
[1.473s] -- Using numpy include directory: /home/peri/anaconda3/lib/python3.10/site-packages/numpy/core/include
[1.488s] -- Added test 'copyright' to check source files copyright and LICENSE
[1.490s] -- Added test 'lint_cmake' to check CMake code style
[1.491s] -- Added test 'xmllint' to check XML markup files
[1.495s] -- Configuring done
[1.520s] [33mCMake Warning at /opt/ros/humble/share/rosidl_generator_py/cmake/rosidl_generator_py_generate_interfaces.cmake:166 (add_library):
[1.520s]   Cannot generate a safe runtime search path for target
[1.520s]   interfaces__rosidl_generator_py because files in some directories may
[1.520s]   conflict with libraries in implicit directories:
[1.520s] 
[1.520s]     runtime library [libpython3.10.so.1.0] in /usr/lib/x86_64-linux-gnu may be hidden by files in:
[1.520s]       /home/peri/anaconda3/lib
[1.520s] 
[1.520s]   Some of these libraries may not be found correctly.
[1.520s] Call Stack (most recent call first):
[1.520s]   /opt/ros/humble/share/ament_cmake_core/cmake/core/ament_execute_extensions.cmake:48 (include)
[1.520s]   /opt/ros/humble/share/rosidl_cmake/cmake/rosidl_generate_interfaces.cmake:286 (ament_execute_extensions)
[1.520s]   CMakeLists.txt:24 (rosidl_generate_interfaces)
[1.520s] 
[1.520s] [0m
[1.522s] [33mCMake Warning at /opt/ros/humble/share/rosidl_generator_py/cmake/rosidl_generator_py_generate_interfaces.cmake:226 (add_library):
[1.522s]   Cannot generate a safe runtime search path for target
[1.522s]   interfaces__rosidl_typesupport_fastrtps_c__pyext because files in some
[1.522s]   directories may conflict with libraries in implicit directories:
[1.522s] 
[1.523s]     runtime library [libpython3.10.so.1.0] in /usr/lib/x86_64-linux-gnu may be hidden by files in:
[1.523s]       /home/peri/anaconda3/lib
[1.523s] 
[1.523s]   Some of these libraries may not be found correctly.
[1.523s] Call Stack (most recent call first):
[1.523s]   /opt/ros/humble/share/ament_cmake_core/cmake/core/ament_execute_extensions.cmake:48 (include)
[1.523s]   /opt/ros/humble/share/rosidl_cmake/cmake/rosidl_generate_interfaces.cmake:286 (ament_execute_extensions)
[1.523s]   CMakeLists.txt:24 (rosidl_generate_interfaces)
[1.523s] 
[1.523s] [0m
[1.524s] [33mCMake Warning at /opt/ros/humble/share/rosidl_generator_py/cmake/rosidl_generator_py_generate_interfaces.cmake:226 (add_library):
[1.524s]   Cannot generate a safe runtime search path for target
[1.524s]   interfaces__rosidl_typesupport_introspection_c__pyext because files in some
[1.525s]   directories may conflict with libraries in implicit directories:
[1.525s] 
[1.525s]     runtime library [libpython3.10.so.1.0] in /usr/lib/x86_64-linux-gnu may be hidden by files in:
[1.525s]       /home/peri/anaconda3/lib
[1.525s] 
[1.525s]   Some of these libraries may not be found correctly.
[1.525s] Call Stack (most recent call first):
[1.525s]   /opt/ros/humble/share/ament_cmake_core/cmake/core/ament_execute_extensions.cmake:48 (include)
[1.525s]   /opt/ros/humble/share/rosidl_cmake/cmake/rosidl_generate_interfaces.cmake:286 (ament_execute_extensions)
[1.525s]   CMakeLists.txt:24 (rosidl_generate_interfaces)
[1.525s] 
[1.525s] [0m
[1.527s] [33mCMake Warning at /opt/ros/humble/share/rosidl_generator_py/cmake/rosidl_generator_py_generate_interfaces.cmake:226 (add_library):
[1.527s]   Cannot generate a safe runtime search path for target
[1.527s]   interfaces__rosidl_typesupport_c__pyext because files in some directories
[1.527s]   may conflict with libraries in implicit directories:
[1.527s] 
[1.527s]     runtime library [libpython3.10.so.1.0] in /usr/lib/x86_64-linux-gnu may be hidden by files in:
[1.527s]       /home/peri/anaconda3/lib
[1.527s] 
[1.527s]   Some of these libraries may not be found correctly.
[1.527s] Call Stack (most recent call first):
[1.527s]   /opt/ros/humble/share/ament_cmake_core/cmake/core/ament_execute_extensions.cmake:48 (include)
[1.527s]   /opt/ros/humble/share/rosidl_cmake/cmake/rosidl_generate_interfaces.cmake:286 (ament_execute_extensions)
[1.527s]   CMakeLists.txt:24 (rosidl_generate_interfaces)
[1.527s] 
[1.527s] [0m
[1.531s] -- Generating done
[1.534s] -- Build files have been written to: /home/peri/Desktop/Studium/ROS Robotik/SurfaceScanner_ws/build/interfaces
[1.552s] [35m[1mConsolidate compiler generated dependencies of target interfaces__rosidl_generator_c[0m
[1.562s] [  2%] Built target interfaces__cpp
[1.562s] [  4%] [32mBuilding C object CMakeFiles/interfaces__rosidl_generator_c.dir/rosidl_generator_c/interfaces/msg/detail/camera_calibration_imgs__functions.c.o[0m
[1.562s] [  6%] [32mBuilding C object CMakeFiles/interfaces__rosidl_generator_c.dir/rosidl_generator_c/interfaces/msg/detail/image_pair__functions.c.o[0m
[1.565s] [  8%] [32mBuilding C object CMakeFiles/interfaces__rosidl_generator_c.dir/rosidl_generator_c/interfaces/srv/detail/calibrate_laser_import__functions.c.o[0m
[1.570s] [  8%] Built target ament_cmake_python_copy_interfaces
[1.573s] [35m[1mConsolidate compiler generated dependencies of target interfaces__rosidl_typesupport_cpp[0m
[1.574s] [35m[1mConsolidate compiler generated dependencies of target interfaces__rosidl_typesupport_introspection_cpp[0m
[1.574s] [35m[1mConsolidate compiler generated dependencies of target interfaces__rosidl_typesupport_fastrtps_cpp[0m
[1.588s] [ 12%] [32mBuilding CXX object CMakeFiles/interfaces__rosidl_typesupport_cpp.dir/rosidl_typesupport_cpp/interfaces/msg/image_pair__type_support.cpp.o[0m
[1.588s] [ 12%] [32mBuilding CXX object CMakeFiles/interfaces__rosidl_typesupport_cpp.dir/rosidl_typesupport_cpp/interfaces/msg/camera_calibration_imgs__type_support.cpp.o[0m
[1.593s] [ 17%] [32mBuilding CXX object CMakeFiles/interfaces__rosidl_typesupport_introspection_cpp.dir/rosidl_typesupport_introspection_cpp/interfaces/msg/detail/camera_calibration_imgs__type_support.cpp.o[0m
[1.593s] [ 17%] [32mBuilding CXX object CMakeFiles/interfaces__rosidl_typesupport_fastrtps_cpp.dir/rosidl_typesupport_fastrtps_cpp/interfaces/msg/detail/dds_fastrtps/camera_calibration_imgs__type_support.cpp.o[0m
[1.654s] [ 21%] [32mBuilding CXX object CMakeFiles/interfaces__rosidl_typesupport_cpp.dir/rosidl_typesupport_cpp/interfaces/srv/calibrate_laser_import__type_support.cpp.o[0m
[1.654s] [ 21%] [32mBuilding CXX object CMakeFiles/interfaces__rosidl_typesupport_fastrtps_cpp.dir/rosidl_typesupport_fastrtps_cpp/interfaces/msg/detail/dds_fastrtps/image_pair__type_support.cpp.o[0m
[1.668s] [ 23%] [32m[1mLinking C shared library libinterfaces__rosidl_generator_c.so[0m
[1.733s] [ 25%] Built target interfaces__rosidl_generator_c
[1.744s] [ 27%] [32mBuilding CXX object CMakeFiles/interfaces__rosidl_typesupport_fastrtps_cpp.dir/rosidl_typesupport_fastrtps_cpp/interfaces/srv/detail/dds_fastrtps/calibrate_laser_import__type_support.cpp.o[0m
[2.059s] [ 29%] [32mBuilding CXX object CMakeFiles/interfaces__rosidl_typesupport_introspection_cpp.dir/rosidl_typesupport_introspection_cpp/interfaces/msg/detail/image_pair__type_support.cpp.o[0m
[2.062s] [35m[1mConsolidate compiler generated dependencies of target interfaces__rosidl_typesupport_fastrtps_c[0m
[2.083s] [ 31%] [32mBuilding CXX object CMakeFiles/interfaces__rosidl_typesupport_fastrtps_c.dir/rosidl_typesupport_fastrtps_c/interfaces/msg/detail/camera_calibration_imgs__type_support_c.cpp.o[0m
[2.145s] [ 34%] [32m[1mLinking CXX shared library libinterfaces__rosidl_typesupport_cpp.so[0m
[2.210s] [ 36%] Built target interfaces__rosidl_typesupport_cpp
[2.226s] [35m[1mConsolidate compiler generated dependencies of target interfaces__rosidl_typesupport_introspection_c[0m
[2.242s] [ 38%] [32mBuilding C object CMakeFiles/interfaces__rosidl_typesupport_introspection_c.dir/rosidl_typesupport_introspection_c/interfaces/msg/detail/camera_calibration_imgs__type_support.c.o[0m
[2.302s] [ 40%] [32mBuilding C object CMakeFiles/interfaces__rosidl_typesupport_introspection_c.dir/rosidl_typesupport_introspection_c/interfaces/msg/detail/image_pair__type_support.c.o[0m
[2.345s] [35m[1mConsolidate compiler generated dependencies of target interfaces__rosidl_typesupport_c[0m
[2.354s] [ 42%] [32mBuilding C object CMakeFiles/interfaces__rosidl_typesupport_introspection_c.dir/rosidl_typesupport_introspection_c/interfaces/srv/detail/calibrate_laser_import__type_support.c.o[0m
[2.362s] running egg_info
[2.365s] [ 44%] [32mBuilding CXX object CMakeFiles/interfaces__rosidl_typesupport_c.dir/rosidl_typesupport_c/interfaces/msg/camera_calibration_imgs__type_support.cpp.o[0m
[2.376s] [ 46%] [32mBuilding CXX object CMakeFiles/interfaces__rosidl_typesupport_c.dir/rosidl_typesupport_c/interfaces/msg/image_pair__type_support.cpp.o[0m
[2.405s] writing interfaces.egg-info/PKG-INFO
[2.405s] writing dependency_links to interfaces.egg-info/dependency_links.txt
[2.405s] writing top-level names to interfaces.egg-info/top_level.txt
[2.410s] [ 48%] [32mBuilding CXX object CMakeFiles/interfaces__rosidl_typesupport_introspection_cpp.dir/rosidl_typesupport_introspection_cpp/interfaces/srv/detail/calibrate_laser_import__type_support.cpp.o[0m
[2.412s] [ 51%] [32mBuilding CXX object CMakeFiles/interfaces__rosidl_typesupport_c.dir/rosidl_typesupport_c/interfaces/srv/calibrate_laser_import__type_support.cpp.o[0m
[2.415s] [ 53%] [32m[1mLinking C shared library libinterfaces__rosidl_typesupport_introspection_c.so[0m
[2.444s] [ 55%] [32mBuilding CXX object CMakeFiles/interfaces__rosidl_typesupport_fastrtps_c.dir/rosidl_typesupport_fastrtps_c/interfaces/msg/detail/image_pair__type_support_c.cpp.o[0m
[2.461s] [ 57%] [32m[1mLinking CXX shared library libinterfaces__rosidl_typesupport_c.so[0m
[2.465s] [ 59%] Built target interfaces__rosidl_typesupport_introspection_c
[2.476s] [ 61%] [32mBuilding CXX object CMakeFiles/interfaces__rosidl_typesupport_fastrtps_c.dir/rosidl_typesupport_fastrtps_c/interfaces/srv/detail/calibrate_laser_import__type_support_c.cpp.o[0m
[2.482s] [ 63%] [32m[1mLinking CXX shared library libinterfaces__rosidl_typesupport_fastrtps_cpp.so[0m
[2.521s] reading manifest file 'interfaces.egg-info/SOURCES.txt'
[2.522s] writing manifest file 'interfaces.egg-info/SOURCES.txt'
[2.534s] [ 65%] Built target interfaces__rosidl_typesupport_c
[2.608s] [ 65%] Built target ament_cmake_python_build_interfaces_egg
[2.637s] [ 68%] Built target interfaces__rosidl_typesupport_fastrtps_cpp
[2.875s] [ 70%] [32m[1mLinking CXX shared library libinterfaces__rosidl_typesupport_introspection_cpp.so[0m
[2.885s] [ 72%] [32m[1mLinking CXX shared library libinterfaces__rosidl_typesupport_fastrtps_c.so[0m
[2.955s] [ 74%] Built target interfaces__rosidl_typesupport_introspection_cpp
[2.965s] [ 76%] Built target interfaces__rosidl_typesupport_fastrtps_c
[2.983s] [ 76%] Built target interfaces
[3.001s] [ 78%] Built target interfaces__py
[3.011s] [35m[1mConsolidate compiler generated dependencies of target interfaces__rosidl_generator_py[0m
[3.026s] [ 82%] [32mBuilding C object CMakeFiles/interfaces__rosidl_generator_py.dir/rosidl_generator_py/interfaces/msg/_image_pair_s.c.o[0m
[3.026s] [ 82%] [32mBuilding C object CMakeFiles/interfaces__rosidl_generator_py.dir/rosidl_generator_py/interfaces/srv/_calibrate_laser_import_s.c.o[0m
[3.027s] [ 85%] [32mBuilding C object CMakeFiles/interfaces__rosidl_generator_py.dir/rosidl_generator_py/interfaces/msg/_camera_calibration_imgs_s.c.o[0m
[3.135s] [ 87%] [32m[1mLinking C shared library rosidl_generator_py/interfaces/libinterfaces__rosidl_generator_py.so[0m
[3.170s] [ 87%] Built target interfaces__rosidl_generator_py
[3.178s] [35m[1mConsolidate compiler generated dependencies of target interfaces__rosidl_typesupport_introspection_c__pyext[0m
[3.178s] [35m[1mConsolidate compiler generated dependencies of target interfaces__rosidl_typesupport_fastrtps_c__pyext[0m
[3.178s] [35m[1mConsolidate compiler generated dependencies of target interfaces__rosidl_typesupport_c__pyext[0m
[3.188s] [ 93%] [32mBuilding C object CMakeFiles/interfaces__rosidl_typesupport_introspection_c__pyext.dir/rosidl_generator_py/interfaces/_interfaces_s.ep.rosidl_typesupport_introspection_c.c.o[0m
[3.188s] [ 93%] [32mBuilding C object CMakeFiles/interfaces__rosidl_typesupport_fastrtps_c__pyext.dir/rosidl_generator_py/interfaces/_interfaces_s.ep.rosidl_typesupport_fastrtps_c.c.o[0m
[3.188s] [ 93%] [32mBuilding C object CMakeFiles/interfaces__rosidl_typesupport_c__pyext.dir/rosidl_generator_py/interfaces/_interfaces_s.ep.rosidl_typesupport_c.c.o[0m
[3.282s] [100%] [32m[1mLinking C shared library rosidl_generator_py/interfaces/interfaces_s__rosidl_typesupport_introspection_c.cpython-310-x86_64-linux-gnu.so[0m
[3.282s] [100%] [32m[1mLinking C shared library rosidl_generator_py/interfaces/interfaces_s__rosidl_typesupport_fastrtps_c.cpython-310-x86_64-linux-gnu.so[0m
[3.282s] [100%] [32m[1mLinking C shared library rosidl_generator_py/interfaces/interfaces_s__rosidl_typesupport_c.cpython-310-x86_64-linux-gnu.so[0m
[3.316s] [100%] Built target interfaces__rosidl_typesupport_c__pyext
[3.316s] [100%] Built target interfaces__rosidl_typesupport_fastrtps_c__pyext
[3.316s] [100%] Built target interfaces__rosidl_typesupport_introspection_c__pyext
[3.325s] Invoked command in '/home/peri/Desktop/Studium/ROS Robotik/SurfaceScanner_ws/build/interfaces' returned '0': CMAKE_PREFIX_PATH=${CMAKE_PREFIX_PATH}:/opt/ros/humble CONDA_PROMPT_MODIFIER=(base) /usr/bin/cmake --build /home/peri/Desktop/Studium/ROS Robotik/SurfaceScanner_ws/build/interfaces -- -j8 -l8
[3.381s] Invoking command in '/home/peri/Desktop/Studium/ROS Robotik/SurfaceScanner_ws/build/interfaces': CMAKE_PREFIX_PATH=${CMAKE_PREFIX_PATH}:/opt/ros/humble CONDA_PROMPT_MODIFIER=(base) /usr/bin/cmake --install /home/peri/Desktop/Studium/ROS Robotik/SurfaceScanner_ws/build/interfaces
[3.386s] -- Install configuration: ""
[3.386s] -- Up-to-date: /home/peri/Desktop/Studium/ROS Robotik/SurfaceScanner_ws/install/interfaces/share/ament_index/resource_index/rosidl_interfaces/interfaces
[3.387s] -- Up-to-date: /home/peri/Desktop/Studium/ROS Robotik/SurfaceScanner_ws/install/interfaces/include/interfaces/interfaces
[3.387s] -- Up-to-date: /home/peri/Desktop/Studium/ROS Robotik/SurfaceScanner_ws/install/interfaces/include/interfaces/interfaces/srv
[3.387s] -- Up-to-date: /home/peri/Desktop/Studium/ROS Robotik/SurfaceScanner_ws/install/interfaces/include/interfaces/interfaces/srv/detail
[3.387s] -- Up-to-date: /home/peri/Desktop/Studium/ROS Robotik/SurfaceScanner_ws/install/interfaces/include/interfaces/interfaces/srv/detail/calibrate_laser_import__functions.h
[3.387s] -- Up-to-date: /home/peri/Desktop/Studium/ROS Robotik/SurfaceScanner_ws/install/interfaces/include/interfaces/interfaces/srv/detail/calibrate_laser_import__type_support.h
[3.387s] -- Up-to-date: /home/peri/Desktop/Studium/ROS Robotik/SurfaceScanner_ws/install/interfaces/include/interfaces/interfaces/srv/detail/calibrate_laser_import__functions.c
[3.387s] -- Up-to-date: /home/peri/Desktop/Studium/ROS Robotik/SurfaceScanner_ws/install/interfaces/include/interfaces/interfaces/srv/detail/calibrate_laser_import__struct.h
[3.387s] -- Up-to-date: /home/peri/Desktop/Studium/ROS Robotik/SurfaceScanner_ws/install/interfaces/include/interfaces/interfaces/srv/calibrate_laser_import.h
[3.387s] -- Up-to-date: /home/peri/Desktop/Studium/ROS Robotik/SurfaceScanner_ws/install/interfaces/include/interfaces/interfaces/msg
[3.387s] -- Up-to-date: /home/peri/Desktop/Studium/ROS Robotik/SurfaceScanner_ws/install/interfaces/include/interfaces/interfaces/msg/image_pair.h
[3.387s] -- Up-to-date: /home/peri/Desktop/Studium/ROS Robotik/SurfaceScanner_ws/install/interfaces/include/interfaces/interfaces/msg/rosidl_generator_c__visibility_control.h
[3.387s] -- Up-to-date: /home/peri/Desktop/Studium/ROS Robotik/SurfaceScanner_ws/install/interfaces/include/interfaces/interfaces/msg/detail
[3.387s] -- Up-to-date: /home/peri/Desktop/Studium/ROS Robotik/SurfaceScanner_ws/install/interfaces/include/interfaces/interfaces/msg/detail/camera_calibration_imgs__functions.c
[3.387s] -- Up-to-date: /home/peri/Desktop/Studium/ROS Robotik/SurfaceScanner_ws/install/interfaces/include/interfaces/interfaces/msg/detail/image_pair__struct.h
[3.388s] -- Up-to-date: /home/peri/Desktop/Studium/ROS Robotik/SurfaceScanner_ws/install/interfaces/include/interfaces/interfaces/msg/detail/camera_calibration_imgs__struct.h
[3.388s] -- Up-to-date: /home/peri/Desktop/Studium/ROS Robotik/SurfaceScanner_ws/install/interfaces/include/interfaces/interfaces/msg/detail/image_pair__functions.h
[3.388s] -- Up-to-date: /home/peri/Desktop/Studium/ROS Robotik/SurfaceScanner_ws/install/interfaces/include/interfaces/interfaces/msg/detail/camera_calibration_imgs__functions.h
[3.388s] -- Up-to-date: /home/peri/Desktop/Studium/ROS Robotik/SurfaceScanner_ws/install/interfaces/include/interfaces/interfaces/msg/detail/camera_calibration_imgs__type_support.h
[3.388s] -- Up-to-date: /home/peri/Desktop/Studium/ROS Robotik/SurfaceScanner_ws/install/interfaces/include/interfaces/interfaces/msg/detail/image_pair__functions.c
[3.388s] -- Up-to-date: /home/peri/Desktop/Studium/ROS Robotik/SurfaceScanner_ws/install/interfaces/include/interfaces/interfaces/msg/detail/image_pair__type_support.h
[3.388s] -- Up-to-date: /home/peri/Desktop/Studium/ROS Robotik/SurfaceScanner_ws/install/interfaces/include/interfaces/interfaces/msg/camera_calibration_imgs.h
[3.388s] -- Installing: /home/peri/Desktop/Studium/ROS Robotik/SurfaceScanner_ws/install/interfaces/share/interfaces/environment/library_path.sh
[3.388s] -- Installing: /home/peri/Desktop/Studium/ROS Robotik/SurfaceScanner_ws/install/interfaces/share/interfaces/environment/library_path.dsv
[3.388s] -- Installing: /home/peri/Desktop/Studium/ROS Robotik/SurfaceScanner_ws/install/interfaces/lib/libinterfaces__rosidl_generator_c.so
[3.388s] -- Set runtime path of "/home/peri/Desktop/Studium/ROS Robotik/SurfaceScanner_ws/install/interfaces/lib/libinterfaces__rosidl_generator_c.so" to ""
[3.388s] -- Up-to-date: /home/peri/Desktop/Studium/ROS Robotik/SurfaceScanner_ws/install/interfaces/include/interfaces/interfaces
[3.388s] -- Up-to-date: /home/peri/Desktop/Studium/ROS Robotik/SurfaceScanner_ws/install/interfaces/include/interfaces/interfaces/srv
[3.388s] -- Up-to-date: /home/peri/Desktop/Studium/ROS Robotik/SurfaceScanner_ws/install/interfaces/include/interfaces/interfaces/srv/detail
[3.388s] -- Up-to-date: /home/peri/Desktop/Studium/ROS Robotik/SurfaceScanner_ws/install/interfaces/include/interfaces/interfaces/srv/detail/calibrate_laser_import__rosidl_typesupport_fastrtps_c.h
[3.389s] -- Up-to-date: /home/peri/Desktop/Studium/ROS Robotik/SurfaceScanner_ws/install/interfaces/include/interfaces/interfaces/msg
[3.389s] -- Up-to-date: /home/peri/Desktop/Studium/ROS Robotik/SurfaceScanner_ws/install/interfaces/include/interfaces/interfaces/msg/rosidl_typesupport_fastrtps_c__visibility_control.h
[3.389s] -- Up-to-date: /home/peri/Desktop/Studium/ROS Robotik/SurfaceScanner_ws/install/interfaces/include/interfaces/interfaces/msg/detail
[3.389s] -- Up-to-date: /home/peri/Desktop/Studium/ROS Robotik/SurfaceScanner_ws/install/interfaces/include/interfaces/interfaces/msg/detail/camera_calibration_imgs__rosidl_typesupport_fastrtps_c.h
[3.389s] -- Up-to-date: /home/peri/Desktop/Studium/ROS Robotik/SurfaceScanner_ws/install/interfaces/include/interfaces/interfaces/msg/detail/image_pair__rosidl_typesupport_fastrtps_c.h
[3.389s] -- Installing: /home/peri/Desktop/Studium/ROS Robotik/SurfaceScanner_ws/install/interfaces/lib/libinterfaces__rosidl_typesupport_fastrtps_c.so
[3.389s] -- Set runtime path of "/home/peri/Desktop/Studium/ROS Robotik/SurfaceScanner_ws/install/interfaces/lib/libinterfaces__rosidl_typesupport_fastrtps_c.so" to ""
[3.389s] -- Up-to-date: /home/peri/Desktop/Studium/ROS Robotik/SurfaceScanner_ws/install/interfaces/include/interfaces/interfaces
[3.389s] -- Up-to-date: /home/peri/Desktop/Studium/ROS Robotik/SurfaceScanner_ws/install/interfaces/include/interfaces/interfaces/srv
[3.389s] -- Up-to-date: /home/peri/Desktop/Studium/ROS Robotik/SurfaceScanner_ws/install/interfaces/include/interfaces/interfaces/srv/detail
[3.389s] -- Up-to-date: /home/peri/Desktop/Studium/ROS Robotik/SurfaceScanner_ws/install/interfaces/include/interfaces/interfaces/srv/detail/calibrate_laser_import__type_support.c
[3.389s] -- Up-to-date: /home/peri/Desktop/Studium/ROS Robotik/SurfaceScanner_ws/install/interfaces/include/interfaces/interfaces/srv/detail/calibrate_laser_import__rosidl_typesupport_introspection_c.h
[3.389s] -- Up-to-date: /home/peri/Desktop/Studium/ROS Robotik/SurfaceScanner_ws/install/interfaces/include/interfaces/interfaces/msg
[3.389s] -- Up-to-date: /home/peri/Desktop/Studium/ROS Robotik/SurfaceScanner_ws/install/interfaces/include/interfaces/interfaces/msg/rosidl_typesupport_introspection_c__visibility_control.h
[3.390s] -- Up-to-date: /home/peri/Desktop/Studium/ROS Robotik/SurfaceScanner_ws/install/interfaces/include/interfaces/interfaces/msg/detail
[3.390s] -- Up-to-date: /home/peri/Desktop/Studium/ROS Robotik/SurfaceScanner_ws/install/interfaces/include/interfaces/interfaces/msg/detail/camera_calibration_imgs__type_support.c
[3.390s] -- Up-to-date: /home/peri/Desktop/Studium/ROS Robotik/SurfaceScanner_ws/install/interfaces/include/interfaces/interfaces/msg/detail/image_pair__type_support.c
[3.390s] -- Up-to-date: /home/peri/Desktop/Studium/ROS Robotik/SurfaceScanner_ws/install/interfaces/include/interfaces/interfaces/msg/detail/image_pair__rosidl_typesupport_introspection_c.h
[3.390s] -- Up-to-date: /home/peri/Desktop/Studium/ROS Robotik/SurfaceScanner_ws/install/interfaces/include/interfaces/interfaces/msg/detail/camera_calibration_imgs__rosidl_typesupport_introspection_c.h
[3.390s] -- Installing: /home/peri/Desktop/Studium/ROS Robotik/SurfaceScanner_ws/install/interfaces/lib/libinterfaces__rosidl_typesupport_introspection_c.so
[3.390s] -- Set runtime path of "/home/peri/Desktop/Studium/ROS Robotik/SurfaceScanner_ws/install/interfaces/lib/libinterfaces__rosidl_typesupport_introspection_c.so" to ""
[3.390s] -- Installing: /home/peri/Desktop/Studium/ROS Robotik/SurfaceScanner_ws/install/interfaces/lib/libinterfaces__rosidl_typesupport_c.so
[3.390s] -- Set runtime path of "/home/peri/Desktop/Studium/ROS Robotik/SurfaceScanner_ws/install/interfaces/lib/libinterfaces__rosidl_typesupport_c.so" to ""
[3.390s] -- Up-to-date: /home/peri/Desktop/Studium/ROS Robotik/SurfaceScanner_ws/install/interfaces/include/interfaces/interfaces
[3.390s] -- Up-to-date: /home/peri/Desktop/Studium/ROS Robotik/SurfaceScanner_ws/install/interfaces/include/interfaces/interfaces/srv
[3.390s] -- Up-to-date: /home/peri/Desktop/Studium/ROS Robotik/SurfaceScanner_ws/install/interfaces/include/interfaces/interfaces/srv/detail
[3.390s] -- Up-to-date: /home/peri/Desktop/Studium/ROS Robotik/SurfaceScanner_ws/install/interfaces/include/interfaces/interfaces/srv/detail/calibrate_laser_import__traits.hpp
[3.391s] -- Up-to-date: /home/peri/Desktop/Studium/ROS Robotik/SurfaceScanner_ws/install/interfaces/include/interfaces/interfaces/srv/detail/calibrate_laser_import__builder.hpp
[3.391s] -- Up-to-date: /home/peri/Desktop/Studium/ROS Robotik/SurfaceScanner_ws/install/interfaces/include/interfaces/interfaces/srv/detail/calibrate_laser_import__struct.hpp
[3.391s] -- Up-to-date: /home/peri/Desktop/Studium/ROS Robotik/SurfaceScanner_ws/install/interfaces/include/interfaces/interfaces/srv/calibrate_laser_import.hpp
[3.391s] -- Up-to-date: /home/peri/Desktop/Studium/ROS Robotik/SurfaceScanner_ws/install/interfaces/include/interfaces/interfaces/msg
[3.391s] -- Up-to-date: /home/peri/Desktop/Studium/ROS Robotik/SurfaceScanner_ws/install/interfaces/include/interfaces/interfaces/msg/image_pair.hpp
[3.391s] -- Up-to-date: /home/peri/Desktop/Studium/ROS Robotik/SurfaceScanner_ws/install/interfaces/include/interfaces/interfaces/msg/detail
[3.391s] -- Up-to-date: /home/peri/Desktop/Studium/ROS Robotik/SurfaceScanner_ws/install/interfaces/include/interfaces/interfaces/msg/detail/camera_calibration_imgs__builder.hpp
[3.391s] -- Up-to-date: /home/peri/Desktop/Studium/ROS Robotik/SurfaceScanner_ws/install/interfaces/include/interfaces/interfaces/msg/detail/camera_calibration_imgs__struct.hpp
[3.391s] -- Up-to-date: /home/peri/Desktop/Studium/ROS Robotik/SurfaceScanner_ws/install/interfaces/include/interfaces/interfaces/msg/detail/camera_calibration_imgs__traits.hpp
[3.391s] -- Up-to-date: /home/peri/Desktop/Studium/ROS Robotik/SurfaceScanner_ws/install/interfaces/include/interfaces/interfaces/msg/detail/image_pair__builder.hpp
[3.391s] -- Up-to-date: /home/peri/Desktop/Studium/ROS Robotik/SurfaceScanner_ws/install/interfaces/include/interfaces/interfaces/msg/detail/image_pair__traits.hpp
[3.391s] -- Up-to-date: /home/peri/Desktop/Studium/ROS Robotik/SurfaceScanner_ws/install/interfaces/include/interfaces/interfaces/msg/detail/image_pair__struct.hpp
[3.391s] -- Up-to-date: /home/peri/Desktop/Studium/ROS Robotik/SurfaceScanner_ws/install/interfaces/include/interfaces/interfaces/msg/camera_calibration_imgs.hpp
[3.392s] -- Up-to-date: /home/peri/Desktop/Studium/ROS Robotik/SurfaceScanner_ws/install/interfaces/include/interfaces/interfaces
[3.392s] -- Up-to-date: /home/peri/Desktop/Studium/ROS Robotik/SurfaceScanner_ws/install/interfaces/include/interfaces/interfaces/srv
[3.392s] -- Up-to-date: /home/peri/Desktop/Studium/ROS Robotik/SurfaceScanner_ws/install/interfaces/include/interfaces/interfaces/srv/detail
[3.392s] -- Up-to-date: /home/peri/Desktop/Studium/ROS Robotik/SurfaceScanner_ws/install/interfaces/include/interfaces/interfaces/srv/detail/dds_fastrtps
[3.392s] -- Up-to-date: /home/peri/Desktop/Studium/ROS Robotik/SurfaceScanner_ws/install/interfaces/include/interfaces/interfaces/srv/detail/calibrate_laser_import__rosidl_typesupport_fastrtps_cpp.hpp
[3.392s] -- Up-to-date: /home/peri/Desktop/Studium/ROS Robotik/SurfaceScanner_ws/install/interfaces/include/interfaces/interfaces/msg
[3.392s] -- Up-to-date: /home/peri/Desktop/Studium/ROS Robotik/SurfaceScanner_ws/install/interfaces/include/interfaces/interfaces/msg/rosidl_typesupport_fastrtps_cpp__visibility_control.h
[3.392s] -- Up-to-date: /home/peri/Desktop/Studium/ROS Robotik/SurfaceScanner_ws/install/interfaces/include/interfaces/interfaces/msg/detail
[3.392s] -- Up-to-date: /home/peri/Desktop/Studium/ROS Robotik/SurfaceScanner_ws/install/interfaces/include/interfaces/interfaces/msg/detail/dds_fastrtps
[3.392s] -- Up-to-date: /home/peri/Desktop/Studium/ROS Robotik/SurfaceScanner_ws/install/interfaces/include/interfaces/interfaces/msg/detail/camera_calibration_imgs__rosidl_typesupport_fastrtps_cpp.hpp
[3.392s] -- Up-to-date: /home/peri/Desktop/Studium/ROS Robotik/SurfaceScanner_ws/install/interfaces/include/interfaces/interfaces/msg/detail/image_pair__rosidl_typesupport_fastrtps_cpp.hpp
[3.392s] -- Installing: /home/peri/Desktop/Studium/ROS Robotik/SurfaceScanner_ws/install/interfaces/lib/libinterfaces__rosidl_typesupport_fastrtps_cpp.so
[3.392s] -- Set runtime path of "/home/peri/Desktop/Studium/ROS Robotik/SurfaceScanner_ws/install/interfaces/lib/libinterfaces__rosidl_typesupport_fastrtps_cpp.so" to ""
[3.392s] -- Up-to-date: /home/peri/Desktop/Studium/ROS Robotik/SurfaceScanner_ws/install/interfaces/include/interfaces/interfaces
[3.392s] -- Up-to-date: /home/peri/Desktop/Studium/ROS Robotik/SurfaceScanner_ws/install/interfaces/include/interfaces/interfaces/srv
[3.392s] -- Up-to-date: /home/peri/Desktop/Studium/ROS Robotik/SurfaceScanner_ws/install/interfaces/include/interfaces/interfaces/srv/detail
[3.392s] -- Up-to-date: /home/peri/Desktop/Studium/ROS Robotik/SurfaceScanner_ws/install/interfaces/include/interfaces/interfaces/srv/detail/calibrate_laser_import__type_support.cpp
[3.392s] -- Up-to-date: /home/peri/Desktop/Studium/ROS Robotik/SurfaceScanner_ws/install/interfaces/include/interfaces/interfaces/srv/detail/calibrate_laser_import__rosidl_typesupport_introspection_cpp.hpp
[3.392s] -- Up-to-date: /home/peri/Desktop/Studium/ROS Robotik/SurfaceScanner_ws/install/interfaces/include/interfaces/interfaces/msg
[3.393s] -- Up-to-date: /home/peri/Desktop/Studium/ROS Robotik/SurfaceScanner_ws/install/interfaces/include/interfaces/interfaces/msg/detail
[3.393s] -- Up-to-date: /home/peri/Desktop/Studium/ROS Robotik/SurfaceScanner_ws/install/interfaces/include/interfaces/interfaces/msg/detail/camera_calibration_imgs__rosidl_typesupport_introspection_cpp.hpp
[3.393s] -- Up-to-date: /home/peri/Desktop/Studium/ROS Robotik/SurfaceScanner_ws/install/interfaces/include/interfaces/interfaces/msg/detail/image_pair__rosidl_typesupport_introspection_cpp.hpp
[3.393s] -- Up-to-date: /home/peri/Desktop/Studium/ROS Robotik/SurfaceScanner_ws/install/interfaces/include/interfaces/interfaces/msg/detail/image_pair__type_support.cpp
[3.393s] -- Up-to-date: /home/peri/Desktop/Studium/ROS Robotik/SurfaceScanner_ws/install/interfaces/include/interfaces/interfaces/msg/detail/camera_calibration_imgs__type_support.cpp
[3.393s] -- Installing: /home/peri/Desktop/Studium/ROS Robotik/SurfaceScanner_ws/install/interfaces/lib/libinterfaces__rosidl_typesupport_introspection_cpp.so
[3.393s] -- Set runtime path of "/home/peri/Desktop/Studium/ROS Robotik/SurfaceScanner_ws/install/interfaces/lib/libinterfaces__rosidl_typesupport_introspection_cpp.so" to ""
[3.393s] -- Installing: /home/peri/Desktop/Studium/ROS Robotik/SurfaceScanner_ws/install/interfaces/lib/libinterfaces__rosidl_typesupport_cpp.so
[3.393s] -- Set runtime path of "/home/peri/Desktop/Studium/ROS Robotik/SurfaceScanner_ws/install/interfaces/lib/libinterfaces__rosidl_typesupport_cpp.so" to ""
[3.393s] -- Up-to-date: /home/peri/Desktop/Studium/ROS Robotik/SurfaceScanner_ws/install/interfaces/share/interfaces/environment/pythonpath.sh
[3.393s] -- Installing: /home/peri/Desktop/Studium/ROS Robotik/SurfaceScanner_ws/install/interfaces/share/interfaces/environment/pythonpath.dsv
[3.393s] -- Up-to-date: /home/peri/Desktop/Studium/ROS Robotik/SurfaceScanner_ws/install/interfaces/lib/python3.10/site-packages/interfaces-0.0.0-py3.10.egg-info
[3.393s] -- Installing: /home/peri/Desktop/Studium/ROS Robotik/SurfaceScanner_ws/install/interfaces/lib/python3.10/site-packages/interfaces-0.0.0-py3.10.egg-info/dependency_links.txt
[3.393s] -- Installing: /home/peri/Desktop/Studium/ROS Robotik/SurfaceScanner_ws/install/interfaces/lib/python3.10/site-packages/interfaces-0.0.0-py3.10.egg-info/PKG-INFO
[3.393s] -- Installing: /home/peri/Desktop/Studium/ROS Robotik/SurfaceScanner_ws/install/interfaces/lib/python3.10/site-packages/interfaces-0.0.0-py3.10.egg-info/SOURCES.txt
[3.393s] -- Installing: /home/peri/Desktop/Studium/ROS Robotik/SurfaceScanner_ws/install/interfaces/lib/python3.10/site-packages/interfaces-0.0.0-py3.10.egg-info/top_level.txt
[3.393s] -- Up-to-date: /home/peri/Desktop/Studium/ROS Robotik/SurfaceScanner_ws/install/interfaces/lib/python3.10/site-packages/interfaces
[3.393s] -- Installing: /home/peri/Desktop/Studium/ROS Robotik/SurfaceScanner_ws/install/interfaces/lib/python3.10/site-packages/interfaces/interfaces_s__rosidl_typesupport_introspection_c.cpython-310-x86_64-linux-gnu.so
[3.393s] -- Installing: /home/peri/Desktop/Studium/ROS Robotik/SurfaceScanner_ws/install/interfaces/lib/python3.10/site-packages/interfaces/interfaces_s__rosidl_typesupport_fastrtps_c.cpython-310-x86_64-linux-gnu.so
[3.393s] -- Up-to-date: /home/peri/Desktop/Studium/ROS Robotik/SurfaceScanner_ws/install/interfaces/lib/python3.10/site-packages/interfaces/srv
[3.394s] -- Up-to-date: /home/peri/Desktop/Studium/ROS Robotik/SurfaceScanner_ws/install/interfaces/lib/python3.10/site-packages/interfaces/srv/__init__.py
[3.394s] -- Up-to-date: /home/peri/Desktop/Studium/ROS Robotik/SurfaceScanner_ws/install/interfaces/lib/python3.10/site-packages/interfaces/srv/_calibrate_laser_import_s.c
[3.394s] -- Up-to-date: /home/peri/Desktop/Studium/ROS Robotik/SurfaceScanner_ws/install/interfaces/lib/python3.10/site-packages/interfaces/srv/_calibrate_laser_import.py
[3.394s] -- Up-to-date: /home/peri/Desktop/Studium/ROS Robotik/SurfaceScanner_ws/install/interfaces/lib/python3.10/site-packages/interfaces/_interfaces_s.ep.rosidl_typesupport_c.c
[3.394s] -- Installing: /home/peri/Desktop/Studium/ROS Robotik/SurfaceScanner_ws/install/interfaces/lib/python3.10/site-packages/interfaces/libinterfaces__rosidl_generator_py.so
[3.394s] -- Installing: /home/peri/Desktop/Studium/ROS Robotik/SurfaceScanner_ws/install/interfaces/lib/python3.10/site-packages/interfaces/interfaces_s__rosidl_typesupport_c.cpython-310-x86_64-linux-gnu.so
[3.394s] -- Up-to-date: /home/peri/Desktop/Studium/ROS Robotik/SurfaceScanner_ws/install/interfaces/lib/python3.10/site-packages/interfaces/msg
[3.394s] -- Up-to-date: /home/peri/Desktop/Studium/ROS Robotik/SurfaceScanner_ws/install/interfaces/lib/python3.10/site-packages/interfaces/msg/_camera_calibration_imgs_s.c
[3.394s] -- Up-to-date: /home/peri/Desktop/Studium/ROS Robotik/SurfaceScanner_ws/install/interfaces/lib/python3.10/site-packages/interfaces/msg/_camera_calibration_imgs.py
[3.394s] -- Up-to-date: /home/peri/Desktop/Studium/ROS Robotik/SurfaceScanner_ws/install/interfaces/lib/python3.10/site-packages/interfaces/msg/__init__.py
[3.394s] -- Up-to-date: /home/peri/Desktop/Studium/ROS Robotik/SurfaceScanner_ws/install/interfaces/lib/python3.10/site-packages/interfaces/msg/_image_pair.py
[3.394s] -- Up-to-date: /home/peri/Desktop/Studium/ROS Robotik/SurfaceScanner_ws/install/interfaces/lib/python3.10/site-packages/interfaces/msg/_image_pair_s.c
[3.394s] -- Installing: /home/peri/Desktop/Studium/ROS Robotik/SurfaceScanner_ws/install/interfaces/lib/python3.10/site-packages/interfaces/__init__.py
[3.394s] -- Up-to-date: /home/peri/Desktop/Studium/ROS Robotik/SurfaceScanner_ws/install/interfaces/lib/python3.10/site-packages/interfaces/_interfaces_s.ep.rosidl_typesupport_fastrtps_c.c
[3.394s] -- Up-to-date: /home/peri/Desktop/Studium/ROS Robotik/SurfaceScanner_ws/install/interfaces/lib/python3.10/site-packages/interfaces/_interfaces_s.ep.rosidl_typesupport_introspection_c.c
[3.425s] Listing '/home/peri/Desktop/Studium/ROS Robotik/SurfaceScanner_ws/install/interfaces/lib/python3.10/site-packages/interfaces'...
[3.425s] Compiling '/home/peri/Desktop/Studium/ROS Robotik/SurfaceScanner_ws/install/interfaces/lib/python3.10/site-packages/interfaces/__init__.py'...
[3.425s] Listing '/home/peri/Desktop/Studium/ROS Robotik/SurfaceScanner_ws/install/interfaces/lib/python3.10/site-packages/interfaces/msg'...
[3.425s] Compiling '/home/peri/Desktop/Studium/ROS Robotik/SurfaceScanner_ws/install/interfaces/lib/python3.10/site-packages/interfaces/msg/__init__.py'...
[3.425s] Compiling '/home/peri/Desktop/Studium/ROS Robotik/SurfaceScanner_ws/install/interfaces/lib/python3.10/site-packages/interfaces/msg/_camera_calibration_imgs.py'...
[3.425s] Compiling '/home/peri/Desktop/Studium/ROS Robotik/SurfaceScanner_ws/install/interfaces/lib/python3.10/site-packages/interfaces/msg/_image_pair.py'...
[3.425s] Listing '/home/peri/Desktop/Studium/ROS Robotik/SurfaceScanner_ws/install/interfaces/lib/python3.10/site-packages/interfaces/srv'...
[3.425s] Compiling '/home/peri/Desktop/Studium/ROS Robotik/SurfaceScanner_ws/install/interfaces/lib/python3.10/site-packages/interfaces/srv/__init__.py'...
[3.425s] Compiling '/home/peri/Desktop/Studium/ROS Robotik/SurfaceScanner_ws/install/interfaces/lib/python3.10/site-packages/interfaces/srv/_calibrate_laser_import.py'...
[3.429s] -- Installing: /home/peri/Desktop/Studium/ROS Robotik/SurfaceScanner_ws/install/interfaces/lib/python3.10/site-packages/interfaces/interfaces_s__rosidl_typesupport_fastrtps_c.cpython-310-x86_64-linux-gnu.so
[3.429s] -- Set runtime path of "/home/peri/Desktop/Studium/ROS Robotik/SurfaceScanner_ws/install/interfaces/lib/python3.10/site-packages/interfaces/interfaces_s__rosidl_typesupport_fastrtps_c.cpython-310-x86_64-linux-gnu.so" to ""
[3.429s] -- Installing: /home/peri/Desktop/Studium/ROS Robotik/SurfaceScanner_ws/install/interfaces/lib/python3.10/site-packages/interfaces/interfaces_s__rosidl_typesupport_introspection_c.cpython-310-x86_64-linux-gnu.so
[3.430s] -- Set runtime path of "/home/peri/Desktop/Studium/ROS Robotik/SurfaceScanner_ws/install/interfaces/lib/python3.10/site-packages/interfaces/interfaces_s__rosidl_typesupport_introspection_c.cpython-310-x86_64-linux-gnu.so" to ""
[3.430s] -- Installing: /home/peri/Desktop/Studium/ROS Robotik/SurfaceScanner_ws/install/interfaces/lib/python3.10/site-packages/interfaces/interfaces_s__rosidl_typesupport_c.cpython-310-x86_64-linux-gnu.so
[3.430s] -- Set runtime path of "/home/peri/Desktop/Studium/ROS Robotik/SurfaceScanner_ws/install/interfaces/lib/python3.10/site-packages/interfaces/interfaces_s__rosidl_typesupport_c.cpython-310-x86_64-linux-gnu.so" to ""
[3.430s] -- Installing: /home/peri/Desktop/Studium/ROS Robotik/SurfaceScanner_ws/install/interfaces/lib/libinterfaces__rosidl_generator_py.so
[3.430s] -- Set runtime path of "/home/peri/Desktop/Studium/ROS Robotik/SurfaceScanner_ws/install/interfaces/lib/libinterfaces__rosidl_generator_py.so" to ""
[3.430s] -- Up-to-date: /home/peri/Desktop/Studium/ROS Robotik/SurfaceScanner_ws/install/interfaces/share/interfaces/msg/CameraCalibrationImgs.idl
[3.430s] -- Up-to-date: /home/peri/Desktop/Studium/ROS Robotik/SurfaceScanner_ws/install/interfaces/share/interfaces/msg/ImagePair.idl
[3.430s] -- Up-to-date: /home/peri/Desktop/Studium/ROS Robotik/SurfaceScanner_ws/install/interfaces/share/interfaces/srv/CalibrateLaserImport.idl
[3.431s] -- Up-to-date: /home/peri/Desktop/Studium/ROS Robotik/SurfaceScanner_ws/install/interfaces/share/interfaces/msg/CameraCalibrationImgs.msg
[3.431s] -- Up-to-date: /home/peri/Desktop/Studium/ROS Robotik/SurfaceScanner_ws/install/interfaces/share/interfaces/msg/ImagePair.msg
[3.431s] -- Up-to-date: /home/peri/Desktop/Studium/ROS Robotik/SurfaceScanner_ws/install/interfaces/share/interfaces/srv/CalibrateLaserImport.srv
[3.431s] -- Up-to-date: /home/peri/Desktop/Studium/ROS Robotik/SurfaceScanner_ws/install/interfaces/share/interfaces/srv/CalibrateLaserImport_Request.msg
[3.431s] -- Up-to-date: /home/peri/Desktop/Studium/ROS Robotik/SurfaceScanner_ws/install/interfaces/share/interfaces/srv/CalibrateLaserImport_Response.msg
[3.431s] -- Up-to-date: /home/peri/Desktop/Studium/ROS Robotik/SurfaceScanner_ws/install/interfaces/share/ament_index/resource_index/package_run_dependencies/interfaces
[3.431s] -- Installing: /home/peri/Desktop/Studium/ROS Robotik/SurfaceScanner_ws/install/interfaces/share/ament_index/resource_index/parent_prefix_path/interfaces
[3.431s] -- Installing: /home/peri/Desktop/Studium/ROS Robotik/SurfaceScanner_ws/install/interfaces/share/interfaces/environment/ament_prefix_path.sh
[3.431s] -- Installing: /home/peri/Desktop/Studium/ROS Robotik/SurfaceScanner_ws/install/interfaces/share/interfaces/environment/ament_prefix_path.dsv
[3.431s] -- Installing: /home/peri/Desktop/Studium/ROS Robotik/SurfaceScanner_ws/install/interfaces/share/interfaces/environment/path.sh
[3.431s] -- Installing: /home/peri/Desktop/Studium/ROS Robotik/SurfaceScanner_ws/install/interfaces/share/interfaces/environment/path.dsv
[3.432s] -- Up-to-date: /home/peri/Desktop/Studium/ROS Robotik/SurfaceScanner_ws/install/interfaces/share/interfaces/local_setup.bash
[3.432s] -- Up-to-date: /home/peri/Desktop/Studium/ROS Robotik/SurfaceScanner_ws/install/interfaces/share/interfaces/local_setup.sh
[3.432s] -- Up-to-date: /home/peri/Desktop/Studium/ROS Robotik/SurfaceScanner_ws/install/interfaces/share/interfaces/local_setup.zsh
[3.432s] -- Installing: /home/peri/Desktop/Studium/ROS Robotik/SurfaceScanner_ws/install/interfaces/share/interfaces/local_setup.dsv
[3.432s] -- Installing: /home/peri/Desktop/Studium/ROS Robotik/SurfaceScanner_ws/install/interfaces/share/interfaces/package.dsv
[3.432s] -- Up-to-date: /home/peri/Desktop/Studium/ROS Robotik/SurfaceScanner_ws/install/interfaces/share/ament_index/resource_index/packages/interfaces
[3.432s] -- Up-to-date: /home/peri/Desktop/Studium/ROS Robotik/SurfaceScanner_ws/install/interfaces/share/interfaces/cmake/export_interfaces__rosidl_generator_cExport.cmake
[3.432s] -- Up-to-date: /home/peri/Desktop/Studium/ROS Robotik/SurfaceScanner_ws/install/interfaces/share/interfaces/cmake/export_interfaces__rosidl_generator_cExport-noconfig.cmake
[3.432s] -- Up-to-date: /home/peri/Desktop/Studium/ROS Robotik/SurfaceScanner_ws/install/interfaces/share/interfaces/cmake/export_interfaces__rosidl_typesupport_fastrtps_cExport.cmake
[3.432s] -- Up-to-date: /home/peri/Desktop/Studium/ROS Robotik/SurfaceScanner_ws/install/interfaces/share/interfaces/cmake/export_interfaces__rosidl_typesupport_fastrtps_cExport-noconfig.cmake
[3.432s] -- Up-to-date: /home/peri/Desktop/Studium/ROS Robotik/SurfaceScanner_ws/install/interfaces/share/interfaces/cmake/interfaces__rosidl_typesupport_introspection_cExport.cmake
[3.432s] -- Up-to-date: /home/peri/Desktop/Studium/ROS Robotik/SurfaceScanner_ws/install/interfaces/share/interfaces/cmake/interfaces__rosidl_typesupport_introspection_cExport-noconfig.cmake
[3.433s] -- Up-to-date: /home/peri/Desktop/Studium/ROS Robotik/SurfaceScanner_ws/install/interfaces/share/interfaces/cmake/interfaces__rosidl_typesupport_cExport.cmake
[3.433s] -- Up-to-date: /home/peri/Desktop/Studium/ROS Robotik/SurfaceScanner_ws/install/interfaces/share/interfaces/cmake/interfaces__rosidl_typesupport_cExport-noconfig.cmake
[3.433s] -- Up-to-date: /home/peri/Desktop/Studium/ROS Robotik/SurfaceScanner_ws/install/interfaces/share/interfaces/cmake/export_interfaces__rosidl_generator_cppExport.cmake
[3.433s] -- Up-to-date: /home/peri/Desktop/Studium/ROS Robotik/SurfaceScanner_ws/install/interfaces/share/interfaces/cmake/export_interfaces__rosidl_typesupport_fastrtps_cppExport.cmake
[3.433s] -- Up-to-date: /home/peri/Desktop/Studium/ROS Robotik/SurfaceScanner_ws/install/interfaces/share/interfaces/cmake/export_interfaces__rosidl_typesupport_fastrtps_cppExport-noconfig.cmake
[3.433s] -- Up-to-date: /home/peri/Desktop/Studium/ROS Robotik/SurfaceScanner_ws/install/interfaces/share/interfaces/cmake/interfaces__rosidl_typesupport_introspection_cppExport.cmake
[3.433s] -- Up-to-date: /home/peri/Desktop/Studium/ROS Robotik/SurfaceScanner_ws/install/interfaces/share/interfaces/cmake/interfaces__rosidl_typesupport_introspection_cppExport-noconfig.cmake
[3.433s] -- Up-to-date: /home/peri/Desktop/Studium/ROS Robotik/SurfaceScanner_ws/install/interfaces/share/interfaces/cmake/interfaces__rosidl_typesupport_cppExport.cmake
[3.433s] -- Up-to-date: /home/peri/Desktop/Studium/ROS Robotik/SurfaceScanner_ws/install/interfaces/share/interfaces/cmake/interfaces__rosidl_typesupport_cppExport-noconfig.cmake
[3.433s] -- Up-to-date: /home/peri/Desktop/Studium/ROS Robotik/SurfaceScanner_ws/install/interfaces/share/interfaces/cmake/export_interfaces__rosidl_generator_pyExport.cmake
[3.433s] -- Up-to-date: /home/peri/Desktop/Studium/ROS Robotik/SurfaceScanner_ws/install/interfaces/share/interfaces/cmake/export_interfaces__rosidl_generator_pyExport-noconfig.cmake
[3.433s] -- Up-to-date: /home/peri/Desktop/Studium/ROS Robotik/SurfaceScanner_ws/install/interfaces/share/interfaces/cmake/rosidl_cmake-extras.cmake
[3.433s] -- Up-to-date: /home/peri/Desktop/Studium/ROS Robotik/SurfaceScanner_ws/install/interfaces/share/interfaces/cmake/ament_cmake_export_dependencies-extras.cmake
[3.433s] -- Up-to-date: /home/peri/Desktop/Studium/ROS Robotik/SurfaceScanner_ws/install/interfaces/share/interfaces/cmake/ament_cmake_export_include_directories-extras.cmake
[3.433s] -- Up-to-date: /home/peri/Desktop/Studium/ROS Robotik/SurfaceScanner_ws/install/interfaces/share/interfaces/cmake/ament_cmake_export_libraries-extras.cmake
[3.433s] -- Up-to-date: /home/peri/Desktop/Studium/ROS Robotik/SurfaceScanner_ws/install/interfaces/share/interfaces/cmake/ament_cmake_export_targets-extras.cmake
[3.433s] -- Up-to-date: /home/peri/Desktop/Studium/ROS Robotik/SurfaceScanner_ws/install/interfaces/share/interfaces/cmake/rosidl_cmake_export_typesupport_targets-extras.cmake
[3.433s] -- Up-to-date: /home/peri/Desktop/Studium/ROS Robotik/SurfaceScanner_ws/install/interfaces/share/interfaces/cmake/rosidl_cmake_export_typesupport_libraries-extras.cmake
[3.433s] -- Up-to-date: /home/peri/Desktop/Studium/ROS Robotik/SurfaceScanner_ws/install/interfaces/share/interfaces/cmake/interfacesConfig.cmake
[3.434s] -- Up-to-date: /home/peri/Desktop/Studium/ROS Robotik/SurfaceScanner_ws/install/interfaces/share/interfaces/cmake/interfacesConfig-version.cmake
[3.434s] -- Up-to-date: /home/peri/Desktop/Studium/ROS Robotik/SurfaceScanner_ws/install/interfaces/share/interfaces/package.xml
[3.434s] Invoked command in '/home/peri/Desktop/Studium/ROS Robotik/SurfaceScanner_ws/build/interfaces' returned '0': CMAKE_PREFIX_PATH=${CMAKE_PREFIX_PATH}:/opt/ros/humble CONDA_PROMPT_MODIFIER=(base) /usr/bin/cmake --install /home/peri/Desktop/Studium/ROS Robotik/SurfaceScanner_ws/build/interfaces
