[0.285s] DEBUG:colcon:Command line arguments: ['/usr/bin/colcon', 'build']
[0.285s] DEBUG:colcon:Parsed command line arguments: Namespace(log_base=None, log_level=None, verb_name='build', build_base='build', install_base='install', merge_install=False, symlink_install=False, test_result_base=None, continue_on_error=False, executor='parallel', parallel_workers=8, event_handlers=None, ignore_user_meta=False, metas=['./colcon.meta'], base_paths=['.'], packages_ignore=None, packages_ignore_regex=None, paths=None, packages_up_to=None, packages_up_to_regex=None, packages_above=None, packages_above_and_dependencies=None, packages_above_depth=None, packages_select_by_dep=None, packages_skip_by_dep=None, packages_skip_up_to=None, packages_select_build_failed=False, packages_skip_build_finished=False, packages_select_test_failures=False, packages_skip_test_passed=False, packages_select=None, packages_skip=None, packages_select_regex=None, packages_skip_regex=None, packages_start=None, packages_end=None, allow_overriding=[], cmake_args=None, cmake_target=None, cmake_target_skip_unavailable=False, cmake_clean_cache=False, cmake_clean_first=False, cmake_force_configure=False, ament_cmake_args=None, catkin_cmake_args=None, catkin_skip_building_tests=False, verb_parser=<colcon_defaults.argument_parser.defaults.DefaultArgumentsDecorator object at 0x7f9d642ba050>, verb_extension=<colcon_core.verb.build.BuildVerb object at 0x7f9d64af1c00>, main=<bound method BuildVerb.main of <colcon_core.verb.build.BuildVerb object at 0x7f9d64af1c00>>)
[0.311s] Level 1:colcon.colcon_core.package_discovery:discover_packages(colcon_meta) check parameters
[0.312s] Level 1:colcon.colcon_core.package_discovery:discover_packages(recursive) check parameters
[0.312s] Level 1:colcon.colcon_core.package_discovery:discover_packages(ignore) check parameters
[0.312s] Level 1:colcon.colcon_core.package_discovery:discover_packages(path) check parameters
[0.312s] Level 1:colcon.colcon_core.package_discovery:discover_packages(colcon_meta) discover
[0.312s] Level 1:colcon.colcon_core.package_discovery:discover_packages(recursive) discover
[0.312s] INFO:colcon.colcon_core.package_discovery:Crawling recursively for packages in '/home/peri/Desktop/Studium/ROS Robotik/SurfaceScanner_ws'
[0.312s] Level 1:colcon.colcon_core.package_identification:_identify(.) by extensions ['ignore', 'ignore_ament_install']
[0.312s] Level 1:colcon.colcon_core.package_identification:_identify(.) by extension 'ignore'
[0.312s] Level 1:colcon.colcon_core.package_identification:_identify(.) by extension 'ignore_ament_install'
[0.312s] Level 1:colcon.colcon_core.package_identification:_identify(.) by extensions ['colcon_pkg']
[0.312s] Level 1:colcon.colcon_core.package_identification:_identify(.) by extension 'colcon_pkg'
[0.312s] Level 1:colcon.colcon_core.package_identification:_identify(.) by extensions ['colcon_meta']
[0.312s] Level 1:colcon.colcon_core.package_identification:_identify(.) by extension 'colcon_meta'
[0.312s] Level 1:colcon.colcon_core.package_identification:_identify(.) by extensions ['ros']
[0.312s] Level 1:colcon.colcon_core.package_identification:_identify(.) by extension 'ros'
[0.321s] Level 1:colcon.colcon_core.package_identification:_identify(.) by extensions ['cmake', 'python']
[0.321s] Level 1:colcon.colcon_core.package_identification:_identify(.) by extension 'cmake'
[0.322s] Level 1:colcon.colcon_core.package_identification:_identify(.) by extension 'python'
[0.322s] Level 1:colcon.colcon_core.package_identification:_identify(.) by extensions ['python_setup_py']
[0.322s] Level 1:colcon.colcon_core.package_identification:_identify(.) by extension 'python_setup_py'
[0.322s] Level 1:colcon.colcon_core.package_identification:_identify(build) by extensions ['ignore', 'ignore_ament_install']
[0.322s] Level 1:colcon.colcon_core.package_identification:_identify(build) by extension 'ignore'
[0.322s] Level 1:colcon.colcon_core.package_identification:_identify(build) ignored
[0.322s] Level 1:colcon.colcon_core.package_identification:_identify(install) by extensions ['ignore', 'ignore_ament_install']
[0.322s] Level 1:colcon.colcon_core.package_identification:_identify(install) by extension 'ignore'
[0.322s] Level 1:colcon.colcon_core.package_identification:_identify(install) ignored
[0.322s] Level 1:colcon.colcon_core.package_identification:_identify(log) by extensions ['ignore', 'ignore_ament_install']
[0.322s] Level 1:colcon.colcon_core.package_identification:_identify(log) by extension 'ignore'
[0.322s] Level 1:colcon.colcon_core.package_identification:_identify(log) ignored
[0.322s] Level 1:colcon.colcon_core.package_identification:_identify(src) by extensions ['ignore', 'ignore_ament_install']
[0.323s] Level 1:colcon.colcon_core.package_identification:_identify(src) by extension 'ignore'
[0.323s] Level 1:colcon.colcon_core.package_identification:_identify(src) by extension 'ignore_ament_install'
[0.323s] Level 1:colcon.colcon_core.package_identification:_identify(src) by extensions ['colcon_pkg']
[0.323s] Level 1:colcon.colcon_core.package_identification:_identify(src) by extension 'colcon_pkg'
[0.323s] Level 1:colcon.colcon_core.package_identification:_identify(src) by extensions ['colcon_meta']
[0.323s] Level 1:colcon.colcon_core.package_identification:_identify(src) by extension 'colcon_meta'
[0.323s] Level 1:colcon.colcon_core.package_identification:_identify(src) by extensions ['ros']
[0.323s] Level 1:colcon.colcon_core.package_identification:_identify(src) by extension 'ros'
[0.323s] Level 1:colcon.colcon_core.package_identification:_identify(src) by extensions ['cmake', 'python']
[0.323s] Level 1:colcon.colcon_core.package_identification:_identify(src) by extension 'cmake'
[0.323s] Level 1:colcon.colcon_core.package_identification:_identify(src) by extension 'python'
[0.323s] Level 1:colcon.colcon_core.package_identification:_identify(src) by extensions ['python_setup_py']
[0.323s] Level 1:colcon.colcon_core.package_identification:_identify(src) by extension 'python_setup_py'
[0.323s] Level 1:colcon.colcon_core.package_identification:_identify(src/SurfaceScanner) by extensions ['ignore', 'ignore_ament_install']
[0.323s] Level 1:colcon.colcon_core.package_identification:_identify(src/SurfaceScanner) by extension 'ignore'
[0.323s] Level 1:colcon.colcon_core.package_identification:_identify(src/SurfaceScanner) by extension 'ignore_ament_install'
[0.323s] Level 1:colcon.colcon_core.package_identification:_identify(src/SurfaceScanner) by extensions ['colcon_pkg']
[0.323s] Level 1:colcon.colcon_core.package_identification:_identify(src/SurfaceScanner) by extension 'colcon_pkg'
[0.323s] Level 1:colcon.colcon_core.package_identification:_identify(src/SurfaceScanner) by extensions ['colcon_meta']
[0.324s] Level 1:colcon.colcon_core.package_identification:_identify(src/SurfaceScanner) by extension 'colcon_meta'
[0.324s] Level 1:colcon.colcon_core.package_identification:_identify(src/SurfaceScanner) by extensions ['ros']
[0.324s] Level 1:colcon.colcon_core.package_identification:_identify(src/SurfaceScanner) by extension 'ros'
[0.326s] DEBUG:colcon.colcon_core.package_identification:Package 'src/SurfaceScanner' with type 'ros.ament_cmake' and name 'SurfaceScanner'
[0.326s] Level 1:colcon.colcon_core.package_identification:_identify(src/interfaces) by extensions ['ignore', 'ignore_ament_install']
[0.326s] Level 1:colcon.colcon_core.package_identification:_identify(src/interfaces) by extension 'ignore'
[0.326s] Level 1:colcon.colcon_core.package_identification:_identify(src/interfaces) by extension 'ignore_ament_install'
[0.327s] Level 1:colcon.colcon_core.package_identification:_identify(src/interfaces) by extensions ['colcon_pkg']
[0.327s] Level 1:colcon.colcon_core.package_identification:_identify(src/interfaces) by extension 'colcon_pkg'
[0.327s] Level 1:colcon.colcon_core.package_identification:_identify(src/interfaces) by extensions ['colcon_meta']
[0.327s] Level 1:colcon.colcon_core.package_identification:_identify(src/interfaces) by extension 'colcon_meta'
[0.327s] Level 1:colcon.colcon_core.package_identification:_identify(src/interfaces) by extensions ['ros']
[0.327s] Level 1:colcon.colcon_core.package_identification:_identify(src/interfaces) by extension 'ros'
[0.327s] DEBUG:colcon.colcon_core.package_identification:Package 'src/interfaces' with type 'ros.ament_cmake' and name 'interfaces'
[0.327s] Level 1:colcon.colcon_core.package_discovery:discover_packages(recursive) using defaults
[0.327s] Level 1:colcon.colcon_core.package_discovery:discover_packages(ignore) discover
[0.327s] Level 1:colcon.colcon_core.package_discovery:discover_packages(ignore) using defaults
[0.327s] Level 1:colcon.colcon_core.package_discovery:discover_packages(path) discover
[0.327s] Level 1:colcon.colcon_core.package_discovery:discover_packages(path) using defaults
[0.347s] Level 1:colcon.colcon_core.package_discovery:discover_packages(prefix_path) check parameters
[0.347s] Level 1:colcon.colcon_core.package_discovery:discover_packages(prefix_path) discover
[0.349s] DEBUG:colcon.colcon_installed_package_information.package_discovery:Found 2 installed packages in /home/peri/Desktop/Studium/ROS Robotik/SurfaceScanner_ws/install
[0.350s] DEBUG:colcon.colcon_installed_package_information.package_discovery:Found 271 installed packages in /opt/ros/humble
[0.352s] Level 1:colcon.colcon_core.package_discovery:discover_packages(prefix_path) using defaults
[0.412s] Level 5:colcon.colcon_core.verb:set package 'SurfaceScanner' build argument 'cmake_args' from command line to 'None'
[0.412s] Level 5:colcon.colcon_core.verb:set package 'SurfaceScanner' build argument 'cmake_target' from command line to 'None'
[0.412s] Level 5:colcon.colcon_core.verb:set package 'SurfaceScanner' build argument 'cmake_target_skip_unavailable' from command line to 'False'
[0.412s] Level 5:colcon.colcon_core.verb:set package 'SurfaceScanner' build argument 'cmake_clean_cache' from command line to 'False'
[0.412s] Level 5:colcon.colcon_core.verb:set package 'SurfaceScanner' build argument 'cmake_clean_first' from command line to 'False'
[0.412s] Level 5:colcon.colcon_core.verb:set package 'SurfaceScanner' build argument 'cmake_force_configure' from command line to 'False'
[0.412s] Level 5:colcon.colcon_core.verb:set package 'SurfaceScanner' build argument 'ament_cmake_args' from command line to 'None'
[0.412s] Level 5:colcon.colcon_core.verb:set package 'SurfaceScanner' build argument 'catkin_cmake_args' from command line to 'None'
[0.412s] Level 5:colcon.colcon_core.verb:set package 'SurfaceScanner' build argument 'catkin_skip_building_tests' from command line to 'False'
[0.413s] DEBUG:colcon.colcon_core.verb:Building package 'SurfaceScanner' with the following arguments: {'ament_cmake_args': None, 'build_base': '/home/peri/Desktop/Studium/ROS Robotik/SurfaceScanner_ws/build/SurfaceScanner', 'catkin_cmake_args': None, 'catkin_skip_building_tests': False, 'cmake_args': None, 'cmake_clean_cache': False, 'cmake_clean_first': False, 'cmake_force_configure': False, 'cmake_target': None, 'cmake_target_skip_unavailable': False, 'install_base': '/home/peri/Desktop/Studium/ROS Robotik/SurfaceScanner_ws/install/SurfaceScanner', 'merge_install': False, 'path': '/home/peri/Desktop/Studium/ROS Robotik/SurfaceScanner_ws/src/SurfaceScanner', 'symlink_install': False, 'test_result_base': None}
[0.413s] Level 5:colcon.colcon_core.verb:set package 'interfaces' build argument 'cmake_args' from command line to 'None'
[0.413s] Level 5:colcon.colcon_core.verb:set package 'interfaces' build argument 'cmake_target' from command line to 'None'
[0.413s] Level 5:colcon.colcon_core.verb:set package 'interfaces' build argument 'cmake_target_skip_unavailable' from command line to 'False'
[0.413s] Level 5:colcon.colcon_core.verb:set package 'interfaces' build argument 'cmake_clean_cache' from command line to 'False'
[0.413s] Level 5:colcon.colcon_core.verb:set package 'interfaces' build argument 'cmake_clean_first' from command line to 'False'
[0.413s] Level 5:colcon.colcon_core.verb:set package 'interfaces' build argument 'cmake_force_configure' from command line to 'False'
[0.413s] Level 5:colcon.colcon_core.verb:set package 'interfaces' build argument 'ament_cmake_args' from command line to 'None'
[0.413s] Level 5:colcon.colcon_core.verb:set package 'interfaces' build argument 'catkin_cmake_args' from command line to 'None'
[0.414s] Level 5:colcon.colcon_core.verb:set package 'interfaces' build argument 'catkin_skip_building_tests' from command line to 'False'
[0.414s] DEBUG:colcon.colcon_core.verb:Building package 'interfaces' with the following arguments: {'ament_cmake_args': None, 'build_base': '/home/peri/Desktop/Studium/ROS Robotik/SurfaceScanner_ws/build/interfaces', 'catkin_cmake_args': None, 'catkin_skip_building_tests': False, 'cmake_args': None, 'cmake_clean_cache': False, 'cmake_clean_first': False, 'cmake_force_configure': False, 'cmake_target': None, 'cmake_target_skip_unavailable': False, 'install_base': '/home/peri/Desktop/Studium/ROS Robotik/SurfaceScanner_ws/install/interfaces', 'merge_install': False, 'path': '/home/peri/Desktop/Studium/ROS Robotik/SurfaceScanner_ws/src/interfaces', 'symlink_install': False, 'test_result_base': None}
[0.414s] INFO:colcon.colcon_core.executor:Executing jobs using 'parallel' executor
[0.417s] DEBUG:colcon.colcon_parallel_executor.executor.parallel:run_until_complete
[0.417s] INFO:colcon.colcon_ros.task.ament_cmake.build:Building ROS package in '/home/peri/Desktop/Studium/ROS Robotik/SurfaceScanner_ws/src/SurfaceScanner' with build type 'ament_cmake'
[0.417s] INFO:colcon.colcon_cmake.task.cmake.build:Building CMake package in '/home/peri/Desktop/Studium/ROS Robotik/SurfaceScanner_ws/src/SurfaceScanner'
[0.421s] INFO:colcon.colcon_core.plugin_system:Skipping extension 'colcon_core.shell.bat': Not used on non-Windows systems
[0.421s] INFO:colcon.colcon_core.shell:Skip shell extension 'powershell' for command environment: Not usable outside of PowerShell
[0.421s] DEBUG:colcon.colcon_core.shell:Skip shell extension 'dsv' for command environment
[0.424s] INFO:colcon.colcon_ros.task.ament_cmake.build:Building ROS package in '/home/peri/Desktop/Studium/ROS Robotik/SurfaceScanner_ws/src/interfaces' with build type 'ament_cmake'
[0.424s] INFO:colcon.colcon_cmake.task.cmake.build:Building CMake package in '/home/peri/Desktop/Studium/ROS Robotik/SurfaceScanner_ws/src/interfaces'
[0.425s] INFO:colcon.colcon_core.shell:Skip shell extension 'powershell' for command environment: Not usable outside of PowerShell
[0.425s] DEBUG:colcon.colcon_core.shell:Skip shell extension 'dsv' for command environment
[0.434s] DEBUG:colcon.colcon_core.event_handler.log_command:Invoking command in '/home/peri/Desktop/Studium/ROS Robotik/SurfaceScanner_ws/build/SurfaceScanner': CMAKE_PREFIX_PATH=${CMAKE_PREFIX_PATH}:/opt/ros/humble CONDA_PROMPT_MODIFIER=(base) /usr/bin/cmake --build /home/peri/Desktop/Studium/ROS Robotik/SurfaceScanner_ws/build/SurfaceScanner -- -j8 -l8
[0.437s] DEBUG:colcon.colcon_core.event_handler.log_command:Invoking command in '/home/peri/Desktop/Studium/ROS Robotik/SurfaceScanner_ws/build/interfaces': CMAKE_PREFIX_PATH=${CMAKE_PREFIX_PATH}:/opt/ros/humble CONDA_PROMPT_MODIFIER=(base) /usr/bin/cmake --build /home/peri/Desktop/Studium/ROS Robotik/SurfaceScanner_ws/build/interfaces -- -j8 -l8
[1.088s] DEBUG:colcon.colcon_core.event_handler.log_command:Invoked command in '/home/peri/Desktop/Studium/ROS Robotik/SurfaceScanner_ws/build/interfaces' returned '0': CMAKE_PREFIX_PATH=${CMAKE_PREFIX_PATH}:/opt/ros/humble CONDA_PROMPT_MODIFIER=(base) /usr/bin/cmake --build /home/peri/Desktop/Studium/ROS Robotik/SurfaceScanner_ws/build/interfaces -- -j8 -l8
[1.159s] DEBUG:colcon.colcon_core.event_handler.log_command:Invoking command in '/home/peri/Desktop/Studium/ROS Robotik/SurfaceScanner_ws/build/interfaces': CMAKE_PREFIX_PATH=${CMAKE_PREFIX_PATH}:/opt/ros/humble CONDA_PROMPT_MODIFIER=(base) /usr/bin/cmake --install /home/peri/Desktop/Studium/ROS Robotik/SurfaceScanner_ws/build/interfaces
[1.213s] Level 1:colcon.colcon_core.environment:create_environment_scripts_only(interfaces)
[1.214s] DEBUG:colcon.colcon_core.event_handler.log_command:Invoked command in '/home/peri/Desktop/Studium/ROS Robotik/SurfaceScanner_ws/build/interfaces' returned '0': CMAKE_PREFIX_PATH=${CMAKE_PREFIX_PATH}:/opt/ros/humble CONDA_PROMPT_MODIFIER=(base) /usr/bin/cmake --install /home/peri/Desktop/Studium/ROS Robotik/SurfaceScanner_ws/build/interfaces
[1.218s] Level 1:colcon.colcon_core.environment:checking '/home/peri/Desktop/Studium/ROS Robotik/SurfaceScanner_ws/install/interfaces' for CMake module files
[1.219s] Level 1:colcon.colcon_core.environment:checking '/home/peri/Desktop/Studium/ROS Robotik/SurfaceScanner_ws/install/interfaces' for CMake config files
[1.219s] Level 1:colcon.colcon_core.shell:create_environment_hook('interfaces', 'cmake_prefix_path')
[1.220s] INFO:colcon.colcon_core.shell:Creating environment hook '/home/peri/Desktop/Studium/ROS Robotik/SurfaceScanner_ws/install/interfaces/share/interfaces/hook/cmake_prefix_path.ps1'
[1.221s] INFO:colcon.colcon_core.shell:Creating environment descriptor '/home/peri/Desktop/Studium/ROS Robotik/SurfaceScanner_ws/install/interfaces/share/interfaces/hook/cmake_prefix_path.dsv'
[1.221s] INFO:colcon.colcon_core.shell:Creating environment hook '/home/peri/Desktop/Studium/ROS Robotik/SurfaceScanner_ws/install/interfaces/share/interfaces/hook/cmake_prefix_path.sh'
[1.222s] Level 1:colcon.colcon_core.environment:checking '/home/peri/Desktop/Studium/ROS Robotik/SurfaceScanner_ws/install/interfaces/lib'
[1.222s] Level 1:colcon.colcon_core.shell:create_environment_hook('interfaces', 'ld_library_path_lib')
[1.223s] INFO:colcon.colcon_core.shell:Creating environment hook '/home/peri/Desktop/Studium/ROS Robotik/SurfaceScanner_ws/install/interfaces/share/interfaces/hook/ld_library_path_lib.ps1'
[1.223s] INFO:colcon.colcon_core.shell:Creating environment descriptor '/home/peri/Desktop/Studium/ROS Robotik/SurfaceScanner_ws/install/interfaces/share/interfaces/hook/ld_library_path_lib.dsv'
[1.224s] INFO:colcon.colcon_core.shell:Creating environment hook '/home/peri/Desktop/Studium/ROS Robotik/SurfaceScanner_ws/install/interfaces/share/interfaces/hook/ld_library_path_lib.sh'
[1.224s] Level 1:colcon.colcon_core.environment:checking '/home/peri/Desktop/Studium/ROS Robotik/SurfaceScanner_ws/install/interfaces/bin'
[1.224s] Level 1:colcon.colcon_core.environment:checking '/home/peri/Desktop/Studium/ROS Robotik/SurfaceScanner_ws/install/interfaces/lib/pkgconfig/interfaces.pc'
[1.224s] Level 1:colcon.colcon_core.environment:checking '/home/peri/Desktop/Studium/ROS Robotik/SurfaceScanner_ws/install/interfaces/lib/python3.10/site-packages'
[1.224s] Level 1:colcon.colcon_core.shell:create_environment_hook('interfaces', 'pythonpath')
[1.226s] INFO:colcon.colcon_core.shell:Creating environment hook '/home/peri/Desktop/Studium/ROS Robotik/SurfaceScanner_ws/install/interfaces/share/interfaces/hook/pythonpath.ps1'
[1.226s] INFO:colcon.colcon_core.shell:Creating environment descriptor '/home/peri/Desktop/Studium/ROS Robotik/SurfaceScanner_ws/install/interfaces/share/interfaces/hook/pythonpath.dsv'
[1.226s] INFO:colcon.colcon_core.shell:Creating environment hook '/home/peri/Desktop/Studium/ROS Robotik/SurfaceScanner_ws/install/interfaces/share/interfaces/hook/pythonpath.sh'
[1.227s] Level 1:colcon.colcon_core.environment:checking '/home/peri/Desktop/Studium/ROS Robotik/SurfaceScanner_ws/install/interfaces/bin'
[1.228s] INFO:colcon.colcon_core.shell:Creating package script '/home/peri/Desktop/Studium/ROS Robotik/SurfaceScanner_ws/install/interfaces/share/interfaces/package.ps1'
[1.229s] INFO:colcon.colcon_core.shell:Creating package descriptor '/home/peri/Desktop/Studium/ROS Robotik/SurfaceScanner_ws/install/interfaces/share/interfaces/package.dsv'
[1.229s] INFO:colcon.colcon_core.shell:Creating package script '/home/peri/Desktop/Studium/ROS Robotik/SurfaceScanner_ws/install/interfaces/share/interfaces/package.sh'
[1.230s] INFO:colcon.colcon_core.shell:Creating package script '/home/peri/Desktop/Studium/ROS Robotik/SurfaceScanner_ws/install/interfaces/share/interfaces/package.bash'
[1.231s] INFO:colcon.colcon_core.shell:Creating package script '/home/peri/Desktop/Studium/ROS Robotik/SurfaceScanner_ws/install/interfaces/share/interfaces/package.zsh'
[1.231s] Level 1:colcon.colcon_core.environment:create_file_with_runtime_dependencies(/home/peri/Desktop/Studium/ROS Robotik/SurfaceScanner_ws/install/interfaces/share/colcon-core/packages/interfaces)
[1.293s] Level 1:colcon.colcon_core.environment:create_environment_scripts_only(interfaces)
[1.295s] Level 1:colcon.colcon_core.environment:checking '/home/peri/Desktop/Studium/ROS Robotik/SurfaceScanner_ws/install/interfaces' for CMake module files
[1.296s] Level 1:colcon.colcon_core.environment:checking '/home/peri/Desktop/Studium/ROS Robotik/SurfaceScanner_ws/install/interfaces' for CMake config files
[1.297s] Level 1:colcon.colcon_core.shell:create_environment_hook('interfaces', 'cmake_prefix_path')
[1.298s] INFO:colcon.colcon_core.shell:Creating environment hook '/home/peri/Desktop/Studium/ROS Robotik/SurfaceScanner_ws/install/interfaces/share/interfaces/hook/cmake_prefix_path.ps1'
[1.299s] INFO:colcon.colcon_core.shell:Creating environment descriptor '/home/peri/Desktop/Studium/ROS Robotik/SurfaceScanner_ws/install/interfaces/share/interfaces/hook/cmake_prefix_path.dsv'
[1.299s] INFO:colcon.colcon_core.shell:Creating environment hook '/home/peri/Desktop/Studium/ROS Robotik/SurfaceScanner_ws/install/interfaces/share/interfaces/hook/cmake_prefix_path.sh'
[1.300s] Level 1:colcon.colcon_core.environment:checking '/home/peri/Desktop/Studium/ROS Robotik/SurfaceScanner_ws/install/interfaces/lib'
[1.300s] Level 1:colcon.colcon_core.shell:create_environment_hook('interfaces', 'ld_library_path_lib')
[1.302s] INFO:colcon.colcon_core.shell:Creating environment hook '/home/peri/Desktop/Studium/ROS Robotik/SurfaceScanner_ws/install/interfaces/share/interfaces/hook/ld_library_path_lib.ps1'
[1.302s] INFO:colcon.colcon_core.shell:Creating environment descriptor '/home/peri/Desktop/Studium/ROS Robotik/SurfaceScanner_ws/install/interfaces/share/interfaces/hook/ld_library_path_lib.dsv'
[1.303s] INFO:colcon.colcon_core.shell:Creating environment hook '/home/peri/Desktop/Studium/ROS Robotik/SurfaceScanner_ws/install/interfaces/share/interfaces/hook/ld_library_path_lib.sh'
[1.303s] Level 1:colcon.colcon_core.environment:checking '/home/peri/Desktop/Studium/ROS Robotik/SurfaceScanner_ws/install/interfaces/bin'
[1.303s] Level 1:colcon.colcon_core.environment:checking '/home/peri/Desktop/Studium/ROS Robotik/SurfaceScanner_ws/install/interfaces/lib/pkgconfig/interfaces.pc'
[1.303s] Level 1:colcon.colcon_core.environment:checking '/home/peri/Desktop/Studium/ROS Robotik/SurfaceScanner_ws/install/interfaces/lib/python3.10/site-packages'
[1.304s] Level 1:colcon.colcon_core.shell:create_environment_hook('interfaces', 'pythonpath')
[1.305s] INFO:colcon.colcon_core.shell:Creating environment hook '/home/peri/Desktop/Studium/ROS Robotik/SurfaceScanner_ws/install/interfaces/share/interfaces/hook/pythonpath.ps1'
[1.305s] INFO:colcon.colcon_core.shell:Creating environment descriptor '/home/peri/Desktop/Studium/ROS Robotik/SurfaceScanner_ws/install/interfaces/share/interfaces/hook/pythonpath.dsv'
[1.306s] INFO:colcon.colcon_core.shell:Creating environment hook '/home/peri/Desktop/Studium/ROS Robotik/SurfaceScanner_ws/install/interfaces/share/interfaces/hook/pythonpath.sh'
[1.306s] Level 1:colcon.colcon_core.environment:checking '/home/peri/Desktop/Studium/ROS Robotik/SurfaceScanner_ws/install/interfaces/bin'
[1.308s] INFO:colcon.colcon_core.shell:Creating package script '/home/peri/Desktop/Studium/ROS Robotik/SurfaceScanner_ws/install/interfaces/share/interfaces/package.ps1'
[1.309s] INFO:colcon.colcon_core.shell:Creating package descriptor '/home/peri/Desktop/Studium/ROS Robotik/SurfaceScanner_ws/install/interfaces/share/interfaces/package.dsv'
[1.310s] INFO:colcon.colcon_core.shell:Creating package script '/home/peri/Desktop/Studium/ROS Robotik/SurfaceScanner_ws/install/interfaces/share/interfaces/package.sh'
[1.310s] INFO:colcon.colcon_core.shell:Creating package script '/home/peri/Desktop/Studium/ROS Robotik/SurfaceScanner_ws/install/interfaces/share/interfaces/package.bash'
[1.311s] INFO:colcon.colcon_core.shell:Creating package script '/home/peri/Desktop/Studium/ROS Robotik/SurfaceScanner_ws/install/interfaces/share/interfaces/package.zsh'
[1.311s] Level 1:colcon.colcon_core.environment:create_file_with_runtime_dependencies(/home/peri/Desktop/Studium/ROS Robotik/SurfaceScanner_ws/install/interfaces/share/colcon-core/packages/interfaces)
[2.098s] DEBUG:colcon.colcon_core.event_handler.log_command:Invoked command in '/home/peri/Desktop/Studium/ROS Robotik/SurfaceScanner_ws/build/SurfaceScanner' returned '2': CMAKE_PREFIX_PATH=${CMAKE_PREFIX_PATH}:/opt/ros/humble CONDA_PROMPT_MODIFIER=(base) /usr/bin/cmake --build /home/peri/Desktop/Studium/ROS Robotik/SurfaceScanner_ws/build/SurfaceScanner -- -j8 -l8
[2.116s] Level 1:colcon.colcon_core.environment:create_environment_scripts_only(SurfaceScanner)
[2.118s] Level 1:colcon.colcon_core.environment:checking '/home/peri/Desktop/Studium/ROS Robotik/SurfaceScanner_ws/install/SurfaceScanner' for CMake module files
[2.118s] Level 1:colcon.colcon_core.environment:checking '/home/peri/Desktop/Studium/ROS Robotik/SurfaceScanner_ws/install/SurfaceScanner' for CMake config files
[2.118s] Level 1:colcon.colcon_core.shell:create_environment_hook('SurfaceScanner', 'cmake_prefix_path')
[2.119s] INFO:colcon.colcon_core.shell:Creating environment hook '/home/peri/Desktop/Studium/ROS Robotik/SurfaceScanner_ws/install/SurfaceScanner/share/SurfaceScanner/hook/cmake_prefix_path.ps1'
[2.120s] INFO:colcon.colcon_core.shell:Creating environment descriptor '/home/peri/Desktop/Studium/ROS Robotik/SurfaceScanner_ws/install/SurfaceScanner/share/SurfaceScanner/hook/cmake_prefix_path.dsv'
[2.120s] INFO:colcon.colcon_core.shell:Creating environment hook '/home/peri/Desktop/Studium/ROS Robotik/SurfaceScanner_ws/install/SurfaceScanner/share/SurfaceScanner/hook/cmake_prefix_path.sh'
[2.121s] Level 1:colcon.colcon_core.environment:checking '/home/peri/Desktop/Studium/ROS Robotik/SurfaceScanner_ws/install/SurfaceScanner/bin'
[2.121s] Level 1:colcon.colcon_core.environment:checking '/home/peri/Desktop/Studium/ROS Robotik/SurfaceScanner_ws/install/SurfaceScanner/lib/pkgconfig/SurfaceScanner.pc'
[2.121s] Level 1:colcon.colcon_core.environment:checking '/home/peri/Desktop/Studium/ROS Robotik/SurfaceScanner_ws/install/SurfaceScanner/lib/python3.10/site-packages'
[2.122s] Level 1:colcon.colcon_core.environment:checking '/home/peri/Desktop/Studium/ROS Robotik/SurfaceScanner_ws/install/SurfaceScanner/bin'
[2.123s] INFO:colcon.colcon_core.shell:Creating package script '/home/peri/Desktop/Studium/ROS Robotik/SurfaceScanner_ws/install/SurfaceScanner/share/SurfaceScanner/package.ps1'
[2.123s] INFO:colcon.colcon_core.shell:Creating package descriptor '/home/peri/Desktop/Studium/ROS Robotik/SurfaceScanner_ws/install/SurfaceScanner/share/SurfaceScanner/package.dsv'
[2.124s] INFO:colcon.colcon_core.shell:Creating package script '/home/peri/Desktop/Studium/ROS Robotik/SurfaceScanner_ws/install/SurfaceScanner/share/SurfaceScanner/package.sh'
[2.124s] INFO:colcon.colcon_core.shell:Creating package script '/home/peri/Desktop/Studium/ROS Robotik/SurfaceScanner_ws/install/SurfaceScanner/share/SurfaceScanner/package.bash'
[2.125s] INFO:colcon.colcon_core.shell:Creating package script '/home/peri/Desktop/Studium/ROS Robotik/SurfaceScanner_ws/install/SurfaceScanner/share/SurfaceScanner/package.zsh'
[2.125s] Level 1:colcon.colcon_core.environment:create_file_with_runtime_dependencies(/home/peri/Desktop/Studium/ROS Robotik/SurfaceScanner_ws/install/SurfaceScanner/share/colcon-core/packages/SurfaceScanner)
[2.135s] DEBUG:colcon.colcon_parallel_executor.executor.parallel:closing loop
[2.136s] DEBUG:colcon.colcon_parallel_executor.executor.parallel:loop closed
[2.136s] DEBUG:colcon.colcon_parallel_executor.executor.parallel:run_until_complete finished with '2'
[2.136s] DEBUG:colcon.colcon_core.event_reactor:joining thread
[2.140s] INFO:colcon.colcon_core.plugin_system:Skipping extension 'colcon_notification.desktop_notification.terminal_notifier': Not used on non-Darwin systems
[2.141s] INFO:colcon.colcon_core.plugin_system:Skipping extension 'colcon_notification.desktop_notification.win32': Not used on non-Windows systems
[2.141s] INFO:colcon.colcon_notification.desktop_notification:Sending desktop notification using 'notify2'
[2.154s] DEBUG:colcon.colcon_core.event_reactor:joined thread
[2.155s] INFO:colcon.colcon_core.shell:Creating prefix script '/home/peri/Desktop/Studium/ROS Robotik/SurfaceScanner_ws/install/local_setup.ps1'
[2.156s] INFO:colcon.colcon_core.shell:Creating prefix util module '/home/peri/Desktop/Studium/ROS Robotik/SurfaceScanner_ws/install/_local_setup_util_ps1.py'
[2.157s] INFO:colcon.colcon_core.shell:Creating prefix chain script '/home/peri/Desktop/Studium/ROS Robotik/SurfaceScanner_ws/install/setup.ps1'
[2.159s] INFO:colcon.colcon_core.shell:Creating prefix script '/home/peri/Desktop/Studium/ROS Robotik/SurfaceScanner_ws/install/local_setup.sh'
[2.159s] INFO:colcon.colcon_core.shell:Creating prefix util module '/home/peri/Desktop/Studium/ROS Robotik/SurfaceScanner_ws/install/_local_setup_util_sh.py'
[2.160s] INFO:colcon.colcon_core.shell:Creating prefix chain script '/home/peri/Desktop/Studium/ROS Robotik/SurfaceScanner_ws/install/setup.sh'
[2.161s] INFO:colcon.colcon_core.shell:Creating prefix script '/home/peri/Desktop/Studium/ROS Robotik/SurfaceScanner_ws/install/local_setup.bash'
[2.162s] INFO:colcon.colcon_core.shell:Creating prefix chain script '/home/peri/Desktop/Studium/ROS Robotik/SurfaceScanner_ws/install/setup.bash'
[2.163s] INFO:colcon.colcon_core.shell:Creating prefix script '/home/peri/Desktop/Studium/ROS Robotik/SurfaceScanner_ws/install/local_setup.zsh'
[2.163s] INFO:colcon.colcon_core.shell:Creating prefix chain script '/home/peri/Desktop/Studium/ROS Robotik/SurfaceScanner_ws/install/setup.zsh'
