[0.010s] Invoking command in '/home/peri/Desktop/Studium/ROS Robotik/SurfaceScanner_ws/build/SurfaceScanner': CMAKE_PREFIX_PATH=/opt/ros/humble CONDA_PROMPT_MODIFIER=(base) /usr/bin/cmake /home/peri/Desktop/Studium/ROS Robotik/SurfaceScanner_ws/src/SurfaceScanner -DCMAKE_INSTALL_PREFIX=/home/peri/Desktop/Studium/ROS Robotik/SurfaceScanner_ws/install/SurfaceScanner
[0.018s] -- Found ament_cmake: 1.3.4 (/opt/ros/humble/share/ament_cmake/cmake)
[0.136s] -- Found rclcpp: 16.0.4 (/opt/ros/humble/share/rclcpp/cmake)
[0.160s] -- Found rosidl_generator_c: 3.1.4 (/opt/ros/humble/share/rosidl_generator_c/cmake)
[0.162s] -- Found rosidl_adapter: 3.1.4 (/opt/ros/humble/share/rosidl_adapter/cmake)
[0.167s] -- Found rosidl_generator_cpp: 3.1.4 (/opt/ros/humble/share/rosidl_generator_cpp/cmake)
[0.176s] -- Using all available rosidl_typesupport_c: rosidl_typesupport_fastrtps_c;rosidl_typesupport_introspection_c
[0.189s] -- Using all available rosidl_typesupport_cpp: rosidl_typesupport_fastrtps_cpp;rosidl_typesupport_introspection_cpp
[0.239s] -- Found rmw_implementation_cmake: 6.1.1 (/opt/ros/humble/share/rmw_implementation_cmake/cmake)
[0.240s] -- Found rmw_fastrtps_cpp: 6.2.2 (/opt/ros/humble/share/rmw_fastrtps_cpp/cmake)
[0.335s] -- Using RMW implementation 'rmw_fastrtps_cpp' as default
[0.474s] -- Found sensor_msgs: 4.2.3 (/opt/ros/humble/share/sensor_msgs/cmake)
[0.585s] -- Found cv_bridge: 3.2.1 (/opt/ros/humble/share/cv_bridge/cmake)
[0.597s] -- Found image_transport: 3.1.5 (/opt/ros/humble/share/image_transport/cmake)
[0.648s] Traceback (most recent call last):
[0.648s]   File "/opt/ros/humble/share/ament_cmake_core/cmake/core/package_xml_2_cmake.py", line 22, in <module>
[0.648s]     from catkin_pkg.package import parse_package_string
[0.648s] ModuleNotFoundError: No module named 'catkin_pkg'
[0.651s] [31mCMake Error at /opt/ros/humble/share/ament_cmake_core/cmake/core/ament_package_xml.cmake:95 (message):
[0.651s]   execute_process(/home/peri/anaconda3/bin/python3.10
[0.651s]   /opt/ros/humble/share/ament_cmake_core/cmake/core/package_xml_2_cmake.py
[0.651s]   /home/peri/Desktop/Studium/ROS
[0.651s]   Robotik/SurfaceScanner_ws/src/SurfaceScanner/package.xml
[0.651s]   /home/peri/Desktop/Studium/ROS
[0.651s]   Robotik/SurfaceScanner_ws/build/SurfaceScanner/ament_cmake_core/package.cmake)
[0.651s]   returned error code 1
[0.651s] Call Stack (most recent call first):
[0.651s]   /opt/ros/humble/share/ament_cmake_core/cmake/core/ament_package_xml.cmake:49 (_ament_package_xml)
[0.651s]   /opt/ros/humble/share/ament_cmake_core/cmake/core/ament_package.cmake:63 (ament_package_xml)
[0.651s]   CMakeLists.txt:17 (ament_package)
[0.652s] 
[0.652s] [0m
[0.652s] -- Configuring incomplete, errors occurred!
[0.652s] See also "/home/peri/Desktop/Studium/ROS Robotik/SurfaceScanner_ws/build/SurfaceScanner/CMakeFiles/CMakeOutput.log".
[0.658s] Invoked command in '/home/peri/Desktop/Studium/ROS Robotik/SurfaceScanner_ws/build/SurfaceScanner' returned '1': CMAKE_PREFIX_PATH=/opt/ros/humble CONDA_PROMPT_MODIFIER=(base) /usr/bin/cmake /home/peri/Desktop/Studium/ROS Robotik/SurfaceScanner_ws/src/SurfaceScanner -DCMAKE_INSTALL_PREFIX=/home/peri/Desktop/Studium/ROS Robotik/SurfaceScanner_ws/install/SurfaceScanner
