[0.012s] Invoking command in '/home/peri/Desktop/Studium/ROS Robotik/SurfaceScanner_ws/build/SurfaceScanner': CMAKE_PREFIX_PATH=${CMAKE_PREFIX_PATH}:/opt/ros/humble CONDA_PROMPT_MODIFIER=(base) /usr/bin/cmake --build /home/peri/Desktop/Studium/ROS Robotik/SurfaceScanner_ws/build/SurfaceScanner -- -j8 -l8
[0.053s] -- Found ament_cmake: 1.3.4 (/opt/ros/humble/share/ament_cmake/cmake)
[0.186s] -- Found rclcpp: 16.0.4 (/opt/ros/humble/share/rclcpp/cmake)
[0.216s] -- Found rosidl_generator_c: 3.1.4 (/opt/ros/humble/share/rosidl_generator_c/cmake)
[0.219s] -- Found rosidl_adapter: 3.1.4 (/opt/ros/humble/share/rosidl_adapter/cmake)
[0.225s] -- Found rosidl_generator_cpp: 3.1.4 (/opt/ros/humble/share/rosidl_generator_cpp/cmake)
[0.237s] -- Using all available rosidl_typesupport_c: rosidl_typesupport_fastrtps_c;rosidl_typesupport_introspection_c
[0.252s] -- Using all available rosidl_typesupport_cpp: rosidl_typesupport_fastrtps_cpp;rosidl_typesupport_introspection_cpp
[0.309s] -- Found rmw_implementation_cmake: 6.1.1 (/opt/ros/humble/share/rmw_implementation_cmake/cmake)
[0.311s] -- Found rmw_fastrtps_cpp: 6.2.2 (/opt/ros/humble/share/rmw_fastrtps_cpp/cmake)
[0.413s] -- Using RMW implementation 'rmw_fastrtps_cpp' as default
[0.571s] -- Found sensor_msgs: 4.2.3 (/opt/ros/humble/share/sensor_msgs/cmake)
[0.689s] -- Found cv_bridge: 3.2.1 (/opt/ros/humble/share/cv_bridge/cmake)
[0.703s] -- Found image_transport: 3.1.5 (/opt/ros/humble/share/image_transport/cmake)
[0.740s] -- Found pcl_conversions: 2.4.0 (/opt/ros/humble/share/pcl_conversions/cmake)
[0.860s] -- Found pcl_ros: 2.4.0 (/opt/ros/humble/share/pcl_ros/cmake)
[0.969s] -- Found eigen3_cmake_module: 0.1.1 (/opt/ros/humble/share/eigen3_cmake_module/cmake)
[0.970s] -- Found Eigen3: TRUE (found version "3.4.0") 
[0.970s] -- Ensuring Eigen3 include directory is part of orocos-kdl CMake target
[1.340s] -- Checking for module 'eigen3'
[1.348s] --   Found eigen3, version 3.4.0
[1.365s] -- Found Eigen: /usr/include/eigen3 (Required is at least version "3.1") 
[1.365s] -- Eigen found (include: /usr/include/eigen3, version: 3.4.0)
[1.397s] -- Checking for module 'flann'
[1.405s] --   Found flann, version 1.9.1
[1.426s] -- Found FLANN: /usr/lib/x86_64-linux-gnu/libflann_cpp.so  
[1.426s] -- FLANN found (include: /usr/include, lib: /usr/lib/x86_64-linux-gnu/libflann_cpp.so)
[2.128s] -- Checking for module 'libusb-1.0'
[2.140s] --   Found libusb-1.0, version 1.0.25
[2.163s] -- Found libusb: /usr/lib/x86_64-linux-gnu/libusb-1.0.so  
[2.164s] -- OpenNI found (version: 1.5.4.0, include: /usr/include/ni, lib: /usr/lib/libOpenNI.so;libusb::libusb)
[2.198s] -- OpenNI2 found (version: 2.2.0.33, include: /usr/include/openni2, lib: /usr/lib/x86_64-linux-gnu/libOpenNI2.so;libusb::libusb)
[2.328s] -- Eigen found (include: /usr/include/eigen3, version: 3.4.0)
[2.334s] -- OpenNI found (version: 1.5.4.0, include: /usr/include/ni, lib: /usr/lib/libOpenNI.so;libusb::libusb)
[2.338s] -- OpenNI2 found (version: 2.2.0.33, include: /usr/include/openni2, lib: /usr/lib/x86_64-linux-gnu/libOpenNI2.so;libusb::libusb)
[2.454s] -- Found Qhull version 8.0.2
[2.572s] -- OpenNI found (version: 1.5.4.0, include: /usr/include/ni, lib: /usr/lib/libOpenNI.so;libusb::libusb)
[2.686s] -- Found PCL_COMMON: /usr/lib/x86_64-linux-gnu/libpcl_common.so  
[2.687s] -- Found PCL_KDTREE: /usr/lib/x86_64-linux-gnu/libpcl_kdtree.so  
[2.687s] -- Found PCL_OCTREE: /usr/lib/x86_64-linux-gnu/libpcl_octree.so  
[2.688s] -- Found PCL_SEARCH: /usr/lib/x86_64-linux-gnu/libpcl_search.so  
[2.689s] -- Found PCL_SAMPLE_CONSENSUS: /usr/lib/x86_64-linux-gnu/libpcl_sample_consensus.so  
[2.690s] -- Found PCL_FILTERS: /usr/lib/x86_64-linux-gnu/libpcl_filters.so  
[2.690s] -- Found PCL_2D: /usr/include/pcl-1.12  
[2.691s] -- Found PCL_GEOMETRY: /usr/include/pcl-1.12  
[2.692s] -- Found PCL_IO: /usr/lib/x86_64-linux-gnu/libpcl_io.so  
[2.693s] -- Found PCL_FEATURES: /usr/lib/x86_64-linux-gnu/libpcl_features.so  
[2.693s] -- Found PCL_ML: /usr/lib/x86_64-linux-gnu/libpcl_ml.so  
[2.694s] -- Found PCL_SEGMENTATION: /usr/lib/x86_64-linux-gnu/libpcl_segmentation.so  
[2.695s] -- Found PCL_VISUALIZATION: /usr/lib/x86_64-linux-gnu/libpcl_visualization.so  
[2.696s] -- Found PCL_SURFACE: /usr/lib/x86_64-linux-gnu/libpcl_surface.so  
[2.697s] -- Found PCL_REGISTRATION: /usr/lib/x86_64-linux-gnu/libpcl_registration.so  
[2.698s] -- Found PCL_KEYPOINTS: /usr/lib/x86_64-linux-gnu/libpcl_keypoints.so  
[2.699s] -- Found PCL_TRACKING: /usr/lib/x86_64-linux-gnu/libpcl_tracking.so  
[2.700s] -- Found PCL_RECOGNITION: /usr/lib/x86_64-linux-gnu/libpcl_recognition.so  
[2.701s] -- Found PCL_STEREO: /usr/lib/x86_64-linux-gnu/libpcl_stereo.so  
[2.702s] -- Found PCL_APPS: /usr/lib/x86_64-linux-gnu/libpcl_apps.so  
[2.702s] -- Found PCL_IN_HAND_SCANNER: /usr/include/pcl-1.12  
[2.703s] -- Found PCL_MODELER: /usr/include/pcl-1.12  
[2.703s] -- Found PCL_POINT_CLOUD_EDITOR: /usr/include/pcl-1.12  
[2.704s] -- Found PCL_OUTOFCORE: /usr/lib/x86_64-linux-gnu/libpcl_outofcore.so  
[2.705s] -- Found PCL_PEOPLE: /usr/lib/x86_64-linux-gnu/libpcl_people.so  
[2.791s] WARNING: Package name "SurfaceScanner" does not follow the naming conventions. It should start with a lower case letter and only contain lower case letters, digits, underscores, and dashes.
[2.806s] -- Configuring done
[2.815s] -- Generating done
[2.818s] -- Build files have been written to: /home/peri/Desktop/Studium/ROS Robotik/SurfaceScanner_ws/build/SurfaceScanner
[2.843s] Invoked command in '/home/peri/Desktop/Studium/ROS Robotik/SurfaceScanner_ws/build/SurfaceScanner' returned '0': CMAKE_PREFIX_PATH=${CMAKE_PREFIX_PATH}:/opt/ros/humble CONDA_PROMPT_MODIFIER=(base) /usr/bin/cmake --build /home/peri/Desktop/Studium/ROS Robotik/SurfaceScanner_ws/build/SurfaceScanner -- -j8 -l8
[2.865s] Invoking command in '/home/peri/Desktop/Studium/ROS Robotik/SurfaceScanner_ws/build/SurfaceScanner': CMAKE_PREFIX_PATH=${CMAKE_PREFIX_PATH}:/opt/ros/humble CONDA_PROMPT_MODIFIER=(base) /usr/bin/cmake --install /home/peri/Desktop/Studium/ROS Robotik/SurfaceScanner_ws/build/SurfaceScanner
[2.870s] -- Install configuration: ""
[2.870s] -- Installing: /home/peri/Desktop/Studium/ROS Robotik/SurfaceScanner_ws/install/SurfaceScanner/share/ament_index/resource_index/package_run_dependencies/SurfaceScanner
[2.870s] -- Up-to-date: /home/peri/Desktop/Studium/ROS Robotik/SurfaceScanner_ws/install/SurfaceScanner/share/ament_index/resource_index/parent_prefix_path/SurfaceScanner
[2.870s] -- Up-to-date: /home/peri/Desktop/Studium/ROS Robotik/SurfaceScanner_ws/install/SurfaceScanner/share/SurfaceScanner/environment/ament_prefix_path.sh
[2.870s] -- Installing: /home/peri/Desktop/Studium/ROS Robotik/SurfaceScanner_ws/install/SurfaceScanner/share/SurfaceScanner/environment/ament_prefix_path.dsv
[2.871s] -- Up-to-date: /home/peri/Desktop/Studium/ROS Robotik/SurfaceScanner_ws/install/SurfaceScanner/share/SurfaceScanner/environment/path.sh
[2.871s] -- Installing: /home/peri/Desktop/Studium/ROS Robotik/SurfaceScanner_ws/install/SurfaceScanner/share/SurfaceScanner/environment/path.dsv
[2.871s] -- Up-to-date: /home/peri/Desktop/Studium/ROS Robotik/SurfaceScanner_ws/install/SurfaceScanner/share/SurfaceScanner/local_setup.bash
[2.871s] -- Up-to-date: /home/peri/Desktop/Studium/ROS Robotik/SurfaceScanner_ws/install/SurfaceScanner/share/SurfaceScanner/local_setup.sh
[2.871s] -- Up-to-date: /home/peri/Desktop/Studium/ROS Robotik/SurfaceScanner_ws/install/SurfaceScanner/share/SurfaceScanner/local_setup.zsh
[2.871s] -- Installing: /home/peri/Desktop/Studium/ROS Robotik/SurfaceScanner_ws/install/SurfaceScanner/share/SurfaceScanner/local_setup.dsv
[2.871s] -- Installing: /home/peri/Desktop/Studium/ROS Robotik/SurfaceScanner_ws/install/SurfaceScanner/share/SurfaceScanner/package.dsv
[2.871s] -- Up-to-date: /home/peri/Desktop/Studium/ROS Robotik/SurfaceScanner_ws/install/SurfaceScanner/share/ament_index/resource_index/packages/SurfaceScanner
[2.871s] -- Up-to-date: /home/peri/Desktop/Studium/ROS Robotik/SurfaceScanner_ws/install/SurfaceScanner/share/SurfaceScanner/cmake/SurfaceScannerConfig.cmake
[2.871s] -- Up-to-date: /home/peri/Desktop/Studium/ROS Robotik/SurfaceScanner_ws/install/SurfaceScanner/share/SurfaceScanner/cmake/SurfaceScannerConfig-version.cmake
[2.871s] -- Installing: /home/peri/Desktop/Studium/ROS Robotik/SurfaceScanner_ws/install/SurfaceScanner/share/SurfaceScanner/package.xml
[2.874s] Invoked command in '/home/peri/Desktop/Studium/ROS Robotik/SurfaceScanner_ws/build/SurfaceScanner' returned '0': CMAKE_PREFIX_PATH=${CMAKE_PREFIX_PATH}:/opt/ros/humble CONDA_PROMPT_MODIFIER=(base) /usr/bin/cmake --install /home/peri/Desktop/Studium/ROS Robotik/SurfaceScanner_ws/build/SurfaceScanner
