[  2%] Built target interfaces__cpp
[ 12%] Built target interfaces__rosidl_generator_c
[ 12%] Built target ament_cmake_python_copy_interfaces
[ 23%] Built target interfaces__rosidl_typesupport_introspection_cpp
[ 34%] Built target interfaces__rosidl_typesupport_cpp
[ 44%] Built target interfaces__rosidl_typesupport_fastrtps_cpp
[ 55%] Built target interfaces__rosidl_typesupport_c
[ 74%] Built target interfaces__rosidl_typesupport_introspection_c
[ 76%] Built target interfaces__rosidl_typesupport_fastrtps_c
[ 76%] Built target interfaces
[ 78%] Built target interfaces__py
[ 87%] Built target interfaces__rosidl_generator_py
[ 91%] Built target interfaces__rosidl_typesupport_introspection_c__pyext
[ 95%] Built target interfaces__rosidl_typesupport_fastrtps_c__pyext
[100%] Built target interfaces__rosidl_typesupport_c__pyext
running egg_info
writing interfaces.egg-info/PKG-INFO
writing dependency_links to interfaces.egg-info/dependency_links.txt
writing top-level names to interfaces.egg-info/top_level.txt
reading manifest file 'interfaces.egg-info/SOURCES.txt'
writing manifest file 'interfaces.egg-info/SOURCES.txt'
[100%] Built target ament_cmake_python_build_interfaces_egg
