[0.012s] Invoking command in '/home/peri/Desktop/Studium/ROS Robotik/SurfaceScanner_ws/build/interfaces': CMAKE_PREFIX_PATH=${CMAKE_PREFIX_PATH}:/opt/ros/humble CONDA_PROMPT_MODIFIER=(base) /usr/bin/cmake --build /home/peri/Desktop/Studium/ROS Robotik/SurfaceScanner_ws/build/interfaces -- -j8 -l8
[0.064s] [  2%] Built target interfaces__cpp
[0.069s] [ 12%] Built target interfaces__rosidl_generator_c
[0.076s] [ 12%] Built target ament_cmake_python_copy_interfaces
[0.092s] [ 23%] Built target interfaces__rosidl_typesupport_introspection_cpp
[0.092s] [ 34%] Built target interfaces__rosidl_typesupport_cpp
[0.096s] [ 44%] Built target interfaces__rosidl_typesupport_fastrtps_cpp
[0.098s] [ 55%] Built target interfaces__rosidl_typesupport_c
[0.099s] [ 65%] Built target interfaces__rosidl_typesupport_fastrtps_c
[0.102s] [ 76%] Built target interfaces__rosidl_typesupport_introspection_c
[0.116s] [ 76%] Built target interfaces
[0.133s] [ 78%] Built target interfaces__py
[0.153s] [ 87%] Built target interfaces__rosidl_generator_py
[0.172s] [100%] Built target interfaces__rosidl_typesupport_c__pyext
[0.173s] [100%] Built target interfaces__rosidl_typesupport_fastrtps_c__pyext
[0.173s] [100%] Built target interfaces__rosidl_typesupport_introspection_c__pyext
[0.481s] running egg_info
[0.500s] writing interfaces.egg-info/PKG-INFO
[0.501s] writing dependency_links to interfaces.egg-info/dependency_links.txt
[0.501s] writing top-level names to interfaces.egg-info/top_level.txt
[0.569s] reading manifest file 'interfaces.egg-info/SOURCES.txt'
[0.569s] writing manifest file 'interfaces.egg-info/SOURCES.txt'
[0.617s] [100%] Built target ament_cmake_python_build_interfaces_egg
[0.627s] Invoked command in '/home/peri/Desktop/Studium/ROS Robotik/SurfaceScanner_ws/build/interfaces' returned '0': CMAKE_PREFIX_PATH=${CMAKE_PREFIX_PATH}:/opt/ros/humble CONDA_PROMPT_MODIFIER=(base) /usr/bin/cmake --build /home/peri/Desktop/Studium/ROS Robotik/SurfaceScanner_ws/build/interfaces -- -j8 -l8
[0.691s] Invoking command in '/home/peri/Desktop/Studium/ROS Robotik/SurfaceScanner_ws/build/interfaces': CMAKE_PREFIX_PATH=${CMAKE_PREFIX_PATH}:/opt/ros/humble CONDA_PROMPT_MODIFIER=(base) /usr/bin/cmake --install /home/peri/Desktop/Studium/ROS Robotik/SurfaceScanner_ws/build/interfaces
[0.707s] -- Install configuration: ""
[0.708s] -- Up-to-date: /home/peri/Desktop/Studium/ROS Robotik/SurfaceScanner_ws/install/interfaces/share/ament_index/resource_index/rosidl_interfaces/interfaces
[0.708s] -- Up-to-date: /home/peri/Desktop/Studium/ROS Robotik/SurfaceScanner_ws/install/interfaces/include/interfaces/interfaces
[0.708s] -- Up-to-date: /home/peri/Desktop/Studium/ROS Robotik/SurfaceScanner_ws/install/interfaces/include/interfaces/interfaces/srv
[0.708s] -- Up-to-date: /home/peri/Desktop/Studium/ROS Robotik/SurfaceScanner_ws/install/interfaces/include/interfaces/interfaces/srv/detail
[0.708s] -- Up-to-date: /home/peri/Desktop/Studium/ROS Robotik/SurfaceScanner_ws/install/interfaces/include/interfaces/interfaces/srv/detail/calibrate_laser_import__functions.h
[0.708s] -- Up-to-date: /home/peri/Desktop/Studium/ROS Robotik/SurfaceScanner_ws/install/interfaces/include/interfaces/interfaces/srv/detail/calibrate_laser_import__type_support.h
[0.708s] -- Up-to-date: /home/peri/Desktop/Studium/ROS Robotik/SurfaceScanner_ws/install/interfaces/include/interfaces/interfaces/srv/detail/calibrate_laser_import__functions.c
[0.708s] -- Up-to-date: /home/peri/Desktop/Studium/ROS Robotik/SurfaceScanner_ws/install/interfaces/include/interfaces/interfaces/srv/detail/calibrate_laser_import__struct.h
[0.708s] -- Up-to-date: /home/peri/Desktop/Studium/ROS Robotik/SurfaceScanner_ws/install/interfaces/include/interfaces/interfaces/srv/calibrate_laser_import.h
[0.709s] -- Up-to-date: /home/peri/Desktop/Studium/ROS Robotik/SurfaceScanner_ws/install/interfaces/include/interfaces/interfaces/msg
[0.709s] -- Up-to-date: /home/peri/Desktop/Studium/ROS Robotik/SurfaceScanner_ws/install/interfaces/include/interfaces/interfaces/msg/image_pair.h
[0.709s] -- Up-to-date: /home/peri/Desktop/Studium/ROS Robotik/SurfaceScanner_ws/install/interfaces/include/interfaces/interfaces/msg/rosidl_generator_c__visibility_control.h
[0.709s] -- Up-to-date: /home/peri/Desktop/Studium/ROS Robotik/SurfaceScanner_ws/install/interfaces/include/interfaces/interfaces/msg/detail
[0.709s] -- Up-to-date: /home/peri/Desktop/Studium/ROS Robotik/SurfaceScanner_ws/install/interfaces/include/interfaces/interfaces/msg/detail/camera_calibration_imgs__functions.c
[0.709s] -- Up-to-date: /home/peri/Desktop/Studium/ROS Robotik/SurfaceScanner_ws/install/interfaces/include/interfaces/interfaces/msg/detail/image_pair__struct.h
[0.709s] -- Up-to-date: /home/peri/Desktop/Studium/ROS Robotik/SurfaceScanner_ws/install/interfaces/include/interfaces/interfaces/msg/detail/camera_calibration_imgs__struct.h
[0.709s] -- Up-to-date: /home/peri/Desktop/Studium/ROS Robotik/SurfaceScanner_ws/install/interfaces/include/interfaces/interfaces/msg/detail/image_pair__functions.h
[0.709s] -- Up-to-date: /home/peri/Desktop/Studium/ROS Robotik/SurfaceScanner_ws/install/interfaces/include/interfaces/interfaces/msg/detail/camera_calibration_imgs__functions.h
[0.710s] -- Up-to-date: /home/peri/Desktop/Studium/ROS Robotik/SurfaceScanner_ws/install/interfaces/include/interfaces/interfaces/msg/detail/camera_calibration_imgs__type_support.h
[0.710s] -- Up-to-date: /home/peri/Desktop/Studium/ROS Robotik/SurfaceScanner_ws/install/interfaces/include/interfaces/interfaces/msg/detail/image_pair__functions.c
[0.710s] -- Up-to-date: /home/peri/Desktop/Studium/ROS Robotik/SurfaceScanner_ws/install/interfaces/include/interfaces/interfaces/msg/detail/image_pair__type_support.h
[0.710s] -- Up-to-date: /home/peri/Desktop/Studium/ROS Robotik/SurfaceScanner_ws/install/interfaces/include/interfaces/interfaces/msg/camera_calibration_imgs.h
[0.710s] -- Up-to-date: /home/peri/Desktop/Studium/ROS Robotik/SurfaceScanner_ws/install/interfaces/share/interfaces/environment/library_path.sh
[0.710s] -- Up-to-date: /home/peri/Desktop/Studium/ROS Robotik/SurfaceScanner_ws/install/interfaces/share/interfaces/environment/library_path.dsv
[0.710s] -- Up-to-date: /home/peri/Desktop/Studium/ROS Robotik/SurfaceScanner_ws/install/interfaces/lib/libinterfaces__rosidl_generator_c.so
[0.710s] -- Up-to-date: /home/peri/Desktop/Studium/ROS Robotik/SurfaceScanner_ws/install/interfaces/include/interfaces/interfaces
[0.710s] -- Up-to-date: /home/peri/Desktop/Studium/ROS Robotik/SurfaceScanner_ws/install/interfaces/include/interfaces/interfaces/srv
[0.711s] -- Up-to-date: /home/peri/Desktop/Studium/ROS Robotik/SurfaceScanner_ws/install/interfaces/include/interfaces/interfaces/srv/detail
[0.711s] -- Up-to-date: /home/peri/Desktop/Studium/ROS Robotik/SurfaceScanner_ws/install/interfaces/include/interfaces/interfaces/srv/detail/calibrate_laser_import__rosidl_typesupport_fastrtps_c.h
[0.711s] -- Up-to-date: /home/peri/Desktop/Studium/ROS Robotik/SurfaceScanner_ws/install/interfaces/include/interfaces/interfaces/msg
[0.711s] -- Up-to-date: /home/peri/Desktop/Studium/ROS Robotik/SurfaceScanner_ws/install/interfaces/include/interfaces/interfaces/msg/rosidl_typesupport_fastrtps_c__visibility_control.h
[0.711s] -- Up-to-date: /home/peri/Desktop/Studium/ROS Robotik/SurfaceScanner_ws/install/interfaces/include/interfaces/interfaces/msg/detail
[0.711s] -- Up-to-date: /home/peri/Desktop/Studium/ROS Robotik/SurfaceScanner_ws/install/interfaces/include/interfaces/interfaces/msg/detail/camera_calibration_imgs__rosidl_typesupport_fastrtps_c.h
[0.711s] -- Up-to-date: /home/peri/Desktop/Studium/ROS Robotik/SurfaceScanner_ws/install/interfaces/include/interfaces/interfaces/msg/detail/image_pair__rosidl_typesupport_fastrtps_c.h
[0.711s] -- Up-to-date: /home/peri/Desktop/Studium/ROS Robotik/SurfaceScanner_ws/install/interfaces/lib/libinterfaces__rosidl_typesupport_fastrtps_c.so
[0.711s] -- Up-to-date: /home/peri/Desktop/Studium/ROS Robotik/SurfaceScanner_ws/install/interfaces/include/interfaces/interfaces
[0.711s] -- Up-to-date: /home/peri/Desktop/Studium/ROS Robotik/SurfaceScanner_ws/install/interfaces/include/interfaces/interfaces/srv
[0.711s] -- Up-to-date: /home/peri/Desktop/Studium/ROS Robotik/SurfaceScanner_ws/install/interfaces/include/interfaces/interfaces/srv/detail
[0.712s] -- Up-to-date: /home/peri/Desktop/Studium/ROS Robotik/SurfaceScanner_ws/install/interfaces/include/interfaces/interfaces/srv/detail/calibrate_laser_import__type_support.c
[0.712s] -- Up-to-date: /home/peri/Desktop/Studium/ROS Robotik/SurfaceScanner_ws/install/interfaces/include/interfaces/interfaces/srv/detail/calibrate_laser_import__rosidl_typesupport_introspection_c.h
[0.712s] -- Up-to-date: /home/peri/Desktop/Studium/ROS Robotik/SurfaceScanner_ws/install/interfaces/include/interfaces/interfaces/msg
[0.712s] -- Up-to-date: /home/peri/Desktop/Studium/ROS Robotik/SurfaceScanner_ws/install/interfaces/include/interfaces/interfaces/msg/rosidl_typesupport_introspection_c__visibility_control.h
[0.712s] -- Up-to-date: /home/peri/Desktop/Studium/ROS Robotik/SurfaceScanner_ws/install/interfaces/include/interfaces/interfaces/msg/detail
[0.712s] -- Up-to-date: /home/peri/Desktop/Studium/ROS Robotik/SurfaceScanner_ws/install/interfaces/include/interfaces/interfaces/msg/detail/camera_calibration_imgs__type_support.c
[0.712s] -- Up-to-date: /home/peri/Desktop/Studium/ROS Robotik/SurfaceScanner_ws/install/interfaces/include/interfaces/interfaces/msg/detail/image_pair__type_support.c
[0.712s] -- Up-to-date: /home/peri/Desktop/Studium/ROS Robotik/SurfaceScanner_ws/install/interfaces/include/interfaces/interfaces/msg/detail/image_pair__rosidl_typesupport_introspection_c.h
[0.712s] -- Up-to-date: /home/peri/Desktop/Studium/ROS Robotik/SurfaceScanner_ws/install/interfaces/include/interfaces/interfaces/msg/detail/camera_calibration_imgs__rosidl_typesupport_introspection_c.h
[0.712s] -- Up-to-date: /home/peri/Desktop/Studium/ROS Robotik/SurfaceScanner_ws/install/interfaces/lib/libinterfaces__rosidl_typesupport_introspection_c.so
[0.712s] -- Up-to-date: /home/peri/Desktop/Studium/ROS Robotik/SurfaceScanner_ws/install/interfaces/lib/libinterfaces__rosidl_typesupport_c.so
[0.713s] -- Up-to-date: /home/peri/Desktop/Studium/ROS Robotik/SurfaceScanner_ws/install/interfaces/include/interfaces/interfaces
[0.713s] -- Up-to-date: /home/peri/Desktop/Studium/ROS Robotik/SurfaceScanner_ws/install/interfaces/include/interfaces/interfaces/srv
[0.713s] -- Up-to-date: /home/peri/Desktop/Studium/ROS Robotik/SurfaceScanner_ws/install/interfaces/include/interfaces/interfaces/srv/detail
[0.713s] -- Up-to-date: /home/peri/Desktop/Studium/ROS Robotik/SurfaceScanner_ws/install/interfaces/include/interfaces/interfaces/srv/detail/calibrate_laser_import__traits.hpp
[0.713s] -- Up-to-date: /home/peri/Desktop/Studium/ROS Robotik/SurfaceScanner_ws/install/interfaces/include/interfaces/interfaces/srv/detail/calibrate_laser_import__builder.hpp
[0.713s] -- Up-to-date: /home/peri/Desktop/Studium/ROS Robotik/SurfaceScanner_ws/install/interfaces/include/interfaces/interfaces/srv/detail/calibrate_laser_import__struct.hpp
[0.713s] -- Up-to-date: /home/peri/Desktop/Studium/ROS Robotik/SurfaceScanner_ws/install/interfaces/include/interfaces/interfaces/srv/calibrate_laser_import.hpp
[0.713s] -- Up-to-date: /home/peri/Desktop/Studium/ROS Robotik/SurfaceScanner_ws/install/interfaces/include/interfaces/interfaces/msg
[0.713s] -- Up-to-date: /home/peri/Desktop/Studium/ROS Robotik/SurfaceScanner_ws/install/interfaces/include/interfaces/interfaces/msg/image_pair.hpp
[0.713s] -- Up-to-date: /home/peri/Desktop/Studium/ROS Robotik/SurfaceScanner_ws/install/interfaces/include/interfaces/interfaces/msg/detail
[0.713s] -- Up-to-date: /home/peri/Desktop/Studium/ROS Robotik/SurfaceScanner_ws/install/interfaces/include/interfaces/interfaces/msg/detail/camera_calibration_imgs__builder.hpp
[0.713s] -- Up-to-date: /home/peri/Desktop/Studium/ROS Robotik/SurfaceScanner_ws/install/interfaces/include/interfaces/interfaces/msg/detail/camera_calibration_imgs__struct.hpp
[0.713s] -- Up-to-date: /home/peri/Desktop/Studium/ROS Robotik/SurfaceScanner_ws/install/interfaces/include/interfaces/interfaces/msg/detail/camera_calibration_imgs__traits.hpp
[0.713s] -- Up-to-date: /home/peri/Desktop/Studium/ROS Robotik/SurfaceScanner_ws/install/interfaces/include/interfaces/interfaces/msg/detail/image_pair__builder.hpp
[0.713s] -- Up-to-date: /home/peri/Desktop/Studium/ROS Robotik/SurfaceScanner_ws/install/interfaces/include/interfaces/interfaces/msg/detail/image_pair__traits.hpp
[0.713s] -- Up-to-date: /home/peri/Desktop/Studium/ROS Robotik/SurfaceScanner_ws/install/interfaces/include/interfaces/interfaces/msg/detail/image_pair__struct.hpp
[0.714s] -- Up-to-date: /home/peri/Desktop/Studium/ROS Robotik/SurfaceScanner_ws/install/interfaces/include/interfaces/interfaces/msg/camera_calibration_imgs.hpp
[0.714s] -- Up-to-date: /home/peri/Desktop/Studium/ROS Robotik/SurfaceScanner_ws/install/interfaces/include/interfaces/interfaces
[0.714s] -- Up-to-date: /home/peri/Desktop/Studium/ROS Robotik/SurfaceScanner_ws/install/interfaces/include/interfaces/interfaces/srv
[0.714s] -- Up-to-date: /home/peri/Desktop/Studium/ROS Robotik/SurfaceScanner_ws/install/interfaces/include/interfaces/interfaces/srv/detail
[0.714s] -- Up-to-date: /home/peri/Desktop/Studium/ROS Robotik/SurfaceScanner_ws/install/interfaces/include/interfaces/interfaces/srv/detail/dds_fastrtps
[0.714s] -- Up-to-date: /home/peri/Desktop/Studium/ROS Robotik/SurfaceScanner_ws/install/interfaces/include/interfaces/interfaces/srv/detail/calibrate_laser_import__rosidl_typesupport_fastrtps_cpp.hpp
[0.714s] -- Up-to-date: /home/peri/Desktop/Studium/ROS Robotik/SurfaceScanner_ws/install/interfaces/include/interfaces/interfaces/msg
[0.714s] -- Up-to-date: /home/peri/Desktop/Studium/ROS Robotik/SurfaceScanner_ws/install/interfaces/include/interfaces/interfaces/msg/rosidl_typesupport_fastrtps_cpp__visibility_control.h
[0.714s] -- Up-to-date: /home/peri/Desktop/Studium/ROS Robotik/SurfaceScanner_ws/install/interfaces/include/interfaces/interfaces/msg/detail
[0.714s] -- Up-to-date: /home/peri/Desktop/Studium/ROS Robotik/SurfaceScanner_ws/install/interfaces/include/interfaces/interfaces/msg/detail/dds_fastrtps
[0.714s] -- Up-to-date: /home/peri/Desktop/Studium/ROS Robotik/SurfaceScanner_ws/install/interfaces/include/interfaces/interfaces/msg/detail/camera_calibration_imgs__rosidl_typesupport_fastrtps_cpp.hpp
[0.714s] -- Up-to-date: /home/peri/Desktop/Studium/ROS Robotik/SurfaceScanner_ws/install/interfaces/include/interfaces/interfaces/msg/detail/image_pair__rosidl_typesupport_fastrtps_cpp.hpp
[0.714s] -- Up-to-date: /home/peri/Desktop/Studium/ROS Robotik/SurfaceScanner_ws/install/interfaces/lib/libinterfaces__rosidl_typesupport_fastrtps_cpp.so
[0.714s] -- Up-to-date: /home/peri/Desktop/Studium/ROS Robotik/SurfaceScanner_ws/install/interfaces/include/interfaces/interfaces
[0.714s] -- Up-to-date: /home/peri/Desktop/Studium/ROS Robotik/SurfaceScanner_ws/install/interfaces/include/interfaces/interfaces/srv
[0.714s] -- Up-to-date: /home/peri/Desktop/Studium/ROS Robotik/SurfaceScanner_ws/install/interfaces/include/interfaces/interfaces/srv/detail
[0.715s] -- Up-to-date: /home/peri/Desktop/Studium/ROS Robotik/SurfaceScanner_ws/install/interfaces/include/interfaces/interfaces/srv/detail/calibrate_laser_import__type_support.cpp
[0.715s] -- Up-to-date: /home/peri/Desktop/Studium/ROS Robotik/SurfaceScanner_ws/install/interfaces/include/interfaces/interfaces/srv/detail/calibrate_laser_import__rosidl_typesupport_introspection_cpp.hpp
[0.715s] -- Up-to-date: /home/peri/Desktop/Studium/ROS Robotik/SurfaceScanner_ws/install/interfaces/include/interfaces/interfaces/msg
[0.715s] -- Up-to-date: /home/peri/Desktop/Studium/ROS Robotik/SurfaceScanner_ws/install/interfaces/include/interfaces/interfaces/msg/detail
[0.715s] -- Up-to-date: /home/peri/Desktop/Studium/ROS Robotik/SurfaceScanner_ws/install/interfaces/include/interfaces/interfaces/msg/detail/camera_calibration_imgs__rosidl_typesupport_introspection_cpp.hpp
[0.715s] -- Up-to-date: /home/peri/Desktop/Studium/ROS Robotik/SurfaceScanner_ws/install/interfaces/include/interfaces/interfaces/msg/detail/image_pair__rosidl_typesupport_introspection_cpp.hpp
[0.715s] -- Up-to-date: /home/peri/Desktop/Studium/ROS Robotik/SurfaceScanner_ws/install/interfaces/include/interfaces/interfaces/msg/detail/image_pair__type_support.cpp
[0.715s] -- Up-to-date: /home/peri/Desktop/Studium/ROS Robotik/SurfaceScanner_ws/install/interfaces/include/interfaces/interfaces/msg/detail/camera_calibration_imgs__type_support.cpp
[0.715s] -- Up-to-date: /home/peri/Desktop/Studium/ROS Robotik/SurfaceScanner_ws/install/interfaces/lib/libinterfaces__rosidl_typesupport_introspection_cpp.so
[0.715s] -- Up-to-date: /home/peri/Desktop/Studium/ROS Robotik/SurfaceScanner_ws/install/interfaces/lib/libinterfaces__rosidl_typesupport_cpp.so
[0.715s] -- Up-to-date: /home/peri/Desktop/Studium/ROS Robotik/SurfaceScanner_ws/install/interfaces/share/interfaces/environment/pythonpath.sh
[0.715s] -- Up-to-date: /home/peri/Desktop/Studium/ROS Robotik/SurfaceScanner_ws/install/interfaces/share/interfaces/environment/pythonpath.dsv
[0.715s] -- Up-to-date: /home/peri/Desktop/Studium/ROS Robotik/SurfaceScanner_ws/install/interfaces/lib/python3.10/site-packages/interfaces-0.0.0-py3.10.egg-info
[0.715s] -- Installing: /home/peri/Desktop/Studium/ROS Robotik/SurfaceScanner_ws/install/interfaces/lib/python3.10/site-packages/interfaces-0.0.0-py3.10.egg-info/dependency_links.txt
[0.715s] -- Installing: /home/peri/Desktop/Studium/ROS Robotik/SurfaceScanner_ws/install/interfaces/lib/python3.10/site-packages/interfaces-0.0.0-py3.10.egg-info/PKG-INFO
[0.715s] -- Installing: /home/peri/Desktop/Studium/ROS Robotik/SurfaceScanner_ws/install/interfaces/lib/python3.10/site-packages/interfaces-0.0.0-py3.10.egg-info/SOURCES.txt
[0.715s] -- Installing: /home/peri/Desktop/Studium/ROS Robotik/SurfaceScanner_ws/install/interfaces/lib/python3.10/site-packages/interfaces-0.0.0-py3.10.egg-info/top_level.txt
[0.716s] -- Up-to-date: /home/peri/Desktop/Studium/ROS Robotik/SurfaceScanner_ws/install/interfaces/lib/python3.10/site-packages/interfaces
[0.716s] -- Up-to-date: /home/peri/Desktop/Studium/ROS Robotik/SurfaceScanner_ws/install/interfaces/lib/python3.10/site-packages/interfaces/interfaces_s__rosidl_typesupport_introspection_c.cpython-310-x86_64-linux-gnu.so
[0.716s] -- Up-to-date: /home/peri/Desktop/Studium/ROS Robotik/SurfaceScanner_ws/install/interfaces/lib/python3.10/site-packages/interfaces/interfaces_s__rosidl_typesupport_fastrtps_c.cpython-310-x86_64-linux-gnu.so
[0.716s] -- Up-to-date: /home/peri/Desktop/Studium/ROS Robotik/SurfaceScanner_ws/install/interfaces/lib/python3.10/site-packages/interfaces/srv
[0.716s] -- Up-to-date: /home/peri/Desktop/Studium/ROS Robotik/SurfaceScanner_ws/install/interfaces/lib/python3.10/site-packages/interfaces/srv/__init__.py
[0.716s] -- Up-to-date: /home/peri/Desktop/Studium/ROS Robotik/SurfaceScanner_ws/install/interfaces/lib/python3.10/site-packages/interfaces/srv/_calibrate_laser_import_s.c
[0.716s] -- Up-to-date: /home/peri/Desktop/Studium/ROS Robotik/SurfaceScanner_ws/install/interfaces/lib/python3.10/site-packages/interfaces/srv/_calibrate_laser_import.py
[0.716s] -- Up-to-date: /home/peri/Desktop/Studium/ROS Robotik/SurfaceScanner_ws/install/interfaces/lib/python3.10/site-packages/interfaces/_interfaces_s.ep.rosidl_typesupport_c.c
[0.716s] -- Up-to-date: /home/peri/Desktop/Studium/ROS Robotik/SurfaceScanner_ws/install/interfaces/lib/python3.10/site-packages/interfaces/libinterfaces__rosidl_generator_py.so
[0.716s] -- Up-to-date: /home/peri/Desktop/Studium/ROS Robotik/SurfaceScanner_ws/install/interfaces/lib/python3.10/site-packages/interfaces/interfaces_s__rosidl_typesupport_c.cpython-310-x86_64-linux-gnu.so
[0.716s] -- Up-to-date: /home/peri/Desktop/Studium/ROS Robotik/SurfaceScanner_ws/install/interfaces/lib/python3.10/site-packages/interfaces/msg
[0.716s] -- Up-to-date: /home/peri/Desktop/Studium/ROS Robotik/SurfaceScanner_ws/install/interfaces/lib/python3.10/site-packages/interfaces/msg/_camera_calibration_imgs_s.c
[0.716s] -- Up-to-date: /home/peri/Desktop/Studium/ROS Robotik/SurfaceScanner_ws/install/interfaces/lib/python3.10/site-packages/interfaces/msg/_camera_calibration_imgs.py
[0.716s] -- Up-to-date: /home/peri/Desktop/Studium/ROS Robotik/SurfaceScanner_ws/install/interfaces/lib/python3.10/site-packages/interfaces/msg/__init__.py
[0.716s] -- Up-to-date: /home/peri/Desktop/Studium/ROS Robotik/SurfaceScanner_ws/install/interfaces/lib/python3.10/site-packages/interfaces/msg/_image_pair.py
[0.716s] -- Up-to-date: /home/peri/Desktop/Studium/ROS Robotik/SurfaceScanner_ws/install/interfaces/lib/python3.10/site-packages/interfaces/msg/_image_pair_s.c
[0.717s] -- Up-to-date: /home/peri/Desktop/Studium/ROS Robotik/SurfaceScanner_ws/install/interfaces/lib/python3.10/site-packages/interfaces/__init__.py
[0.717s] -- Up-to-date: /home/peri/Desktop/Studium/ROS Robotik/SurfaceScanner_ws/install/interfaces/lib/python3.10/site-packages/interfaces/_interfaces_s.ep.rosidl_typesupport_fastrtps_c.c
[0.717s] -- Up-to-date: /home/peri/Desktop/Studium/ROS Robotik/SurfaceScanner_ws/install/interfaces/lib/python3.10/site-packages/interfaces/_interfaces_s.ep.rosidl_typesupport_introspection_c.c
[0.747s] Listing '/home/peri/Desktop/Studium/ROS Robotik/SurfaceScanner_ws/install/interfaces/lib/python3.10/site-packages/interfaces'...
[0.747s] Listing '/home/peri/Desktop/Studium/ROS Robotik/SurfaceScanner_ws/install/interfaces/lib/python3.10/site-packages/interfaces/msg'...
[0.747s] Listing '/home/peri/Desktop/Studium/ROS Robotik/SurfaceScanner_ws/install/interfaces/lib/python3.10/site-packages/interfaces/srv'...
[0.751s] -- Up-to-date: /home/peri/Desktop/Studium/ROS Robotik/SurfaceScanner_ws/install/interfaces/lib/python3.10/site-packages/interfaces/interfaces_s__rosidl_typesupport_fastrtps_c.cpython-310-x86_64-linux-gnu.so
[0.752s] -- Up-to-date: /home/peri/Desktop/Studium/ROS Robotik/SurfaceScanner_ws/install/interfaces/lib/python3.10/site-packages/interfaces/interfaces_s__rosidl_typesupport_introspection_c.cpython-310-x86_64-linux-gnu.so
[0.752s] -- Up-to-date: /home/peri/Desktop/Studium/ROS Robotik/SurfaceScanner_ws/install/interfaces/lib/python3.10/site-packages/interfaces/interfaces_s__rosidl_typesupport_c.cpython-310-x86_64-linux-gnu.so
[0.752s] -- Up-to-date: /home/peri/Desktop/Studium/ROS Robotik/SurfaceScanner_ws/install/interfaces/lib/libinterfaces__rosidl_generator_py.so
[0.752s] -- Up-to-date: /home/peri/Desktop/Studium/ROS Robotik/SurfaceScanner_ws/install/interfaces/share/interfaces/msg/CameraCalibrationImgs.idl
[0.753s] -- Up-to-date: /home/peri/Desktop/Studium/ROS Robotik/SurfaceScanner_ws/install/interfaces/share/interfaces/msg/ImagePair.idl
[0.753s] -- Up-to-date: /home/peri/Desktop/Studium/ROS Robotik/SurfaceScanner_ws/install/interfaces/share/interfaces/srv/CalibrateLaserImport.idl
[0.753s] -- Up-to-date: /home/peri/Desktop/Studium/ROS Robotik/SurfaceScanner_ws/install/interfaces/share/interfaces/msg/CameraCalibrationImgs.msg
[0.753s] -- Up-to-date: /home/peri/Desktop/Studium/ROS Robotik/SurfaceScanner_ws/install/interfaces/share/interfaces/msg/ImagePair.msg
[0.753s] -- Up-to-date: /home/peri/Desktop/Studium/ROS Robotik/SurfaceScanner_ws/install/interfaces/share/interfaces/srv/CalibrateLaserImport.srv
[0.753s] -- Up-to-date: /home/peri/Desktop/Studium/ROS Robotik/SurfaceScanner_ws/install/interfaces/share/interfaces/srv/CalibrateLaserImport_Request.msg
[0.753s] -- Up-to-date: /home/peri/Desktop/Studium/ROS Robotik/SurfaceScanner_ws/install/interfaces/share/interfaces/srv/CalibrateLaserImport_Response.msg
[0.754s] -- Up-to-date: /home/peri/Desktop/Studium/ROS Robotik/SurfaceScanner_ws/install/interfaces/share/ament_index/resource_index/package_run_dependencies/interfaces
[0.754s] -- Up-to-date: /home/peri/Desktop/Studium/ROS Robotik/SurfaceScanner_ws/install/interfaces/share/ament_index/resource_index/parent_prefix_path/interfaces
[0.754s] -- Up-to-date: /home/peri/Desktop/Studium/ROS Robotik/SurfaceScanner_ws/install/interfaces/share/interfaces/environment/ament_prefix_path.sh
[0.754s] -- Up-to-date: /home/peri/Desktop/Studium/ROS Robotik/SurfaceScanner_ws/install/interfaces/share/interfaces/environment/ament_prefix_path.dsv
[0.754s] -- Up-to-date: /home/peri/Desktop/Studium/ROS Robotik/SurfaceScanner_ws/install/interfaces/share/interfaces/environment/path.sh
[0.754s] -- Up-to-date: /home/peri/Desktop/Studium/ROS Robotik/SurfaceScanner_ws/install/interfaces/share/interfaces/environment/path.dsv
[0.754s] -- Up-to-date: /home/peri/Desktop/Studium/ROS Robotik/SurfaceScanner_ws/install/interfaces/share/interfaces/local_setup.bash
[0.754s] -- Up-to-date: /home/peri/Desktop/Studium/ROS Robotik/SurfaceScanner_ws/install/interfaces/share/interfaces/local_setup.sh
[0.754s] -- Up-to-date: /home/peri/Desktop/Studium/ROS Robotik/SurfaceScanner_ws/install/interfaces/share/interfaces/local_setup.zsh
[0.754s] -- Up-to-date: /home/peri/Desktop/Studium/ROS Robotik/SurfaceScanner_ws/install/interfaces/share/interfaces/local_setup.dsv
[0.755s] -- Installing: /home/peri/Desktop/Studium/ROS Robotik/SurfaceScanner_ws/install/interfaces/share/interfaces/package.dsv
[0.755s] -- Up-to-date: /home/peri/Desktop/Studium/ROS Robotik/SurfaceScanner_ws/install/interfaces/share/ament_index/resource_index/packages/interfaces
[0.755s] -- Up-to-date: /home/peri/Desktop/Studium/ROS Robotik/SurfaceScanner_ws/install/interfaces/share/interfaces/cmake/export_interfaces__rosidl_generator_cExport.cmake
[0.755s] -- Up-to-date: /home/peri/Desktop/Studium/ROS Robotik/SurfaceScanner_ws/install/interfaces/share/interfaces/cmake/export_interfaces__rosidl_generator_cExport-noconfig.cmake
[0.755s] -- Up-to-date: /home/peri/Desktop/Studium/ROS Robotik/SurfaceScanner_ws/install/interfaces/share/interfaces/cmake/export_interfaces__rosidl_typesupport_fastrtps_cExport.cmake
[0.755s] -- Up-to-date: /home/peri/Desktop/Studium/ROS Robotik/SurfaceScanner_ws/install/interfaces/share/interfaces/cmake/export_interfaces__rosidl_typesupport_fastrtps_cExport-noconfig.cmake
[0.755s] -- Up-to-date: /home/peri/Desktop/Studium/ROS Robotik/SurfaceScanner_ws/install/interfaces/share/interfaces/cmake/interfaces__rosidl_typesupport_introspection_cExport.cmake
[0.755s] -- Up-to-date: /home/peri/Desktop/Studium/ROS Robotik/SurfaceScanner_ws/install/interfaces/share/interfaces/cmake/interfaces__rosidl_typesupport_introspection_cExport-noconfig.cmake
[0.755s] -- Up-to-date: /home/peri/Desktop/Studium/ROS Robotik/SurfaceScanner_ws/install/interfaces/share/interfaces/cmake/interfaces__rosidl_typesupport_cExport.cmake
[0.756s] -- Up-to-date: /home/peri/Desktop/Studium/ROS Robotik/SurfaceScanner_ws/install/interfaces/share/interfaces/cmake/interfaces__rosidl_typesupport_cExport-noconfig.cmake
[0.756s] -- Up-to-date: /home/peri/Desktop/Studium/ROS Robotik/SurfaceScanner_ws/install/interfaces/share/interfaces/cmake/export_interfaces__rosidl_generator_cppExport.cmake
[0.756s] -- Up-to-date: /home/peri/Desktop/Studium/ROS Robotik/SurfaceScanner_ws/install/interfaces/share/interfaces/cmake/export_interfaces__rosidl_typesupport_fastrtps_cppExport.cmake
[0.756s] -- Up-to-date: /home/peri/Desktop/Studium/ROS Robotik/SurfaceScanner_ws/install/interfaces/share/interfaces/cmake/export_interfaces__rosidl_typesupport_fastrtps_cppExport-noconfig.cmake
[0.756s] -- Up-to-date: /home/peri/Desktop/Studium/ROS Robotik/SurfaceScanner_ws/install/interfaces/share/interfaces/cmake/interfaces__rosidl_typesupport_introspection_cppExport.cmake
[0.756s] -- Up-to-date: /home/peri/Desktop/Studium/ROS Robotik/SurfaceScanner_ws/install/interfaces/share/interfaces/cmake/interfaces__rosidl_typesupport_introspection_cppExport-noconfig.cmake
[0.757s] -- Up-to-date: /home/peri/Desktop/Studium/ROS Robotik/SurfaceScanner_ws/install/interfaces/share/interfaces/cmake/interfaces__rosidl_typesupport_cppExport.cmake
[0.757s] -- Up-to-date: /home/peri/Desktop/Studium/ROS Robotik/SurfaceScanner_ws/install/interfaces/share/interfaces/cmake/interfaces__rosidl_typesupport_cppExport-noconfig.cmake
[0.757s] -- Up-to-date: /home/peri/Desktop/Studium/ROS Robotik/SurfaceScanner_ws/install/interfaces/share/interfaces/cmake/export_interfaces__rosidl_generator_pyExport.cmake
[0.757s] -- Up-to-date: /home/peri/Desktop/Studium/ROS Robotik/SurfaceScanner_ws/install/interfaces/share/interfaces/cmake/export_interfaces__rosidl_generator_pyExport-noconfig.cmake
[0.757s] -- Up-to-date: /home/peri/Desktop/Studium/ROS Robotik/SurfaceScanner_ws/install/interfaces/share/interfaces/cmake/rosidl_cmake-extras.cmake
[0.757s] -- Up-to-date: /home/peri/Desktop/Studium/ROS Robotik/SurfaceScanner_ws/install/interfaces/share/interfaces/cmake/ament_cmake_export_dependencies-extras.cmake
[0.757s] -- Up-to-date: /home/peri/Desktop/Studium/ROS Robotik/SurfaceScanner_ws/install/interfaces/share/interfaces/cmake/ament_cmake_export_include_directories-extras.cmake
[0.757s] -- Up-to-date: /home/peri/Desktop/Studium/ROS Robotik/SurfaceScanner_ws/install/interfaces/share/interfaces/cmake/ament_cmake_export_libraries-extras.cmake
[0.757s] -- Up-to-date: /home/peri/Desktop/Studium/ROS Robotik/SurfaceScanner_ws/install/interfaces/share/interfaces/cmake/ament_cmake_export_targets-extras.cmake
[0.758s] -- Up-to-date: /home/peri/Desktop/Studium/ROS Robotik/SurfaceScanner_ws/install/interfaces/share/interfaces/cmake/rosidl_cmake_export_typesupport_targets-extras.cmake
[0.758s] -- Up-to-date: /home/peri/Desktop/Studium/ROS Robotik/SurfaceScanner_ws/install/interfaces/share/interfaces/cmake/rosidl_cmake_export_typesupport_libraries-extras.cmake
[0.758s] -- Up-to-date: /home/peri/Desktop/Studium/ROS Robotik/SurfaceScanner_ws/install/interfaces/share/interfaces/cmake/interfacesConfig.cmake
[0.758s] -- Up-to-date: /home/peri/Desktop/Studium/ROS Robotik/SurfaceScanner_ws/install/interfaces/share/interfaces/cmake/interfacesConfig-version.cmake
[0.758s] -- Up-to-date: /home/peri/Desktop/Studium/ROS Robotik/SurfaceScanner_ws/install/interfaces/share/interfaces/package.xml
[0.761s] Invoked command in '/home/peri/Desktop/Studium/ROS Robotik/SurfaceScanner_ws/build/interfaces' returned '0': CMAKE_PREFIX_PATH=${CMAKE_PREFIX_PATH}:/opt/ros/humble CONDA_PROMPT_MODIFIER=(base) /usr/bin/cmake --install /home/peri/Desktop/Studium/ROS Robotik/SurfaceScanner_ws/build/interfaces
