[1.657s] DEBUG:colcon:Command line arguments: ['/usr/bin/colcon', 'list', '-p', '--base-paths', '/home/dennis/Desktop/Robotik/surfaceScannerROS2']
[1.657s] DEBUG:colcon:Parsed command line arguments: Namespace(log_base=None, log_level=None, verb_name='list', build_base='build', ignore_user_meta=False, metas=['./colcon.meta'], base_paths=['/home/dennis/Desktop/Robotik/surfaceScannerROS2'], packages_ignore=None, packages_ignore_regex=None, paths=None, packages_up_to=None, packages_up_to_regex=None, packages_above=None, packages_above_and_dependencies=None, packages_above_depth=None, packages_select_by_dep=None, packages_skip_by_dep=None, packages_skip_up_to=None, packages_select_build_failed=False, packages_skip_build_finished=False, packages_select_test_failures=False, packages_skip_test_passed=False, packages_select=None, packages_skip=None, packages_select_regex=None, packages_skip_regex=None, packages_start=None, packages_end=None, allow_overriding=[], topological_order=False, names_only=False, paths_only=True, topological_graph=False, topological_graph_dot=False, topological_graph_density=False, topological_graph_legend=False, topological_graph_dot_cluster=False, topological_graph_dot_include_skipped=False, verb_parser=<colcon_defaults.argument_parser.defaults.DefaultArgumentsDecorator object at 0x7fb2631e9ea0>, verb_extension=<colcon_package_information.verb.list.ListVerb object at 0x7fb2631951e0>, main=<bound method ListVerb.main of <colcon_package_information.verb.list.ListVerb object at 0x7fb2631951e0>>)
[1.836s] Level 1:colcon.colcon_core.package_discovery:discover_packages(colcon_meta) check parameters
[1.837s] Level 1:colcon.colcon_core.package_discovery:discover_packages(recursive) check parameters
[1.837s] Level 1:colcon.colcon_core.package_discovery:discover_packages(ignore) check parameters
[1.837s] Level 1:colcon.colcon_core.package_discovery:discover_packages(path) check parameters
[1.838s] Level 1:colcon.colcon_core.package_discovery:discover_packages(recursive) discover
[1.838s] INFO:colcon.colcon_core.package_discovery:Crawling recursively for packages in '/home/dennis/Desktop/Robotik/surfaceScannerROS2'
[1.839s] Level 1:colcon.colcon_core.package_identification:_identify(/home/dennis/Desktop/Robotik/surfaceScannerROS2) by extensions ['ignore', 'ignore_ament_install']
[1.840s] Level 1:colcon.colcon_core.package_identification:_identify(/home/dennis/Desktop/Robotik/surfaceScannerROS2) by extension 'ignore'
[1.840s] Level 1:colcon.colcon_core.package_identification:_identify(/home/dennis/Desktop/Robotik/surfaceScannerROS2) by extension 'ignore_ament_install'
[1.840s] Level 1:colcon.colcon_core.package_identification:_identify(/home/dennis/Desktop/Robotik/surfaceScannerROS2) by extensions ['colcon_pkg']
[1.841s] Level 1:colcon.colcon_core.package_identification:_identify(/home/dennis/Desktop/Robotik/surfaceScannerROS2) by extension 'colcon_pkg'
[1.841s] Level 1:colcon.colcon_core.package_identification:_identify(/home/dennis/Desktop/Robotik/surfaceScannerROS2) by extensions ['colcon_meta']
[1.841s] Level 1:colcon.colcon_core.package_identification:_identify(/home/dennis/Desktop/Robotik/surfaceScannerROS2) by extension 'colcon_meta'
[1.842s] Level 1:colcon.colcon_core.package_identification:_identify(/home/dennis/Desktop/Robotik/surfaceScannerROS2) by extensions ['ros']
[1.842s] Level 1:colcon.colcon_core.package_identification:_identify(/home/dennis/Desktop/Robotik/surfaceScannerROS2) by extension 'ros'
[1.950s] Level 1:colcon.colcon_core.package_identification:_identify(/home/dennis/Desktop/Robotik/surfaceScannerROS2) by extensions ['cmake', 'python']
[1.950s] Level 1:colcon.colcon_core.package_identification:_identify(/home/dennis/Desktop/Robotik/surfaceScannerROS2) by extension 'cmake'
[1.950s] Level 1:colcon.colcon_core.package_identification:_identify(/home/dennis/Desktop/Robotik/surfaceScannerROS2) by extension 'python'
[1.951s] Level 1:colcon.colcon_core.package_identification:_identify(/home/dennis/Desktop/Robotik/surfaceScannerROS2) by extensions ['python_setup_py']
[1.951s] Level 1:colcon.colcon_core.package_identification:_identify(/home/dennis/Desktop/Robotik/surfaceScannerROS2) by extension 'python_setup_py'
[1.952s] Level 1:colcon.colcon_core.package_identification:_identify(/home/dennis/Desktop/Robotik/surfaceScannerROS2/build) by extensions ['ignore', 'ignore_ament_install']
[1.953s] Level 1:colcon.colcon_core.package_identification:_identify(/home/dennis/Desktop/Robotik/surfaceScannerROS2/build) by extension 'ignore'
[1.953s] Level 1:colcon.colcon_core.package_identification:_identify(/home/dennis/Desktop/Robotik/surfaceScannerROS2/build) ignored
[1.954s] Level 1:colcon.colcon_core.package_identification:_identify(/home/dennis/Desktop/Robotik/surfaceScannerROS2/install) by extensions ['ignore', 'ignore_ament_install']
[1.955s] Level 1:colcon.colcon_core.package_identification:_identify(/home/dennis/Desktop/Robotik/surfaceScannerROS2/install) by extension 'ignore'
[1.955s] Level 1:colcon.colcon_core.package_identification:_identify(/home/dennis/Desktop/Robotik/surfaceScannerROS2/install) ignored
[1.956s] Level 1:colcon.colcon_core.package_identification:_identify(/home/dennis/Desktop/Robotik/surfaceScannerROS2/log) by extensions ['ignore', 'ignore_ament_install']
[1.956s] Level 1:colcon.colcon_core.package_identification:_identify(/home/dennis/Desktop/Robotik/surfaceScannerROS2/log) by extension 'ignore'
[1.957s] Level 1:colcon.colcon_core.package_identification:_identify(/home/dennis/Desktop/Robotik/surfaceScannerROS2/log) ignored
[1.958s] Level 1:colcon.colcon_core.package_identification:_identify(/home/dennis/Desktop/Robotik/surfaceScannerROS2/src) by extensions ['ignore', 'ignore_ament_install']
[1.958s] Level 1:colcon.colcon_core.package_identification:_identify(/home/dennis/Desktop/Robotik/surfaceScannerROS2/src) by extension 'ignore'
[1.959s] Level 1:colcon.colcon_core.package_identification:_identify(/home/dennis/Desktop/Robotik/surfaceScannerROS2/src) by extension 'ignore_ament_install'
[1.959s] Level 1:colcon.colcon_core.package_identification:_identify(/home/dennis/Desktop/Robotik/surfaceScannerROS2/src) by extensions ['colcon_pkg']
[1.960s] Level 1:colcon.colcon_core.package_identification:_identify(/home/dennis/Desktop/Robotik/surfaceScannerROS2/src) by extension 'colcon_pkg'
[1.960s] Level 1:colcon.colcon_core.package_identification:_identify(/home/dennis/Desktop/Robotik/surfaceScannerROS2/src) by extensions ['colcon_meta']
[1.960s] Level 1:colcon.colcon_core.package_identification:_identify(/home/dennis/Desktop/Robotik/surfaceScannerROS2/src) by extension 'colcon_meta'
[1.961s] Level 1:colcon.colcon_core.package_identification:_identify(/home/dennis/Desktop/Robotik/surfaceScannerROS2/src) by extensions ['ros']
[1.961s] Level 1:colcon.colcon_core.package_identification:_identify(/home/dennis/Desktop/Robotik/surfaceScannerROS2/src) by extension 'ros'
[1.961s] Level 1:colcon.colcon_core.package_identification:_identify(/home/dennis/Desktop/Robotik/surfaceScannerROS2/src) by extensions ['cmake', 'python']
[1.962s] Level 1:colcon.colcon_core.package_identification:_identify(/home/dennis/Desktop/Robotik/surfaceScannerROS2/src) by extension 'cmake'
[1.962s] Level 1:colcon.colcon_core.package_identification:_identify(/home/dennis/Desktop/Robotik/surfaceScannerROS2/src) by extension 'python'
[1.962s] Level 1:colcon.colcon_core.package_identification:_identify(/home/dennis/Desktop/Robotik/surfaceScannerROS2/src) by extensions ['python_setup_py']
[1.963s] Level 1:colcon.colcon_core.package_identification:_identify(/home/dennis/Desktop/Robotik/surfaceScannerROS2/src) by extension 'python_setup_py'
[1.963s] Level 1:colcon.colcon_core.package_identification:_identify(/home/dennis/Desktop/Robotik/surfaceScannerROS2/src/SurfaceScanner) by extensions ['ignore', 'ignore_ament_install']
[1.964s] Level 1:colcon.colcon_core.package_identification:_identify(/home/dennis/Desktop/Robotik/surfaceScannerROS2/src/SurfaceScanner) by extension 'ignore'
[1.965s] Level 1:colcon.colcon_core.package_identification:_identify(/home/dennis/Desktop/Robotik/surfaceScannerROS2/src/SurfaceScanner) by extension 'ignore_ament_install'
[1.965s] Level 1:colcon.colcon_core.package_identification:_identify(/home/dennis/Desktop/Robotik/surfaceScannerROS2/src/SurfaceScanner) by extensions ['colcon_pkg']
[1.965s] Level 1:colcon.colcon_core.package_identification:_identify(/home/dennis/Desktop/Robotik/surfaceScannerROS2/src/SurfaceScanner) by extension 'colcon_pkg'
[1.966s] Level 1:colcon.colcon_core.package_identification:_identify(/home/dennis/Desktop/Robotik/surfaceScannerROS2/src/SurfaceScanner) by extensions ['colcon_meta']
[1.966s] Level 1:colcon.colcon_core.package_identification:_identify(/home/dennis/Desktop/Robotik/surfaceScannerROS2/src/SurfaceScanner) by extension 'colcon_meta'
[1.966s] Level 1:colcon.colcon_core.package_identification:_identify(/home/dennis/Desktop/Robotik/surfaceScannerROS2/src/SurfaceScanner) by extensions ['ros']
[1.967s] Level 1:colcon.colcon_core.package_identification:_identify(/home/dennis/Desktop/Robotik/surfaceScannerROS2/src/SurfaceScanner) by extension 'ros'
[1.988s] DEBUG:colcon.colcon_core.package_identification:Package '/home/dennis/Desktop/Robotik/surfaceScannerROS2/src/SurfaceScanner' with type 'ros.ament_cmake' and name 'SurfaceScanner'
[1.989s] Level 1:colcon.colcon_core.package_identification:_identify(/home/dennis/Desktop/Robotik/surfaceScannerROS2/src/interfaces) by extensions ['ignore', 'ignore_ament_install']
[1.991s] Level 1:colcon.colcon_core.package_identification:_identify(/home/dennis/Desktop/Robotik/surfaceScannerROS2/src/interfaces) by extension 'ignore'
[1.991s] Level 1:colcon.colcon_core.package_identification:_identify(/home/dennis/Desktop/Robotik/surfaceScannerROS2/src/interfaces) by extension 'ignore_ament_install'
[1.991s] Level 1:colcon.colcon_core.package_identification:_identify(/home/dennis/Desktop/Robotik/surfaceScannerROS2/src/interfaces) by extensions ['colcon_pkg']
[1.992s] Level 1:colcon.colcon_core.package_identification:_identify(/home/dennis/Desktop/Robotik/surfaceScannerROS2/src/interfaces) by extension 'colcon_pkg'
[1.992s] Level 1:colcon.colcon_core.package_identification:_identify(/home/dennis/Desktop/Robotik/surfaceScannerROS2/src/interfaces) by extensions ['colcon_meta']
[1.992s] Level 1:colcon.colcon_core.package_identification:_identify(/home/dennis/Desktop/Robotik/surfaceScannerROS2/src/interfaces) by extension 'colcon_meta'
[1.993s] Level 1:colcon.colcon_core.package_identification:_identify(/home/dennis/Desktop/Robotik/surfaceScannerROS2/src/interfaces) by extensions ['ros']
[1.993s] Level 1:colcon.colcon_core.package_identification:_identify(/home/dennis/Desktop/Robotik/surfaceScannerROS2/src/interfaces) by extension 'ros'
[1.997s] DEBUG:colcon.colcon_core.package_identification:Package '/home/dennis/Desktop/Robotik/surfaceScannerROS2/src/interfaces' with type 'ros.ament_cmake' and name 'interfaces'
[1.997s] Level 1:colcon.colcon_core.package_discovery:discover_packages(recursive) using defaults
