[0.009s] Invoking command in '/home/peri/Desktop/Studium/ROS Robotik/SurfaceScanner_ws/build/SurfaceScanner': CMAKE_PREFIX_PATH=/opt/ros/humble CONDA_PROMPT_MODIFIER=(base) /usr/bin/cmake /home/peri/Desktop/Studium/ROS Robotik/SurfaceScanner_ws/src/SurfaceScanner -DCMAKE_INSTALL_PREFIX=/home/peri/Desktop/Studium/ROS Robotik/SurfaceScanner_ws/install/SurfaceScanner
[0.091s] -- The C compiler identification is GNU 11.3.0
[0.175s] -- The CXX compiler identification is GNU 11.3.0
[0.183s] -- Detecting C compiler ABI info
[0.237s] -- Detecting C compiler ABI info - done
[0.243s] -- Check for working C compiler: /usr/bin/cc - skipped
[0.244s] -- Detecting C compile features
[0.244s] -- Detecting C compile features - done
[0.247s] -- Detecting CXX compiler ABI info
[0.303s] -- Detecting CXX compiler ABI info - done
[0.310s] -- Check for working CXX compiler: /usr/bin/c++ - skipped
[0.310s] -- Detecting CXX compile features
[0.310s] -- Detecting CXX compile features - done
[0.315s] -- Found ament_cmake: 1.3.4 (/opt/ros/humble/share/ament_cmake/cmake)
[0.951s] -- Found Python3: /home/peri/anaconda3/bin/python3.10 (found version "3.10.9") found components: Interpreter 
[1.034s] -- Found rclcpp: 16.0.4 (/opt/ros/humble/share/rclcpp/cmake)
[1.075s] -- Found rosidl_generator_c: 3.1.4 (/opt/ros/humble/share/rosidl_generator_c/cmake)
[1.079s] -- Found rosidl_adapter: 3.1.4 (/opt/ros/humble/share/rosidl_adapter/cmake)
[1.087s] -- Found rosidl_generator_cpp: 3.1.4 (/opt/ros/humble/share/rosidl_generator_cpp/cmake)
[1.101s] -- Using all available rosidl_typesupport_c: rosidl_typesupport_fastrtps_c;rosidl_typesupport_introspection_c
[1.119s] -- Using all available rosidl_typesupport_cpp: rosidl_typesupport_fastrtps_cpp;rosidl_typesupport_introspection_cpp
[1.184s] -- Found rmw_implementation_cmake: 6.1.1 (/opt/ros/humble/share/rmw_implementation_cmake/cmake)
[1.186s] -- Found rmw_fastrtps_cpp: 6.2.2 (/opt/ros/humble/share/rmw_fastrtps_cpp/cmake)
[1.262s] -- Found OpenSSL: /usr/lib/x86_64-linux-gnu/libcrypto.so (found version "3.0.2")  
[1.283s] -- Found FastRTPS: /opt/ros/humble/include  
[1.322s] -- Using RMW implementation 'rmw_fastrtps_cpp' as default
[1.332s] -- Looking for pthread.h
[1.387s] -- Looking for pthread.h - found
[1.388s] -- Performing Test CMAKE_HAVE_LIBC_PTHREAD
[1.441s] -- Performing Test CMAKE_HAVE_LIBC_PTHREAD - Success
[1.442s] -- Found Threads: TRUE  
[1.597s] -- Found sensor_msgs: 4.2.3 (/opt/ros/humble/share/sensor_msgs/cmake)
[1.718s] -- Found cv_bridge: 3.2.1 (/opt/ros/humble/share/cv_bridge/cmake)
[1.735s] -- Found image_transport: 3.1.5 (/opt/ros/humble/share/image_transport/cmake)
[1.778s] -- Found OpenCV: /usr (found version "4.5.4") 
[1.797s] Traceback (most recent call last):
[1.797s]   File "/opt/ros/humble/share/ament_cmake_core/cmake/core/package_xml_2_cmake.py", line 22, in <module>
[1.797s]     from catkin_pkg.package import parse_package_string
[1.797s] ModuleNotFoundError: No module named 'catkin_pkg'
[1.800s] [31mCMake Error at /opt/ros/humble/share/ament_cmake_core/cmake/core/ament_package_xml.cmake:95 (message):
[1.800s]   execute_process(/home/peri/anaconda3/bin/python3.10
[1.800s]   /opt/ros/humble/share/ament_cmake_core/cmake/core/package_xml_2_cmake.py
[1.800s]   /home/peri/Desktop/Studium/ROS
[1.800s]   Robotik/SurfaceScanner_ws/src/SurfaceScanner/package.xml
[1.800s]   /home/peri/Desktop/Studium/ROS
[1.801s]   Robotik/SurfaceScanner_ws/build/SurfaceScanner/ament_cmake_core/package.cmake)
[1.801s]   returned error code 1
[1.801s] Call Stack (most recent call first):
[1.801s]   /opt/ros/humble/share/ament_cmake_core/cmake/core/ament_package_xml.cmake:49 (_ament_package_xml)
[1.801s]   /opt/ros/humble/share/ament_cmake_core/cmake/core/ament_package.cmake:63 (ament_package_xml)
[1.801s]   CMakeLists.txt:17 (ament_package)
[1.801s] 
[1.801s] [0m
[1.801s] -- Configuring incomplete, errors occurred!
[1.801s] See also "/home/peri/Desktop/Studium/ROS Robotik/SurfaceScanner_ws/build/SurfaceScanner/CMakeFiles/CMakeOutput.log".
[1.809s] Invoked command in '/home/peri/Desktop/Studium/ROS Robotik/SurfaceScanner_ws/build/SurfaceScanner' returned '1': CMAKE_PREFIX_PATH=/opt/ros/humble CONDA_PROMPT_MODIFIER=(base) /usr/bin/cmake /home/peri/Desktop/Studium/ROS Robotik/SurfaceScanner_ws/src/SurfaceScanner -DCMAKE_INSTALL_PREFIX=/home/peri/Desktop/Studium/ROS Robotik/SurfaceScanner_ws/install/SurfaceScanner
