[0.011s] Invoking command in '/home/peri/Desktop/Studium/ROS Robotik/SurfaceScanner_ws/build/SurfaceScanner': CMAKE_PREFIX_PATH=${CMAKE_PREFIX_PATH}:/opt/ros/humble CONDA_PROMPT_MODIFIER=(base) /usr/bin/cmake --build /home/peri/Desktop/Studium/ROS Robotik/SurfaceScanner_ws/build/SurfaceScanner -- -j8 -l8
[0.031s] -- Found ament_cmake: 1.3.4 (/opt/ros/humble/share/ament_cmake/cmake)
[0.152s] -- Found rclcpp: 16.0.4 (/opt/ros/humble/share/rclcpp/cmake)
[0.179s] -- Found rosidl_generator_c: 3.1.4 (/opt/ros/humble/share/rosidl_generator_c/cmake)
[0.181s] -- Found rosidl_adapter: 3.1.4 (/opt/ros/humble/share/rosidl_adapter/cmake)
[0.186s] -- Found rosidl_generator_cpp: 3.1.4 (/opt/ros/humble/share/rosidl_generator_cpp/cmake)
[0.197s] -- Using all available rosidl_typesupport_c: rosidl_typesupport_fastrtps_c;rosidl_typesupport_introspection_c
[0.211s] -- Using all available rosidl_typesupport_cpp: rosidl_typesupport_fastrtps_cpp;rosidl_typesupport_introspection_cpp
[0.263s] -- Found rmw_implementation_cmake: 6.1.1 (/opt/ros/humble/share/rmw_implementation_cmake/cmake)
[0.264s] -- Found rmw_fastrtps_cpp: 6.2.2 (/opt/ros/humble/share/rmw_fastrtps_cpp/cmake)
[0.359s] -- Using RMW implementation 'rmw_fastrtps_cpp' as default
[0.508s] -- Found sensor_msgs: 4.2.3 (/opt/ros/humble/share/sensor_msgs/cmake)
[0.624s] -- Found cv_bridge: 3.2.1 (/opt/ros/humble/share/cv_bridge/cmake)
[0.638s] -- Found image_transport: 3.1.5 (/opt/ros/humble/share/image_transport/cmake)
[0.678s] [31mCMake Error at CMakeLists.txt:15 (find_package):
[0.678s]   By not providing "Findopencv2.cmake" in CMAKE_MODULE_PATH this project has
[0.679s]   asked CMake to find a package configuration file provided by "opencv2", but
[0.679s]   CMake did not find one.
[0.679s] 
[0.679s]   Could not find a package configuration file provided by "opencv2" with any
[0.679s]   of the following names:
[0.679s] 
[0.679s]     opencv2Config.cmake
[0.679s]     opencv2-config.cmake
[0.679s] 
[0.679s]   Add the installation prefix of "opencv2" to CMAKE_PREFIX_PATH or set
[0.679s]   "opencv2_DIR" to a directory containing one of the above files.  If
[0.679s]   "opencv2" provides a separate development package or SDK, be sure it has
[0.679s]   been installed.
[0.679s] 
[0.680s] [0m
[0.680s] -- Configuring incomplete, errors occurred!
[0.680s] See also "/home/peri/Desktop/Studium/ROS Robotik/SurfaceScanner_ws/build/SurfaceScanner/CMakeFiles/CMakeOutput.log".
[0.684s] gmake: *** [Makefile:226: cmake_check_build_system] Error 1
[0.686s] Invoked command in '/home/peri/Desktop/Studium/ROS Robotik/SurfaceScanner_ws/build/SurfaceScanner' returned '2': CMAKE_PREFIX_PATH=${CMAKE_PREFIX_PATH}:/opt/ros/humble CONDA_PROMPT_MODIFIER=(base) /usr/bin/cmake --build /home/peri/Desktop/Studium/ROS Robotik/SurfaceScanner_ws/build/SurfaceScanner -- -j8 -l8
