[0.292s] DEBUG:colcon:Command line arguments: ['/usr/bin/colcon', 'build']
[0.292s] DEBUG:colcon:Parsed command line arguments: Namespace(log_base=None, log_level=None, verb_name='build', build_base='build', install_base='install', merge_install=False, symlink_install=False, test_result_base=None, continue_on_error=False, executor='parallel', parallel_workers=8, event_handlers=None, ignore_user_meta=False, metas=['./colcon.meta'], base_paths=['.'], packages_ignore=None, packages_ignore_regex=None, paths=None, packages_up_to=None, packages_up_to_regex=None, packages_above=None, packages_above_and_dependencies=None, packages_above_depth=None, packages_select_by_dep=None, packages_skip_by_dep=None, packages_skip_up_to=None, packages_select_build_failed=False, packages_skip_build_finished=False, packages_select_test_failures=False, packages_skip_test_passed=False, packages_select=None, packages_skip=None, packages_select_regex=None, packages_skip_regex=None, packages_start=None, packages_end=None, allow_overriding=[], cmake_args=None, cmake_target=None, cmake_target_skip_unavailable=False, cmake_clean_cache=False, cmake_clean_first=False, cmake_force_configure=False, ament_cmake_args=None, catkin_cmake_args=None, catkin_skip_building_tests=False, verb_parser=<colcon_defaults.argument_parser.defaults.DefaultArgumentsDecorator object at 0x7f56611b1a80>, verb_extension=<colcon_core.verb.build.BuildVerb object at 0x7f5661a0f070>, main=<bound method BuildVerb.main of <colcon_core.verb.build.BuildVerb object at 0x7f5661a0f070>>)
[0.320s] Level 1:colcon.colcon_core.package_discovery:discover_packages(colcon_meta) check parameters
[0.320s] Level 1:colcon.colcon_core.package_discovery:discover_packages(recursive) check parameters
[0.320s] Level 1:colcon.colcon_core.package_discovery:discover_packages(ignore) check parameters
[0.320s] Level 1:colcon.colcon_core.package_discovery:discover_packages(path) check parameters
[0.320s] Level 1:colcon.colcon_core.package_discovery:discover_packages(colcon_meta) discover
[0.320s] Level 1:colcon.colcon_core.package_discovery:discover_packages(recursive) discover
[0.320s] INFO:colcon.colcon_core.package_discovery:Crawling recursively for packages in '/home/peri/Desktop/Studium/ROS Robotik/SurfaceScanner_ws'
[0.320s] Level 1:colcon.colcon_core.package_identification:_identify(.) by extensions ['ignore', 'ignore_ament_install']
[0.320s] Level 1:colcon.colcon_core.package_identification:_identify(.) by extension 'ignore'
[0.320s] Level 1:colcon.colcon_core.package_identification:_identify(.) by extension 'ignore_ament_install'
[0.320s] Level 1:colcon.colcon_core.package_identification:_identify(.) by extensions ['colcon_pkg']
[0.320s] Level 1:colcon.colcon_core.package_identification:_identify(.) by extension 'colcon_pkg'
[0.320s] Level 1:colcon.colcon_core.package_identification:_identify(.) by extensions ['colcon_meta']
[0.320s] Level 1:colcon.colcon_core.package_identification:_identify(.) by extension 'colcon_meta'
[0.320s] Level 1:colcon.colcon_core.package_identification:_identify(.) by extensions ['ros']
[0.320s] Level 1:colcon.colcon_core.package_identification:_identify(.) by extension 'ros'
[0.330s] Level 1:colcon.colcon_core.package_identification:_identify(.) by extensions ['cmake', 'python']
[0.330s] Level 1:colcon.colcon_core.package_identification:_identify(.) by extension 'cmake'
[0.330s] Level 1:colcon.colcon_core.package_identification:_identify(.) by extension 'python'
[0.330s] Level 1:colcon.colcon_core.package_identification:_identify(.) by extensions ['python_setup_py']
[0.330s] Level 1:colcon.colcon_core.package_identification:_identify(.) by extension 'python_setup_py'
[0.330s] Level 1:colcon.colcon_core.package_identification:_identify(build) by extensions ['ignore', 'ignore_ament_install']
[0.330s] Level 1:colcon.colcon_core.package_identification:_identify(build) by extension 'ignore'
[0.330s] Level 1:colcon.colcon_core.package_identification:_identify(build) ignored
[0.330s] Level 1:colcon.colcon_core.package_identification:_identify(install) by extensions ['ignore', 'ignore_ament_install']
[0.330s] Level 1:colcon.colcon_core.package_identification:_identify(install) by extension 'ignore'
[0.330s] Level 1:colcon.colcon_core.package_identification:_identify(install) ignored
[0.330s] Level 1:colcon.colcon_core.package_identification:_identify(log) by extensions ['ignore', 'ignore_ament_install']
[0.330s] Level 1:colcon.colcon_core.package_identification:_identify(log) by extension 'ignore'
[0.330s] Level 1:colcon.colcon_core.package_identification:_identify(log) ignored
[0.330s] Level 1:colcon.colcon_core.package_identification:_identify(src) by extensions ['ignore', 'ignore_ament_install']
[0.331s] Level 1:colcon.colcon_core.package_identification:_identify(src) by extension 'ignore'
[0.331s] Level 1:colcon.colcon_core.package_identification:_identify(src) by extension 'ignore_ament_install'
[0.331s] Level 1:colcon.colcon_core.package_identification:_identify(src) by extensions ['colcon_pkg']
[0.331s] Level 1:colcon.colcon_core.package_identification:_identify(src) by extension 'colcon_pkg'
[0.331s] Level 1:colcon.colcon_core.package_identification:_identify(src) by extensions ['colcon_meta']
[0.331s] Level 1:colcon.colcon_core.package_identification:_identify(src) by extension 'colcon_meta'
[0.331s] Level 1:colcon.colcon_core.package_identification:_identify(src) by extensions ['ros']
[0.331s] Level 1:colcon.colcon_core.package_identification:_identify(src) by extension 'ros'
[0.331s] Level 1:colcon.colcon_core.package_identification:_identify(src) by extensions ['cmake', 'python']
[0.331s] Level 1:colcon.colcon_core.package_identification:_identify(src) by extension 'cmake'
[0.331s] Level 1:colcon.colcon_core.package_identification:_identify(src) by extension 'python'
[0.331s] Level 1:colcon.colcon_core.package_identification:_identify(src) by extensions ['python_setup_py']
[0.331s] Level 1:colcon.colcon_core.package_identification:_identify(src) by extension 'python_setup_py'
[0.331s] Level 1:colcon.colcon_core.package_identification:_identify(src/SurfaceScanner) by extensions ['ignore', 'ignore_ament_install']
[0.331s] Level 1:colcon.colcon_core.package_identification:_identify(src/SurfaceScanner) by extension 'ignore'
[0.331s] Level 1:colcon.colcon_core.package_identification:_identify(src/SurfaceScanner) by extension 'ignore_ament_install'
[0.331s] Level 1:colcon.colcon_core.package_identification:_identify(src/SurfaceScanner) by extensions ['colcon_pkg']
[0.331s] Level 1:colcon.colcon_core.package_identification:_identify(src/SurfaceScanner) by extension 'colcon_pkg'
[0.331s] Level 1:colcon.colcon_core.package_identification:_identify(src/SurfaceScanner) by extensions ['colcon_meta']
[0.331s] Level 1:colcon.colcon_core.package_identification:_identify(src/SurfaceScanner) by extension 'colcon_meta'
[0.331s] Level 1:colcon.colcon_core.package_identification:_identify(src/SurfaceScanner) by extensions ['ros']
[0.331s] Level 1:colcon.colcon_core.package_identification:_identify(src/SurfaceScanner) by extension 'ros'
[0.334s] DEBUG:colcon.colcon_core.package_identification:Package 'src/SurfaceScanner' with type 'ros.ament_cmake' and name 'SurfaceScanner'
[0.334s] Level 1:colcon.colcon_core.package_discovery:discover_packages(recursive) using defaults
[0.334s] Level 1:colcon.colcon_core.package_discovery:discover_packages(ignore) discover
[0.334s] Level 1:colcon.colcon_core.package_discovery:discover_packages(ignore) using defaults
[0.334s] Level 1:colcon.colcon_core.package_discovery:discover_packages(path) discover
[0.334s] Level 1:colcon.colcon_core.package_discovery:discover_packages(path) using defaults
[0.353s] Level 1:colcon.colcon_core.package_discovery:discover_packages(prefix_path) check parameters
[0.353s] Level 1:colcon.colcon_core.package_discovery:discover_packages(prefix_path) discover
[0.356s] DEBUG:colcon.colcon_installed_package_information.package_discovery:Found 271 installed packages in /opt/ros/humble
[0.357s] Level 1:colcon.colcon_core.package_discovery:discover_packages(prefix_path) using defaults
[0.407s] Level 5:colcon.colcon_core.verb:set package 'SurfaceScanner' build argument 'cmake_args' from command line to 'None'
[0.407s] Level 5:colcon.colcon_core.verb:set package 'SurfaceScanner' build argument 'cmake_target' from command line to 'None'
[0.407s] Level 5:colcon.colcon_core.verb:set package 'SurfaceScanner' build argument 'cmake_target_skip_unavailable' from command line to 'False'
[0.407s] Level 5:colcon.colcon_core.verb:set package 'SurfaceScanner' build argument 'cmake_clean_cache' from command line to 'False'
[0.407s] Level 5:colcon.colcon_core.verb:set package 'SurfaceScanner' build argument 'cmake_clean_first' from command line to 'False'
[0.407s] Level 5:colcon.colcon_core.verb:set package 'SurfaceScanner' build argument 'cmake_force_configure' from command line to 'False'
[0.407s] Level 5:colcon.colcon_core.verb:set package 'SurfaceScanner' build argument 'ament_cmake_args' from command line to 'None'
[0.407s] Level 5:colcon.colcon_core.verb:set package 'SurfaceScanner' build argument 'catkin_cmake_args' from command line to 'None'
[0.407s] Level 5:colcon.colcon_core.verb:set package 'SurfaceScanner' build argument 'catkin_skip_building_tests' from command line to 'False'
[0.407s] DEBUG:colcon.colcon_core.verb:Building package 'SurfaceScanner' with the following arguments: {'ament_cmake_args': None, 'build_base': '/home/peri/Desktop/Studium/ROS Robotik/SurfaceScanner_ws/build/SurfaceScanner', 'catkin_cmake_args': None, 'catkin_skip_building_tests': False, 'cmake_args': None, 'cmake_clean_cache': False, 'cmake_clean_first': False, 'cmake_force_configure': False, 'cmake_target': None, 'cmake_target_skip_unavailable': False, 'install_base': '/home/peri/Desktop/Studium/ROS Robotik/SurfaceScanner_ws/install/SurfaceScanner', 'merge_install': False, 'path': '/home/peri/Desktop/Studium/ROS Robotik/SurfaceScanner_ws/src/SurfaceScanner', 'symlink_install': False, 'test_result_base': None}
[0.407s] INFO:colcon.colcon_core.executor:Executing jobs using 'parallel' executor
[0.410s] DEBUG:colcon.colcon_parallel_executor.executor.parallel:run_until_complete
[0.410s] INFO:colcon.colcon_ros.task.ament_cmake.build:Building ROS package in '/home/peri/Desktop/Studium/ROS Robotik/SurfaceScanner_ws/src/SurfaceScanner' with build type 'ament_cmake'
[0.410s] INFO:colcon.colcon_cmake.task.cmake.build:Building CMake package in '/home/peri/Desktop/Studium/ROS Robotik/SurfaceScanner_ws/src/SurfaceScanner'
[0.414s] INFO:colcon.colcon_core.plugin_system:Skipping extension 'colcon_core.shell.bat': Not used on non-Windows systems
[0.414s] INFO:colcon.colcon_core.shell:Skip shell extension 'powershell' for command environment: Not usable outside of PowerShell
[0.414s] DEBUG:colcon.colcon_core.shell:Skip shell extension 'dsv' for command environment
[0.422s] DEBUG:colcon.colcon_core.event_handler.log_command:Invoking command in '/home/peri/Desktop/Studium/ROS Robotik/SurfaceScanner_ws/build/SurfaceScanner': CMAKE_PREFIX_PATH=/opt/ros/humble CONDA_PROMPT_MODIFIER=(base) /usr/bin/cmake /home/peri/Desktop/Studium/ROS Robotik/SurfaceScanner_ws/src/SurfaceScanner -DCMAKE_INSTALL_PREFIX=/home/peri/Desktop/Studium/ROS Robotik/SurfaceScanner_ws/install/SurfaceScanner
[1.151s] DEBUG:colcon.colcon_core.event_handler.log_command:Invoked command in '/home/peri/Desktop/Studium/ROS Robotik/SurfaceScanner_ws/build/SurfaceScanner' returned '0': CMAKE_PREFIX_PATH=/opt/ros/humble CONDA_PROMPT_MODIFIER=(base) /usr/bin/cmake /home/peri/Desktop/Studium/ROS Robotik/SurfaceScanner_ws/src/SurfaceScanner -DCMAKE_INSTALL_PREFIX=/home/peri/Desktop/Studium/ROS Robotik/SurfaceScanner_ws/install/SurfaceScanner
[1.153s] DEBUG:colcon.colcon_core.event_handler.log_command:Invoking command in '/home/peri/Desktop/Studium/ROS Robotik/SurfaceScanner_ws/build/SurfaceScanner': CMAKE_PREFIX_PATH=/opt/ros/humble CONDA_PROMPT_MODIFIER=(base) /usr/bin/cmake --build /home/peri/Desktop/Studium/ROS Robotik/SurfaceScanner_ws/build/SurfaceScanner -- -j8 -l8
[1.180s] DEBUG:colcon.colcon_core.event_handler.log_command:Invoked command in '/home/peri/Desktop/Studium/ROS Robotik/SurfaceScanner_ws/build/SurfaceScanner' returned '0': CMAKE_PREFIX_PATH=/opt/ros/humble CONDA_PROMPT_MODIFIER=(base) /usr/bin/cmake --build /home/peri/Desktop/Studium/ROS Robotik/SurfaceScanner_ws/build/SurfaceScanner -- -j8 -l8
[1.200s] DEBUG:colcon.colcon_core.event_handler.log_command:Invoking command in '/home/peri/Desktop/Studium/ROS Robotik/SurfaceScanner_ws/build/SurfaceScanner': CMAKE_PREFIX_PATH=/opt/ros/humble CONDA_PROMPT_MODIFIER=(base) /usr/bin/cmake --install /home/peri/Desktop/Studium/ROS Robotik/SurfaceScanner_ws/build/SurfaceScanner
[1.208s] Level 1:colcon.colcon_core.environment:create_environment_scripts_only(SurfaceScanner)
[1.209s] DEBUG:colcon.colcon_core.event_handler.log_command:Invoked command in '/home/peri/Desktop/Studium/ROS Robotik/SurfaceScanner_ws/build/SurfaceScanner' returned '0': CMAKE_PREFIX_PATH=/opt/ros/humble CONDA_PROMPT_MODIFIER=(base) /usr/bin/cmake --install /home/peri/Desktop/Studium/ROS Robotik/SurfaceScanner_ws/build/SurfaceScanner
[1.212s] Level 1:colcon.colcon_core.environment:checking '/home/peri/Desktop/Studium/ROS Robotik/SurfaceScanner_ws/install/SurfaceScanner' for CMake module files
[1.212s] Level 1:colcon.colcon_core.environment:checking '/home/peri/Desktop/Studium/ROS Robotik/SurfaceScanner_ws/install/SurfaceScanner' for CMake config files
[1.212s] Level 1:colcon.colcon_core.shell:create_environment_hook('SurfaceScanner', 'cmake_prefix_path')
[1.213s] INFO:colcon.colcon_core.shell:Creating environment hook '/home/peri/Desktop/Studium/ROS Robotik/SurfaceScanner_ws/install/SurfaceScanner/share/SurfaceScanner/hook/cmake_prefix_path.ps1'
[1.215s] INFO:colcon.colcon_core.shell:Creating environment descriptor '/home/peri/Desktop/Studium/ROS Robotik/SurfaceScanner_ws/install/SurfaceScanner/share/SurfaceScanner/hook/cmake_prefix_path.dsv'
[1.215s] INFO:colcon.colcon_core.shell:Creating environment hook '/home/peri/Desktop/Studium/ROS Robotik/SurfaceScanner_ws/install/SurfaceScanner/share/SurfaceScanner/hook/cmake_prefix_path.sh'
[1.216s] Level 1:colcon.colcon_core.environment:checking '/home/peri/Desktop/Studium/ROS Robotik/SurfaceScanner_ws/install/SurfaceScanner/bin'
[1.216s] Level 1:colcon.colcon_core.environment:checking '/home/peri/Desktop/Studium/ROS Robotik/SurfaceScanner_ws/install/SurfaceScanner/lib/pkgconfig/SurfaceScanner.pc'
[1.216s] Level 1:colcon.colcon_core.environment:checking '/home/peri/Desktop/Studium/ROS Robotik/SurfaceScanner_ws/install/SurfaceScanner/lib/python3.10/site-packages'
[1.216s] Level 1:colcon.colcon_core.environment:checking '/home/peri/Desktop/Studium/ROS Robotik/SurfaceScanner_ws/install/SurfaceScanner/bin'
[1.218s] INFO:colcon.colcon_core.shell:Creating package script '/home/peri/Desktop/Studium/ROS Robotik/SurfaceScanner_ws/install/SurfaceScanner/share/SurfaceScanner/package.ps1'
[1.218s] INFO:colcon.colcon_core.shell:Creating package descriptor '/home/peri/Desktop/Studium/ROS Robotik/SurfaceScanner_ws/install/SurfaceScanner/share/SurfaceScanner/package.dsv'
[1.219s] INFO:colcon.colcon_core.shell:Creating package script '/home/peri/Desktop/Studium/ROS Robotik/SurfaceScanner_ws/install/SurfaceScanner/share/SurfaceScanner/package.sh'
[1.219s] INFO:colcon.colcon_core.shell:Creating package script '/home/peri/Desktop/Studium/ROS Robotik/SurfaceScanner_ws/install/SurfaceScanner/share/SurfaceScanner/package.bash'
[1.220s] INFO:colcon.colcon_core.shell:Creating package script '/home/peri/Desktop/Studium/ROS Robotik/SurfaceScanner_ws/install/SurfaceScanner/share/SurfaceScanner/package.zsh'
[1.220s] Level 1:colcon.colcon_core.environment:create_file_with_runtime_dependencies(/home/peri/Desktop/Studium/ROS Robotik/SurfaceScanner_ws/install/SurfaceScanner/share/colcon-core/packages/SurfaceScanner)
[1.235s] Level 1:colcon.colcon_core.environment:create_environment_scripts_only(SurfaceScanner)
[1.237s] Level 1:colcon.colcon_core.environment:checking '/home/peri/Desktop/Studium/ROS Robotik/SurfaceScanner_ws/install/SurfaceScanner' for CMake module files
[1.237s] Level 1:colcon.colcon_core.environment:checking '/home/peri/Desktop/Studium/ROS Robotik/SurfaceScanner_ws/install/SurfaceScanner' for CMake config files
[1.237s] Level 1:colcon.colcon_core.shell:create_environment_hook('SurfaceScanner', 'cmake_prefix_path')
[1.239s] INFO:colcon.colcon_core.shell:Creating environment hook '/home/peri/Desktop/Studium/ROS Robotik/SurfaceScanner_ws/install/SurfaceScanner/share/SurfaceScanner/hook/cmake_prefix_path.ps1'
[1.239s] INFO:colcon.colcon_core.shell:Creating environment descriptor '/home/peri/Desktop/Studium/ROS Robotik/SurfaceScanner_ws/install/SurfaceScanner/share/SurfaceScanner/hook/cmake_prefix_path.dsv'
[1.239s] INFO:colcon.colcon_core.shell:Creating environment hook '/home/peri/Desktop/Studium/ROS Robotik/SurfaceScanner_ws/install/SurfaceScanner/share/SurfaceScanner/hook/cmake_prefix_path.sh'
[1.240s] Level 1:colcon.colcon_core.environment:checking '/home/peri/Desktop/Studium/ROS Robotik/SurfaceScanner_ws/install/SurfaceScanner/bin'
[1.240s] Level 1:colcon.colcon_core.environment:checking '/home/peri/Desktop/Studium/ROS Robotik/SurfaceScanner_ws/install/SurfaceScanner/lib/pkgconfig/SurfaceScanner.pc'
[1.240s] Level 1:colcon.colcon_core.environment:checking '/home/peri/Desktop/Studium/ROS Robotik/SurfaceScanner_ws/install/SurfaceScanner/lib/python3.10/site-packages'
[1.240s] Level 1:colcon.colcon_core.environment:checking '/home/peri/Desktop/Studium/ROS Robotik/SurfaceScanner_ws/install/SurfaceScanner/bin'
[1.241s] INFO:colcon.colcon_core.shell:Creating package script '/home/peri/Desktop/Studium/ROS Robotik/SurfaceScanner_ws/install/SurfaceScanner/share/SurfaceScanner/package.ps1'
[1.241s] INFO:colcon.colcon_core.shell:Creating package descriptor '/home/peri/Desktop/Studium/ROS Robotik/SurfaceScanner_ws/install/SurfaceScanner/share/SurfaceScanner/package.dsv'
[1.242s] INFO:colcon.colcon_core.shell:Creating package script '/home/peri/Desktop/Studium/ROS Robotik/SurfaceScanner_ws/install/SurfaceScanner/share/SurfaceScanner/package.sh'
[1.242s] INFO:colcon.colcon_core.shell:Creating package script '/home/peri/Desktop/Studium/ROS Robotik/SurfaceScanner_ws/install/SurfaceScanner/share/SurfaceScanner/package.bash'
[1.242s] INFO:colcon.colcon_core.shell:Creating package script '/home/peri/Desktop/Studium/ROS Robotik/SurfaceScanner_ws/install/SurfaceScanner/share/SurfaceScanner/package.zsh'
[1.243s] Level 1:colcon.colcon_core.environment:create_file_with_runtime_dependencies(/home/peri/Desktop/Studium/ROS Robotik/SurfaceScanner_ws/install/SurfaceScanner/share/colcon-core/packages/SurfaceScanner)
[1.243s] DEBUG:colcon.colcon_parallel_executor.executor.parallel:closing loop
[1.243s] DEBUG:colcon.colcon_parallel_executor.executor.parallel:loop closed
[1.243s] DEBUG:colcon.colcon_parallel_executor.executor.parallel:run_until_complete finished with '0'
[1.243s] DEBUG:colcon.colcon_core.event_reactor:joining thread
[1.247s] INFO:colcon.colcon_core.plugin_system:Skipping extension 'colcon_notification.desktop_notification.terminal_notifier': Not used on non-Darwin systems
[1.247s] INFO:colcon.colcon_core.plugin_system:Skipping extension 'colcon_notification.desktop_notification.win32': Not used on non-Windows systems
[1.247s] INFO:colcon.colcon_notification.desktop_notification:Sending desktop notification using 'notify2'
[1.258s] DEBUG:colcon.colcon_core.event_reactor:joined thread
[1.259s] INFO:colcon.colcon_core.shell:Creating prefix script '/home/peri/Desktop/Studium/ROS Robotik/SurfaceScanner_ws/install/local_setup.ps1'
[1.260s] INFO:colcon.colcon_core.shell:Creating prefix util module '/home/peri/Desktop/Studium/ROS Robotik/SurfaceScanner_ws/install/_local_setup_util_ps1.py'
[1.261s] INFO:colcon.colcon_core.shell:Creating prefix chain script '/home/peri/Desktop/Studium/ROS Robotik/SurfaceScanner_ws/install/setup.ps1'
[1.262s] INFO:colcon.colcon_core.shell:Creating prefix script '/home/peri/Desktop/Studium/ROS Robotik/SurfaceScanner_ws/install/local_setup.sh'
[1.263s] INFO:colcon.colcon_core.shell:Creating prefix util module '/home/peri/Desktop/Studium/ROS Robotik/SurfaceScanner_ws/install/_local_setup_util_sh.py'
[1.263s] INFO:colcon.colcon_core.shell:Creating prefix chain script '/home/peri/Desktop/Studium/ROS Robotik/SurfaceScanner_ws/install/setup.sh'
[1.264s] INFO:colcon.colcon_core.shell:Creating prefix script '/home/peri/Desktop/Studium/ROS Robotik/SurfaceScanner_ws/install/local_setup.bash'
[1.265s] INFO:colcon.colcon_core.shell:Creating prefix chain script '/home/peri/Desktop/Studium/ROS Robotik/SurfaceScanner_ws/install/setup.bash'
[1.266s] INFO:colcon.colcon_core.shell:Creating prefix script '/home/peri/Desktop/Studium/ROS Robotik/SurfaceScanner_ws/install/local_setup.zsh'
[1.266s] INFO:colcon.colcon_core.shell:Creating prefix chain script '/home/peri/Desktop/Studium/ROS Robotik/SurfaceScanner_ws/install/setup.zsh'
