[0.011s] Invoking command in '/home/peri/Desktop/Studium/ROS Robotik/SurfaceScanner_ws/build/SurfaceScanner': CMAKE_PREFIX_PATH=/opt/ros/humble CONDA_PROMPT_MODIFIER=(base) /usr/bin/cmake /home/peri/Desktop/Studium/ROS Robotik/SurfaceScanner_ws/src/SurfaceScanner -DCMAKE_INSTALL_PREFIX=/home/peri/Desktop/Studium/ROS Robotik/SurfaceScanner_ws/install/SurfaceScanner
[0.019s] -- Found ament_cmake: 1.3.4 (/opt/ros/humble/share/ament_cmake/cmake)
[0.143s] -- Found rclcpp: 16.0.4 (/opt/ros/humble/share/rclcpp/cmake)
[0.167s] -- Found rosidl_generator_c: 3.1.4 (/opt/ros/humble/share/rosidl_generator_c/cmake)
[0.169s] -- Found rosidl_adapter: 3.1.4 (/opt/ros/humble/share/rosidl_adapter/cmake)
[0.174s] -- Found rosidl_generator_cpp: 3.1.4 (/opt/ros/humble/share/rosidl_generator_cpp/cmake)
[0.183s] -- Using all available rosidl_typesupport_c: rosidl_typesupport_fastrtps_c;rosidl_typesupport_introspection_c
[0.196s] -- Using all available rosidl_typesupport_cpp: rosidl_typesupport_fastrtps_cpp;rosidl_typesupport_introspection_cpp
[0.247s] -- Found rmw_implementation_cmake: 6.1.1 (/opt/ros/humble/share/rmw_implementation_cmake/cmake)
[0.248s] -- Found rmw_fastrtps_cpp: 6.2.2 (/opt/ros/humble/share/rmw_fastrtps_cpp/cmake)
[0.343s] -- Using RMW implementation 'rmw_fastrtps_cpp' as default
[0.484s] -- Found sensor_msgs: 4.2.3 (/opt/ros/humble/share/sensor_msgs/cmake)
[0.597s] -- Found cv_bridge: 3.2.1 (/opt/ros/humble/share/cv_bridge/cmake)
[0.609s] -- Found image_transport: 3.1.5 (/opt/ros/humble/share/image_transport/cmake)
[0.714s] WARNING: Package name "SurfaceScanner" does not follow the naming conventions. It should start with a lower case letter and only contain lower case letters, digits, underscores, and dashes.
[0.729s] -- Configuring done
[0.732s] -- Generating done
[0.733s] -- Build files have been written to: /home/peri/Desktop/Studium/ROS Robotik/SurfaceScanner_ws/build/SurfaceScanner
[0.740s] Invoked command in '/home/peri/Desktop/Studium/ROS Robotik/SurfaceScanner_ws/build/SurfaceScanner' returned '0': CMAKE_PREFIX_PATH=/opt/ros/humble CONDA_PROMPT_MODIFIER=(base) /usr/bin/cmake /home/peri/Desktop/Studium/ROS Robotik/SurfaceScanner_ws/src/SurfaceScanner -DCMAKE_INSTALL_PREFIX=/home/peri/Desktop/Studium/ROS Robotik/SurfaceScanner_ws/install/SurfaceScanner
[0.741s] Invoking command in '/home/peri/Desktop/Studium/ROS Robotik/SurfaceScanner_ws/build/SurfaceScanner': CMAKE_PREFIX_PATH=/opt/ros/humble CONDA_PROMPT_MODIFIER=(base) /usr/bin/cmake --build /home/peri/Desktop/Studium/ROS Robotik/SurfaceScanner_ws/build/SurfaceScanner -- -j8 -l8
[0.769s] Invoked command in '/home/peri/Desktop/Studium/ROS Robotik/SurfaceScanner_ws/build/SurfaceScanner' returned '0': CMAKE_PREFIX_PATH=/opt/ros/humble CONDA_PROMPT_MODIFIER=(base) /usr/bin/cmake --build /home/peri/Desktop/Studium/ROS Robotik/SurfaceScanner_ws/build/SurfaceScanner -- -j8 -l8
[0.789s] Invoking command in '/home/peri/Desktop/Studium/ROS Robotik/SurfaceScanner_ws/build/SurfaceScanner': CMAKE_PREFIX_PATH=/opt/ros/humble CONDA_PROMPT_MODIFIER=(base) /usr/bin/cmake --install /home/peri/Desktop/Studium/ROS Robotik/SurfaceScanner_ws/build/SurfaceScanner
[0.794s] -- Install configuration: ""
[0.794s] -- Installing: /home/peri/Desktop/Studium/ROS Robotik/SurfaceScanner_ws/install/SurfaceScanner/share/ament_index/resource_index/package_run_dependencies/SurfaceScanner
[0.794s] -- Installing: /home/peri/Desktop/Studium/ROS Robotik/SurfaceScanner_ws/install/SurfaceScanner/share/ament_index/resource_index/parent_prefix_path/SurfaceScanner
[0.794s] -- Installing: /home/peri/Desktop/Studium/ROS Robotik/SurfaceScanner_ws/install/SurfaceScanner/share/SurfaceScanner/environment/ament_prefix_path.sh
[0.794s] -- Installing: /home/peri/Desktop/Studium/ROS Robotik/SurfaceScanner_ws/install/SurfaceScanner/share/SurfaceScanner/environment/ament_prefix_path.dsv
[0.795s] -- Installing: /home/peri/Desktop/Studium/ROS Robotik/SurfaceScanner_ws/install/SurfaceScanner/share/SurfaceScanner/environment/path.sh
[0.795s] -- Installing: /home/peri/Desktop/Studium/ROS Robotik/SurfaceScanner_ws/install/SurfaceScanner/share/SurfaceScanner/environment/path.dsv
[0.795s] -- Installing: /home/peri/Desktop/Studium/ROS Robotik/SurfaceScanner_ws/install/SurfaceScanner/share/SurfaceScanner/local_setup.bash
[0.795s] -- Installing: /home/peri/Desktop/Studium/ROS Robotik/SurfaceScanner_ws/install/SurfaceScanner/share/SurfaceScanner/local_setup.sh
[0.795s] -- Installing: /home/peri/Desktop/Studium/ROS Robotik/SurfaceScanner_ws/install/SurfaceScanner/share/SurfaceScanner/local_setup.zsh
[0.795s] -- Installing: /home/peri/Desktop/Studium/ROS Robotik/SurfaceScanner_ws/install/SurfaceScanner/share/SurfaceScanner/local_setup.dsv
[0.795s] -- Installing: /home/peri/Desktop/Studium/ROS Robotik/SurfaceScanner_ws/install/SurfaceScanner/share/SurfaceScanner/package.dsv
[0.795s] -- Installing: /home/peri/Desktop/Studium/ROS Robotik/SurfaceScanner_ws/install/SurfaceScanner/share/ament_index/resource_index/packages/SurfaceScanner
[0.795s] -- Installing: /home/peri/Desktop/Studium/ROS Robotik/SurfaceScanner_ws/install/SurfaceScanner/share/SurfaceScanner/cmake/SurfaceScannerConfig.cmake
[0.795s] -- Installing: /home/peri/Desktop/Studium/ROS Robotik/SurfaceScanner_ws/install/SurfaceScanner/share/SurfaceScanner/cmake/SurfaceScannerConfig-version.cmake
[0.796s] -- Installing: /home/peri/Desktop/Studium/ROS Robotik/SurfaceScanner_ws/install/SurfaceScanner/share/SurfaceScanner/package.xml
[0.797s] Invoked command in '/home/peri/Desktop/Studium/ROS Robotik/SurfaceScanner_ws/build/SurfaceScanner' returned '0': CMAKE_PREFIX_PATH=/opt/ros/humble CONDA_PROMPT_MODIFIER=(base) /usr/bin/cmake --install /home/peri/Desktop/Studium/ROS Robotik/SurfaceScanner_ws/build/SurfaceScanner
