[0.014s] Invoking command in '/home/peri/Desktop/Studium/ROS Robotik/SurfaceScanner_ws/build/interfaces': CMAKE_PREFIX_PATH=/opt/ros/humble CONDA_PROMPT_MODIFIER=(base) /usr/bin/cmake --build /home/peri/Desktop/Studium/ROS Robotik/SurfaceScanner_ws/build/interfaces -- -j8 -l8
[0.053s] -- Found ament_cmake: 1.3.5 (/opt/ros/humble/share/ament_cmake/cmake)
[0.225s] -- Found rosidl_default_generators: 1.2.0 (/opt/ros/humble/share/rosidl_default_generators/cmake)
[0.227s] -- Using all available rosidl_typesupport_c: rosidl_typesupport_fastrtps_c;rosidl_typesupport_introspection_c
[0.230s] -- Found rosidl_adapter: 3.1.5 (/opt/ros/humble/share/rosidl_adapter/cmake)
[0.264s] -- Using all available rosidl_typesupport_cpp: rosidl_typesupport_fastrtps_cpp;rosidl_typesupport_introspection_cpp
[0.290s] -- Found sensor_msgs: 4.2.3 (/opt/ros/humble/share/sensor_msgs/cmake)
[0.509s] -- Found ament_lint_auto: 0.12.7 (/opt/ros/humble/share/ament_lint_auto/cmake)
[0.792s] -- Found ament_cmake_ros: 0.10.0 (/opt/ros/humble/share/ament_cmake_ros/cmake)
[1.036s] -- Using all available rosidl_typesupport_c: rosidl_typesupport_fastrtps_c;rosidl_typesupport_introspection_c
[1.358s] -- Using all available rosidl_typesupport_cpp: rosidl_typesupport_fastrtps_cpp;rosidl_typesupport_introspection_cpp
[1.379s] -- Found python_cmake_module: 0.10.0 (/opt/ros/humble/share/python_cmake_module/cmake)
[1.401s] -- Using PYTHON_EXECUTABLE: /home/peri/anaconda3/bin/python3
[1.401s] -- Using PYTHON_INCLUDE_DIRS: /home/peri/anaconda3/include/python3.10
[1.402s] -- Using PYTHON_LIBRARIES: /home/peri/anaconda3/lib/libpython3.10.so
[1.647s] -- Using numpy include directory: /home/peri/anaconda3/lib/python3.10/site-packages/numpy/core/include
[1.660s] -- Added test 'copyright' to check source files copyright and LICENSE
[1.662s] -- Added test 'lint_cmake' to check CMake code style
[1.663s] -- Added test 'xmllint' to check XML markup files
[1.669s] -- Configuring done
[1.699s] [33mCMake Warning at /opt/ros/humble/share/rosidl_generator_py/cmake/rosidl_generator_py_generate_interfaces.cmake:166 (add_library):
[1.699s]   Cannot generate a safe runtime search path for target
[1.699s]   interfaces__rosidl_generator_py because files in some directories may
[1.699s]   conflict with libraries in implicit directories:
[1.699s] 
[1.699s]     runtime library [libpython3.10.so.1.0] in /usr/lib/x86_64-linux-gnu may be hidden by files in:
[1.699s]       /home/peri/anaconda3/lib
[1.699s] 
[1.699s]   Some of these libraries may not be found correctly.
[1.699s] Call Stack (most recent call first):
[1.699s]   /opt/ros/humble/share/ament_cmake_core/cmake/core/ament_execute_extensions.cmake:48 (include)
[1.699s]   /opt/ros/humble/share/rosidl_cmake/cmake/rosidl_generate_interfaces.cmake:286 (ament_execute_extensions)
[1.699s]   CMakeLists.txt:24 (rosidl_generate_interfaces)
[1.699s] 
[1.699s] [0m
[1.703s] [33mCMake Warning at /opt/ros/humble/share/rosidl_generator_py/cmake/rosidl_generator_py_generate_interfaces.cmake:226 (add_library):
[1.703s]   Cannot generate a safe runtime search path for target
[1.703s]   interfaces__rosidl_typesupport_fastrtps_c__pyext because files in some
[1.703s]   directories may conflict with libraries in implicit directories:
[1.703s] 
[1.703s]     runtime library [libpython3.10.so.1.0] in /usr/lib/x86_64-linux-gnu may be hidden by files in:
[1.703s]       /home/peri/anaconda3/lib
[1.703s] 
[1.704s]   Some of these libraries may not be found correctly.
[1.704s] Call Stack (most recent call first):
[1.704s]   /opt/ros/humble/share/ament_cmake_core/cmake/core/ament_execute_extensions.cmake:48 (include)
[1.704s]   /opt/ros/humble/share/rosidl_cmake/cmake/rosidl_generate_interfaces.cmake:286 (ament_execute_extensions)
[1.704s]   CMakeLists.txt:24 (rosidl_generate_interfaces)
[1.704s] 
[1.704s] [0m
[1.707s] [33mCMake Warning at /opt/ros/humble/share/rosidl_generator_py/cmake/rosidl_generator_py_generate_interfaces.cmake:226 (add_library):
[1.707s]   Cannot generate a safe runtime search path for target
[1.707s]   interfaces__rosidl_typesupport_introspection_c__pyext because files in some
[1.707s]   directories may conflict with libraries in implicit directories:
[1.707s] 
[1.707s]     runtime library [libpython3.10.so.1.0] in /usr/lib/x86_64-linux-gnu may be hidden by files in:
[1.707s]       /home/peri/anaconda3/lib
[1.708s] 
[1.708s]   Some of these libraries may not be found correctly.
[1.708s] Call Stack (most recent call first):
[1.708s]   /opt/ros/humble/share/ament_cmake_core/cmake/core/ament_execute_extensions.cmake:48 (include)
[1.708s]   /opt/ros/humble/share/rosidl_cmake/cmake/rosidl_generate_interfaces.cmake:286 (ament_execute_extensions)
[1.708s]   CMakeLists.txt:24 (rosidl_generate_interfaces)
[1.708s] 
[1.708s] [0m
[1.710s] [33mCMake Warning at /opt/ros/humble/share/rosidl_generator_py/cmake/rosidl_generator_py_generate_interfaces.cmake:226 (add_library):
[1.710s]   Cannot generate a safe runtime search path for target
[1.711s]   interfaces__rosidl_typesupport_c__pyext because files in some directories
[1.711s]   may conflict with libraries in implicit directories:
[1.711s] 
[1.711s]     runtime library [libpython3.10.so.1.0] in /usr/lib/x86_64-linux-gnu may be hidden by files in:
[1.711s]       /home/peri/anaconda3/lib
[1.711s] 
[1.711s]   Some of these libraries may not be found correctly.
[1.711s] Call Stack (most recent call first):
[1.711s]   /opt/ros/humble/share/ament_cmake_core/cmake/core/ament_execute_extensions.cmake:48 (include)
[1.711s]   /opt/ros/humble/share/rosidl_cmake/cmake/rosidl_generate_interfaces.cmake:286 (ament_execute_extensions)
[1.711s]   CMakeLists.txt:24 (rosidl_generate_interfaces)
[1.711s] 
[1.711s] [0m
[1.718s] -- Generating done
[1.720s] -- Build files have been written to: /home/peri/Desktop/Studium/ROS Robotik/SurfaceScanner_ws/build/interfaces
[1.742s] [  2%] [34m[1mGenerating C code for ROS interfaces[0m
[1.749s] [  4%] [34m[1mGenerating C++ code for ROS interfaces[0m
[1.759s] [  4%] Built target ament_cmake_python_copy_interfaces
[2.154s] [35m[1mConsolidate compiler generated dependencies of target interfaces__rosidl_generator_c[0m
[2.165s] [  6%] [32mBuilding C object CMakeFiles/interfaces__rosidl_generator_c.dir/rosidl_generator_c/interfaces/srv/detail/calibrate_laser_import__functions.c.o[0m
[2.167s] [ 10%] [32mBuilding C object CMakeFiles/interfaces__rosidl_generator_c.dir/rosidl_generator_c/interfaces/msg/detail/camera_calibration_imgs__functions.c.o[0m
[2.167s] [ 10%] [32mBuilding C object CMakeFiles/interfaces__rosidl_generator_c.dir/rosidl_generator_c/interfaces/msg/detail/image_pair__functions.c.o[0m
[2.209s] [ 10%] Built target interfaces__cpp
[2.223s] [ 12%] [34m[1mGenerating C++ type support dispatch for ROS interfaces[0m
[2.225s] [ 14%] [34m[1mGenerating C++ introspection for ROS interfaces[0m
[2.226s] [ 17%] [34m[1mGenerating C++ type support for eProsima Fast-RTPS[0m
[2.294s] [ 19%] [32m[1mLinking C shared library libinterfaces__rosidl_generator_c.so[0m
[2.348s] [ 19%] Built target interfaces__rosidl_generator_c
[2.363s] [ 23%] [34m[1mGenerating C type support for eProsima Fast-RTPS[0m
[2.363s] [ 23%] [34m[1mGenerating C introspection for ROS interfaces[0m
[2.374s] [ 25%] [34m[1mGenerating C type support dispatch for ROS interfaces[0m
[2.541s] running egg_info
[2.583s] writing interfaces.egg-info/PKG-INFO
[2.585s] writing dependency_links to interfaces.egg-info/dependency_links.txt
[2.586s] writing top-level names to interfaces.egg-info/top_level.txt
[2.744s] reading manifest file 'interfaces.egg-info/SOURCES.txt'
[2.746s] writing manifest file 'interfaces.egg-info/SOURCES.txt'
[2.831s] [35m[1mConsolidate compiler generated dependencies of target interfaces__rosidl_typesupport_cpp[0m
[2.844s] [ 25%] Built target ament_cmake_python_build_interfaces_egg
[2.851s] [ 27%] [32mBuilding CXX object CMakeFiles/interfaces__rosidl_typesupport_cpp.dir/rosidl_typesupport_cpp/interfaces/msg/camera_calibration_imgs__type_support.cpp.o[0m
[2.853s] [ 29%] [32mBuilding CXX object CMakeFiles/interfaces__rosidl_typesupport_cpp.dir/rosidl_typesupport_cpp/interfaces/msg/image_pair__type_support.cpp.o[0m
[2.865s] [ 31%] [32mBuilding CXX object CMakeFiles/interfaces__rosidl_typesupport_cpp.dir/rosidl_typesupport_cpp/interfaces/srv/calibrate_laser_import__type_support.cpp.o[0m
[2.918s] [35m[1mConsolidate compiler generated dependencies of target interfaces__rosidl_typesupport_introspection_cpp[0m
[2.946s] [ 34%] [32mBuilding CXX object CMakeFiles/interfaces__rosidl_typesupport_introspection_cpp.dir/rosidl_typesupport_introspection_cpp/interfaces/msg/detail/camera_calibration_imgs__type_support.cpp.o[0m
[2.968s] [35m[1mConsolidate compiler generated dependencies of target interfaces__rosidl_typesupport_c[0m
[3.005s] [35m[1mConsolidate compiler generated dependencies of target interfaces__rosidl_typesupport_fastrtps_cpp[0m
[3.020s] [ 36%] [32mBuilding CXX object CMakeFiles/interfaces__rosidl_typesupport_c.dir/rosidl_typesupport_c/interfaces/msg/camera_calibration_imgs__type_support.cpp.o[0m
[3.063s] [ 38%] [32mBuilding CXX object CMakeFiles/interfaces__rosidl_typesupport_fastrtps_cpp.dir/rosidl_typesupport_fastrtps_cpp/interfaces/msg/detail/dds_fastrtps/camera_calibration_imgs__type_support.cpp.o[0m
[3.115s] [35m[1mConsolidate compiler generated dependencies of target interfaces__rosidl_typesupport_introspection_c[0m
[3.116s] [35m[1mConsolidate compiler generated dependencies of target interfaces__rosidl_typesupport_fastrtps_c[0m
[3.131s] [ 40%] [32mBuilding CXX object CMakeFiles/interfaces__rosidl_typesupport_c.dir/rosidl_typesupport_c/interfaces/msg/image_pair__type_support.cpp.o[0m
[3.139s] [ 42%] [32mBuilding C object CMakeFiles/interfaces__rosidl_typesupport_introspection_c.dir/rosidl_typesupport_introspection_c/interfaces/msg/detail/camera_calibration_imgs__type_support.c.o[0m
[3.144s] [ 44%] [32mBuilding CXX object CMakeFiles/interfaces__rosidl_typesupport_fastrtps_c.dir/rosidl_typesupport_fastrtps_c/interfaces/msg/detail/camera_calibration_imgs__type_support_c.cpp.o[0m
[3.200s] [ 46%] [32mBuilding CXX object CMakeFiles/interfaces__rosidl_typesupport_c.dir/rosidl_typesupport_c/interfaces/srv/calibrate_laser_import__type_support.cpp.o[0m
[3.266s] [ 48%] [32mBuilding C object CMakeFiles/interfaces__rosidl_typesupport_introspection_c.dir/rosidl_typesupport_introspection_c/interfaces/msg/detail/image_pair__type_support.c.o[0m
[3.306s] [ 51%] [32m[1mLinking CXX shared library libinterfaces__rosidl_typesupport_c.so[0m
[3.409s] [ 53%] [32mBuilding C object CMakeFiles/interfaces__rosidl_typesupport_introspection_c.dir/rosidl_typesupport_introspection_c/interfaces/srv/detail/calibrate_laser_import__type_support.c.o[0m
[3.417s] [ 55%] [32mBuilding CXX object CMakeFiles/interfaces__rosidl_typesupport_fastrtps_c.dir/rosidl_typesupport_fastrtps_c/interfaces/msg/detail/image_pair__type_support_c.cpp.o[0m
[3.426s] [ 57%] [32m[1mLinking CXX shared library libinterfaces__rosidl_typesupport_cpp.so[0m
[3.430s] [ 59%] [32mBuilding CXX object CMakeFiles/interfaces__rosidl_typesupport_fastrtps_c.dir/rosidl_typesupport_fastrtps_c/interfaces/srv/detail/calibrate_laser_import__type_support_c.cpp.o[0m
[3.445s] [ 59%] Built target interfaces__rosidl_typesupport_c
[3.473s] [ 61%] [32mBuilding CXX object CMakeFiles/interfaces__rosidl_typesupport_fastrtps_cpp.dir/rosidl_typesupport_fastrtps_cpp/interfaces/msg/detail/dds_fastrtps/image_pair__type_support.cpp.o[0m
[3.504s] [ 63%] [32m[1mLinking C shared library libinterfaces__rosidl_typesupport_introspection_c.so[0m
[3.516s] [ 63%] Built target interfaces__rosidl_typesupport_cpp
[3.528s] [ 65%] [32mBuilding CXX object CMakeFiles/interfaces__rosidl_typesupport_fastrtps_cpp.dir/rosidl_typesupport_fastrtps_cpp/interfaces/srv/detail/dds_fastrtps/calibrate_laser_import__type_support.cpp.o[0m
[3.658s] [ 65%] Built target interfaces__rosidl_typesupport_introspection_c
[3.714s] [ 68%] [32mBuilding CXX object CMakeFiles/interfaces__rosidl_typesupport_introspection_cpp.dir/rosidl_typesupport_introspection_cpp/interfaces/msg/detail/image_pair__type_support.cpp.o[0m
[3.836s] [ 70%] [32mBuilding CXX object CMakeFiles/interfaces__rosidl_typesupport_introspection_cpp.dir/rosidl_typesupport_introspection_cpp/interfaces/srv/detail/calibrate_laser_import__type_support.cpp.o[0m
[4.102s] [ 72%] [32m[1mLinking CXX shared library libinterfaces__rosidl_typesupport_fastrtps_c.so[0m
[4.216s] [ 72%] Built target interfaces__rosidl_typesupport_fastrtps_c
[4.377s] [ 74%] [32m[1mLinking CXX shared library libinterfaces__rosidl_typesupport_fastrtps_cpp.so[0m
[4.464s] [ 74%] Built target interfaces__rosidl_typesupport_fastrtps_cpp
[4.488s] [ 76%] [32m[1mLinking CXX shared library libinterfaces__rosidl_typesupport_introspection_cpp.so[0m
[4.564s] [ 76%] Built target interfaces__rosidl_typesupport_introspection_cpp
[4.579s] [ 76%] Built target interfaces
[4.594s] [ 78%] [34m[1mGenerating Python code for ROS interfaces[0m
[5.100s] [ 78%] Built target interfaces__py
[5.109s] [35m[1mConsolidate compiler generated dependencies of target interfaces__rosidl_generator_py[0m
[5.124s] [ 80%] [32mBuilding C object CMakeFiles/interfaces__rosidl_generator_py.dir/rosidl_generator_py/interfaces/msg/_image_pair_s.c.o[0m
[5.126s] [ 82%] [32mBuilding C object CMakeFiles/interfaces__rosidl_generator_py.dir/rosidl_generator_py/interfaces/msg/_camera_calibration_imgs_s.c.o[0m
[5.126s] [ 85%] [32mBuilding C object CMakeFiles/interfaces__rosidl_generator_py.dir/rosidl_generator_py/interfaces/srv/_calibrate_laser_import_s.c.o[0m
[5.279s] [ 87%] [32m[1mLinking C shared library rosidl_generator_py/interfaces/libinterfaces__rosidl_generator_py.so[0m
[5.318s] [ 87%] Built target interfaces__rosidl_generator_py
[5.326s] [35m[1mConsolidate compiler generated dependencies of target interfaces__rosidl_typesupport_introspection_c__pyext[0m
[5.327s] [35m[1mConsolidate compiler generated dependencies of target interfaces__rosidl_typesupport_c__pyext[0m
[5.330s] [35m[1mConsolidate compiler generated dependencies of target interfaces__rosidl_typesupport_fastrtps_c__pyext[0m
[5.339s] [ 89%] [32mBuilding C object CMakeFiles/interfaces__rosidl_typesupport_introspection_c__pyext.dir/rosidl_generator_py/interfaces/_interfaces_s.ep.rosidl_typesupport_introspection_c.c.o[0m
[5.344s] [ 91%] [32mBuilding C object CMakeFiles/interfaces__rosidl_typesupport_c__pyext.dir/rosidl_generator_py/interfaces/_interfaces_s.ep.rosidl_typesupport_c.c.o[0m
[5.346s] [ 93%] [32mBuilding C object CMakeFiles/interfaces__rosidl_typesupport_fastrtps_c__pyext.dir/rosidl_generator_py/interfaces/_interfaces_s.ep.rosidl_typesupport_fastrtps_c.c.o[0m
[5.475s] [ 95%] [32m[1mLinking C shared library rosidl_generator_py/interfaces/interfaces_s__rosidl_typesupport_introspection_c.cpython-310-x86_64-linux-gnu.so[0m
[5.489s] [ 97%] [32m[1mLinking C shared library rosidl_generator_py/interfaces/interfaces_s__rosidl_typesupport_c.cpython-310-x86_64-linux-gnu.so[0m
[5.530s] [100%] [32m[1mLinking C shared library rosidl_generator_py/interfaces/interfaces_s__rosidl_typesupport_fastrtps_c.cpython-310-x86_64-linux-gnu.so[0m
[5.538s] [100%] Built target interfaces__rosidl_typesupport_c__pyext
[5.538s] [100%] Built target interfaces__rosidl_typesupport_introspection_c__pyext
[5.573s] [100%] Built target interfaces__rosidl_typesupport_fastrtps_c__pyext
[5.585s] Invoked command in '/home/peri/Desktop/Studium/ROS Robotik/SurfaceScanner_ws/build/interfaces' returned '0': CMAKE_PREFIX_PATH=/opt/ros/humble CONDA_PROMPT_MODIFIER=(base) /usr/bin/cmake --build /home/peri/Desktop/Studium/ROS Robotik/SurfaceScanner_ws/build/interfaces -- -j8 -l8
[5.659s] Invoking command in '/home/peri/Desktop/Studium/ROS Robotik/SurfaceScanner_ws/build/interfaces': CMAKE_PREFIX_PATH=/opt/ros/humble CONDA_PROMPT_MODIFIER=(base) /usr/bin/cmake --install /home/peri/Desktop/Studium/ROS Robotik/SurfaceScanner_ws/build/interfaces
[5.668s] -- Install configuration: ""
[5.668s] -- Up-to-date: /home/peri/Desktop/Studium/ROS Robotik/SurfaceScanner_ws/install/interfaces/share/ament_index/resource_index/rosidl_interfaces/interfaces
[5.668s] -- Up-to-date: /home/peri/Desktop/Studium/ROS Robotik/SurfaceScanner_ws/install/interfaces/include/interfaces/interfaces
[5.668s] -- Up-to-date: /home/peri/Desktop/Studium/ROS Robotik/SurfaceScanner_ws/install/interfaces/include/interfaces/interfaces/srv
[5.668s] -- Up-to-date: /home/peri/Desktop/Studium/ROS Robotik/SurfaceScanner_ws/install/interfaces/include/interfaces/interfaces/srv/detail
[5.668s] -- Installing: /home/peri/Desktop/Studium/ROS Robotik/SurfaceScanner_ws/install/interfaces/include/interfaces/interfaces/srv/detail/calibrate_laser_import__functions.h
[5.669s] -- Installing: /home/peri/Desktop/Studium/ROS Robotik/SurfaceScanner_ws/install/interfaces/include/interfaces/interfaces/srv/detail/calibrate_laser_import__type_support.h
[5.669s] -- Installing: /home/peri/Desktop/Studium/ROS Robotik/SurfaceScanner_ws/install/interfaces/include/interfaces/interfaces/srv/detail/calibrate_laser_import__functions.c
[5.669s] -- Installing: /home/peri/Desktop/Studium/ROS Robotik/SurfaceScanner_ws/install/interfaces/include/interfaces/interfaces/srv/detail/calibrate_laser_import__struct.h
[5.669s] -- Installing: /home/peri/Desktop/Studium/ROS Robotik/SurfaceScanner_ws/install/interfaces/include/interfaces/interfaces/srv/calibrate_laser_import.h
[5.669s] -- Up-to-date: /home/peri/Desktop/Studium/ROS Robotik/SurfaceScanner_ws/install/interfaces/include/interfaces/interfaces/msg
[5.669s] -- Installing: /home/peri/Desktop/Studium/ROS Robotik/SurfaceScanner_ws/install/interfaces/include/interfaces/interfaces/msg/image_pair.h
[5.669s] -- Up-to-date: /home/peri/Desktop/Studium/ROS Robotik/SurfaceScanner_ws/install/interfaces/include/interfaces/interfaces/msg/rosidl_generator_c__visibility_control.h
[5.669s] -- Up-to-date: /home/peri/Desktop/Studium/ROS Robotik/SurfaceScanner_ws/install/interfaces/include/interfaces/interfaces/msg/detail
[5.670s] -- Installing: /home/peri/Desktop/Studium/ROS Robotik/SurfaceScanner_ws/install/interfaces/include/interfaces/interfaces/msg/detail/camera_calibration_imgs__functions.c
[5.670s] -- Installing: /home/peri/Desktop/Studium/ROS Robotik/SurfaceScanner_ws/install/interfaces/include/interfaces/interfaces/msg/detail/image_pair__struct.h
[5.670s] -- Installing: /home/peri/Desktop/Studium/ROS Robotik/SurfaceScanner_ws/install/interfaces/include/interfaces/interfaces/msg/detail/camera_calibration_imgs__struct.h
[5.670s] -- Installing: /home/peri/Desktop/Studium/ROS Robotik/SurfaceScanner_ws/install/interfaces/include/interfaces/interfaces/msg/detail/image_pair__functions.h
[5.670s] -- Installing: /home/peri/Desktop/Studium/ROS Robotik/SurfaceScanner_ws/install/interfaces/include/interfaces/interfaces/msg/detail/camera_calibration_imgs__functions.h
[5.670s] -- Installing: /home/peri/Desktop/Studium/ROS Robotik/SurfaceScanner_ws/install/interfaces/include/interfaces/interfaces/msg/detail/camera_calibration_imgs__type_support.h
[5.670s] -- Installing: /home/peri/Desktop/Studium/ROS Robotik/SurfaceScanner_ws/install/interfaces/include/interfaces/interfaces/msg/detail/image_pair__functions.c
[5.670s] -- Installing: /home/peri/Desktop/Studium/ROS Robotik/SurfaceScanner_ws/install/interfaces/include/interfaces/interfaces/msg/detail/image_pair__type_support.h
[5.670s] -- Installing: /home/peri/Desktop/Studium/ROS Robotik/SurfaceScanner_ws/install/interfaces/include/interfaces/interfaces/msg/camera_calibration_imgs.h
[5.671s] -- Up-to-date: /home/peri/Desktop/Studium/ROS Robotik/SurfaceScanner_ws/install/interfaces/share/interfaces/environment/library_path.sh
[5.671s] -- Installing: /home/peri/Desktop/Studium/ROS Robotik/SurfaceScanner_ws/install/interfaces/share/interfaces/environment/library_path.dsv
[5.671s] -- Installing: /home/peri/Desktop/Studium/ROS Robotik/SurfaceScanner_ws/install/interfaces/lib/libinterfaces__rosidl_generator_c.so
[5.671s] -- Set runtime path of "/home/peri/Desktop/Studium/ROS Robotik/SurfaceScanner_ws/install/interfaces/lib/libinterfaces__rosidl_generator_c.so" to ""
[5.671s] -- Up-to-date: /home/peri/Desktop/Studium/ROS Robotik/SurfaceScanner_ws/install/interfaces/include/interfaces/interfaces
[5.671s] -- Up-to-date: /home/peri/Desktop/Studium/ROS Robotik/SurfaceScanner_ws/install/interfaces/include/interfaces/interfaces/srv
[5.671s] -- Up-to-date: /home/peri/Desktop/Studium/ROS Robotik/SurfaceScanner_ws/install/interfaces/include/interfaces/interfaces/srv/detail
[5.671s] -- Installing: /home/peri/Desktop/Studium/ROS Robotik/SurfaceScanner_ws/install/interfaces/include/interfaces/interfaces/srv/detail/calibrate_laser_import__rosidl_typesupport_fastrtps_c.h
[5.672s] -- Up-to-date: /home/peri/Desktop/Studium/ROS Robotik/SurfaceScanner_ws/install/interfaces/include/interfaces/interfaces/msg
[5.672s] -- Up-to-date: /home/peri/Desktop/Studium/ROS Robotik/SurfaceScanner_ws/install/interfaces/include/interfaces/interfaces/msg/rosidl_typesupport_fastrtps_c__visibility_control.h
[5.672s] -- Up-to-date: /home/peri/Desktop/Studium/ROS Robotik/SurfaceScanner_ws/install/interfaces/include/interfaces/interfaces/msg/detail
[5.672s] -- Installing: /home/peri/Desktop/Studium/ROS Robotik/SurfaceScanner_ws/install/interfaces/include/interfaces/interfaces/msg/detail/camera_calibration_imgs__rosidl_typesupport_fastrtps_c.h
[5.672s] -- Installing: /home/peri/Desktop/Studium/ROS Robotik/SurfaceScanner_ws/install/interfaces/include/interfaces/interfaces/msg/detail/image_pair__rosidl_typesupport_fastrtps_c.h
[5.672s] -- Installing: /home/peri/Desktop/Studium/ROS Robotik/SurfaceScanner_ws/install/interfaces/lib/libinterfaces__rosidl_typesupport_fastrtps_c.so
[5.672s] -- Set runtime path of "/home/peri/Desktop/Studium/ROS Robotik/SurfaceScanner_ws/install/interfaces/lib/libinterfaces__rosidl_typesupport_fastrtps_c.so" to ""
[5.672s] -- Up-to-date: /home/peri/Desktop/Studium/ROS Robotik/SurfaceScanner_ws/install/interfaces/include/interfaces/interfaces
[5.673s] -- Up-to-date: /home/peri/Desktop/Studium/ROS Robotik/SurfaceScanner_ws/install/interfaces/include/interfaces/interfaces/srv
[5.673s] -- Up-to-date: /home/peri/Desktop/Studium/ROS Robotik/SurfaceScanner_ws/install/interfaces/include/interfaces/interfaces/srv/detail
[5.673s] -- Installing: /home/peri/Desktop/Studium/ROS Robotik/SurfaceScanner_ws/install/interfaces/include/interfaces/interfaces/srv/detail/calibrate_laser_import__type_support.c
[5.673s] -- Installing: /home/peri/Desktop/Studium/ROS Robotik/SurfaceScanner_ws/install/interfaces/include/interfaces/interfaces/srv/detail/calibrate_laser_import__rosidl_typesupport_introspection_c.h
[5.673s] -- Up-to-date: /home/peri/Desktop/Studium/ROS Robotik/SurfaceScanner_ws/install/interfaces/include/interfaces/interfaces/msg
[5.673s] -- Up-to-date: /home/peri/Desktop/Studium/ROS Robotik/SurfaceScanner_ws/install/interfaces/include/interfaces/interfaces/msg/rosidl_typesupport_introspection_c__visibility_control.h
[5.673s] -- Up-to-date: /home/peri/Desktop/Studium/ROS Robotik/SurfaceScanner_ws/install/interfaces/include/interfaces/interfaces/msg/detail
[5.673s] -- Installing: /home/peri/Desktop/Studium/ROS Robotik/SurfaceScanner_ws/install/interfaces/include/interfaces/interfaces/msg/detail/camera_calibration_imgs__type_support.c
[5.673s] -- Installing: /home/peri/Desktop/Studium/ROS Robotik/SurfaceScanner_ws/install/interfaces/include/interfaces/interfaces/msg/detail/image_pair__type_support.c
[5.674s] -- Installing: /home/peri/Desktop/Studium/ROS Robotik/SurfaceScanner_ws/install/interfaces/include/interfaces/interfaces/msg/detail/image_pair__rosidl_typesupport_introspection_c.h
[5.674s] -- Installing: /home/peri/Desktop/Studium/ROS Robotik/SurfaceScanner_ws/install/interfaces/include/interfaces/interfaces/msg/detail/camera_calibration_imgs__rosidl_typesupport_introspection_c.h
[5.674s] -- Installing: /home/peri/Desktop/Studium/ROS Robotik/SurfaceScanner_ws/install/interfaces/lib/libinterfaces__rosidl_typesupport_introspection_c.so
[5.674s] -- Set runtime path of "/home/peri/Desktop/Studium/ROS Robotik/SurfaceScanner_ws/install/interfaces/lib/libinterfaces__rosidl_typesupport_introspection_c.so" to ""
[5.674s] -- Installing: /home/peri/Desktop/Studium/ROS Robotik/SurfaceScanner_ws/install/interfaces/lib/libinterfaces__rosidl_typesupport_c.so
[5.675s] -- Set runtime path of "/home/peri/Desktop/Studium/ROS Robotik/SurfaceScanner_ws/install/interfaces/lib/libinterfaces__rosidl_typesupport_c.so" to ""
[5.675s] -- Up-to-date: /home/peri/Desktop/Studium/ROS Robotik/SurfaceScanner_ws/install/interfaces/include/interfaces/interfaces
[5.675s] -- Up-to-date: /home/peri/Desktop/Studium/ROS Robotik/SurfaceScanner_ws/install/interfaces/include/interfaces/interfaces/srv
[5.675s] -- Up-to-date: /home/peri/Desktop/Studium/ROS Robotik/SurfaceScanner_ws/install/interfaces/include/interfaces/interfaces/srv/detail
[5.676s] -- Installing: /home/peri/Desktop/Studium/ROS Robotik/SurfaceScanner_ws/install/interfaces/include/interfaces/interfaces/srv/detail/calibrate_laser_import__traits.hpp
[5.676s] -- Installing: /home/peri/Desktop/Studium/ROS Robotik/SurfaceScanner_ws/install/interfaces/include/interfaces/interfaces/srv/detail/calibrate_laser_import__builder.hpp
[5.676s] -- Installing: /home/peri/Desktop/Studium/ROS Robotik/SurfaceScanner_ws/install/interfaces/include/interfaces/interfaces/srv/detail/calibrate_laser_import__struct.hpp
[5.676s] -- Installing: /home/peri/Desktop/Studium/ROS Robotik/SurfaceScanner_ws/install/interfaces/include/interfaces/interfaces/srv/calibrate_laser_import.hpp
[5.676s] -- Up-to-date: /home/peri/Desktop/Studium/ROS Robotik/SurfaceScanner_ws/install/interfaces/include/interfaces/interfaces/msg
[5.676s] -- Installing: /home/peri/Desktop/Studium/ROS Robotik/SurfaceScanner_ws/install/interfaces/include/interfaces/interfaces/msg/image_pair.hpp
[5.676s] -- Up-to-date: /home/peri/Desktop/Studium/ROS Robotik/SurfaceScanner_ws/install/interfaces/include/interfaces/interfaces/msg/detail
[5.676s] -- Installing: /home/peri/Desktop/Studium/ROS Robotik/SurfaceScanner_ws/install/interfaces/include/interfaces/interfaces/msg/detail/camera_calibration_imgs__builder.hpp
[5.677s] -- Installing: /home/peri/Desktop/Studium/ROS Robotik/SurfaceScanner_ws/install/interfaces/include/interfaces/interfaces/msg/detail/camera_calibration_imgs__struct.hpp
[5.677s] -- Installing: /home/peri/Desktop/Studium/ROS Robotik/SurfaceScanner_ws/install/interfaces/include/interfaces/interfaces/msg/detail/camera_calibration_imgs__traits.hpp
[5.677s] -- Installing: /home/peri/Desktop/Studium/ROS Robotik/SurfaceScanner_ws/install/interfaces/include/interfaces/interfaces/msg/detail/image_pair__builder.hpp
[5.677s] -- Installing: /home/peri/Desktop/Studium/ROS Robotik/SurfaceScanner_ws/install/interfaces/include/interfaces/interfaces/msg/detail/image_pair__traits.hpp
[5.677s] -- Installing: /home/peri/Desktop/Studium/ROS Robotik/SurfaceScanner_ws/install/interfaces/include/interfaces/interfaces/msg/detail/image_pair__struct.hpp
[5.677s] -- Installing: /home/peri/Desktop/Studium/ROS Robotik/SurfaceScanner_ws/install/interfaces/include/interfaces/interfaces/msg/camera_calibration_imgs.hpp
[5.678s] -- Up-to-date: /home/peri/Desktop/Studium/ROS Robotik/SurfaceScanner_ws/install/interfaces/include/interfaces/interfaces
[5.678s] -- Up-to-date: /home/peri/Desktop/Studium/ROS Robotik/SurfaceScanner_ws/install/interfaces/include/interfaces/interfaces/srv
[5.678s] -- Up-to-date: /home/peri/Desktop/Studium/ROS Robotik/SurfaceScanner_ws/install/interfaces/include/interfaces/interfaces/srv/detail
[5.678s] -- Up-to-date: /home/peri/Desktop/Studium/ROS Robotik/SurfaceScanner_ws/install/interfaces/include/interfaces/interfaces/srv/detail/dds_fastrtps
[5.678s] -- Installing: /home/peri/Desktop/Studium/ROS Robotik/SurfaceScanner_ws/install/interfaces/include/interfaces/interfaces/srv/detail/calibrate_laser_import__rosidl_typesupport_fastrtps_cpp.hpp
[5.678s] -- Up-to-date: /home/peri/Desktop/Studium/ROS Robotik/SurfaceScanner_ws/install/interfaces/include/interfaces/interfaces/msg
[5.678s] -- Up-to-date: /home/peri/Desktop/Studium/ROS Robotik/SurfaceScanner_ws/install/interfaces/include/interfaces/interfaces/msg/rosidl_typesupport_fastrtps_cpp__visibility_control.h
[5.679s] -- Up-to-date: /home/peri/Desktop/Studium/ROS Robotik/SurfaceScanner_ws/install/interfaces/include/interfaces/interfaces/msg/detail
[5.679s] -- Up-to-date: /home/peri/Desktop/Studium/ROS Robotik/SurfaceScanner_ws/install/interfaces/include/interfaces/interfaces/msg/detail/dds_fastrtps
[5.679s] -- Installing: /home/peri/Desktop/Studium/ROS Robotik/SurfaceScanner_ws/install/interfaces/include/interfaces/interfaces/msg/detail/camera_calibration_imgs__rosidl_typesupport_fastrtps_cpp.hpp
[5.679s] -- Installing: /home/peri/Desktop/Studium/ROS Robotik/SurfaceScanner_ws/install/interfaces/include/interfaces/interfaces/msg/detail/image_pair__rosidl_typesupport_fastrtps_cpp.hpp
[5.679s] -- Installing: /home/peri/Desktop/Studium/ROS Robotik/SurfaceScanner_ws/install/interfaces/lib/libinterfaces__rosidl_typesupport_fastrtps_cpp.so
[5.679s] -- Set runtime path of "/home/peri/Desktop/Studium/ROS Robotik/SurfaceScanner_ws/install/interfaces/lib/libinterfaces__rosidl_typesupport_fastrtps_cpp.so" to ""
[5.679s] -- Up-to-date: /home/peri/Desktop/Studium/ROS Robotik/SurfaceScanner_ws/install/interfaces/include/interfaces/interfaces
[5.679s] -- Up-to-date: /home/peri/Desktop/Studium/ROS Robotik/SurfaceScanner_ws/install/interfaces/include/interfaces/interfaces/srv
[5.680s] -- Up-to-date: /home/peri/Desktop/Studium/ROS Robotik/SurfaceScanner_ws/install/interfaces/include/interfaces/interfaces/srv/detail
[5.680s] -- Installing: /home/peri/Desktop/Studium/ROS Robotik/SurfaceScanner_ws/install/interfaces/include/interfaces/interfaces/srv/detail/calibrate_laser_import__type_support.cpp
[5.680s] -- Installing: /home/peri/Desktop/Studium/ROS Robotik/SurfaceScanner_ws/install/interfaces/include/interfaces/interfaces/srv/detail/calibrate_laser_import__rosidl_typesupport_introspection_cpp.hpp
[5.680s] -- Up-to-date: /home/peri/Desktop/Studium/ROS Robotik/SurfaceScanner_ws/install/interfaces/include/interfaces/interfaces/msg
[5.680s] -- Up-to-date: /home/peri/Desktop/Studium/ROS Robotik/SurfaceScanner_ws/install/interfaces/include/interfaces/interfaces/msg/detail
[5.680s] -- Installing: /home/peri/Desktop/Studium/ROS Robotik/SurfaceScanner_ws/install/interfaces/include/interfaces/interfaces/msg/detail/camera_calibration_imgs__rosidl_typesupport_introspection_cpp.hpp
[5.681s] -- Installing: /home/peri/Desktop/Studium/ROS Robotik/SurfaceScanner_ws/install/interfaces/include/interfaces/interfaces/msg/detail/image_pair__rosidl_typesupport_introspection_cpp.hpp
[5.681s] -- Installing: /home/peri/Desktop/Studium/ROS Robotik/SurfaceScanner_ws/install/interfaces/include/interfaces/interfaces/msg/detail/image_pair__type_support.cpp
[5.681s] -- Installing: /home/peri/Desktop/Studium/ROS Robotik/SurfaceScanner_ws/install/interfaces/include/interfaces/interfaces/msg/detail/camera_calibration_imgs__type_support.cpp
[5.681s] -- Installing: /home/peri/Desktop/Studium/ROS Robotik/SurfaceScanner_ws/install/interfaces/lib/libinterfaces__rosidl_typesupport_introspection_cpp.so
[5.681s] -- Set runtime path of "/home/peri/Desktop/Studium/ROS Robotik/SurfaceScanner_ws/install/interfaces/lib/libinterfaces__rosidl_typesupport_introspection_cpp.so" to ""
[5.681s] -- Installing: /home/peri/Desktop/Studium/ROS Robotik/SurfaceScanner_ws/install/interfaces/lib/libinterfaces__rosidl_typesupport_cpp.so
[5.681s] -- Set runtime path of "/home/peri/Desktop/Studium/ROS Robotik/SurfaceScanner_ws/install/interfaces/lib/libinterfaces__rosidl_typesupport_cpp.so" to ""
[5.682s] -- Up-to-date: /home/peri/Desktop/Studium/ROS Robotik/SurfaceScanner_ws/install/interfaces/share/interfaces/environment/pythonpath.sh
[5.682s] -- Installing: /home/peri/Desktop/Studium/ROS Robotik/SurfaceScanner_ws/install/interfaces/share/interfaces/environment/pythonpath.dsv
[5.682s] -- Up-to-date: /home/peri/Desktop/Studium/ROS Robotik/SurfaceScanner_ws/install/interfaces/lib/python3.10/site-packages/interfaces-0.0.0-py3.10.egg-info
[5.682s] -- Installing: /home/peri/Desktop/Studium/ROS Robotik/SurfaceScanner_ws/install/interfaces/lib/python3.10/site-packages/interfaces-0.0.0-py3.10.egg-info/dependency_links.txt
[5.682s] -- Installing: /home/peri/Desktop/Studium/ROS Robotik/SurfaceScanner_ws/install/interfaces/lib/python3.10/site-packages/interfaces-0.0.0-py3.10.egg-info/PKG-INFO
[5.682s] -- Installing: /home/peri/Desktop/Studium/ROS Robotik/SurfaceScanner_ws/install/interfaces/lib/python3.10/site-packages/interfaces-0.0.0-py3.10.egg-info/SOURCES.txt
[5.682s] -- Installing: /home/peri/Desktop/Studium/ROS Robotik/SurfaceScanner_ws/install/interfaces/lib/python3.10/site-packages/interfaces-0.0.0-py3.10.egg-info/top_level.txt
[5.682s] -- Up-to-date: /home/peri/Desktop/Studium/ROS Robotik/SurfaceScanner_ws/install/interfaces/lib/python3.10/site-packages/interfaces
[5.683s] -- Installing: /home/peri/Desktop/Studium/ROS Robotik/SurfaceScanner_ws/install/interfaces/lib/python3.10/site-packages/interfaces/interfaces_s__rosidl_typesupport_introspection_c.cpython-310-x86_64-linux-gnu.so
[5.683s] -- Installing: /home/peri/Desktop/Studium/ROS Robotik/SurfaceScanner_ws/install/interfaces/lib/python3.10/site-packages/interfaces/interfaces_s__rosidl_typesupport_fastrtps_c.cpython-310-x86_64-linux-gnu.so
[5.683s] -- Up-to-date: /home/peri/Desktop/Studium/ROS Robotik/SurfaceScanner_ws/install/interfaces/lib/python3.10/site-packages/interfaces/srv
[5.683s] -- Installing: /home/peri/Desktop/Studium/ROS Robotik/SurfaceScanner_ws/install/interfaces/lib/python3.10/site-packages/interfaces/srv/__init__.py
[5.683s] -- Installing: /home/peri/Desktop/Studium/ROS Robotik/SurfaceScanner_ws/install/interfaces/lib/python3.10/site-packages/interfaces/srv/_calibrate_laser_import_s.c
[5.683s] -- Installing: /home/peri/Desktop/Studium/ROS Robotik/SurfaceScanner_ws/install/interfaces/lib/python3.10/site-packages/interfaces/srv/_calibrate_laser_import.py
[5.683s] -- Installing: /home/peri/Desktop/Studium/ROS Robotik/SurfaceScanner_ws/install/interfaces/lib/python3.10/site-packages/interfaces/_interfaces_s.ep.rosidl_typesupport_c.c
[5.683s] -- Installing: /home/peri/Desktop/Studium/ROS Robotik/SurfaceScanner_ws/install/interfaces/lib/python3.10/site-packages/interfaces/libinterfaces__rosidl_generator_py.so
[5.684s] -- Installing: /home/peri/Desktop/Studium/ROS Robotik/SurfaceScanner_ws/install/interfaces/lib/python3.10/site-packages/interfaces/interfaces_s__rosidl_typesupport_c.cpython-310-x86_64-linux-gnu.so
[5.684s] -- Up-to-date: /home/peri/Desktop/Studium/ROS Robotik/SurfaceScanner_ws/install/interfaces/lib/python3.10/site-packages/interfaces/msg
[5.684s] -- Installing: /home/peri/Desktop/Studium/ROS Robotik/SurfaceScanner_ws/install/interfaces/lib/python3.10/site-packages/interfaces/msg/_camera_calibration_imgs_s.c
[5.684s] -- Installing: /home/peri/Desktop/Studium/ROS Robotik/SurfaceScanner_ws/install/interfaces/lib/python3.10/site-packages/interfaces/msg/_camera_calibration_imgs.py
[5.684s] -- Installing: /home/peri/Desktop/Studium/ROS Robotik/SurfaceScanner_ws/install/interfaces/lib/python3.10/site-packages/interfaces/msg/__init__.py
[5.684s] -- Installing: /home/peri/Desktop/Studium/ROS Robotik/SurfaceScanner_ws/install/interfaces/lib/python3.10/site-packages/interfaces/msg/_image_pair.py
[5.684s] -- Installing: /home/peri/Desktop/Studium/ROS Robotik/SurfaceScanner_ws/install/interfaces/lib/python3.10/site-packages/interfaces/msg/_image_pair_s.c
[5.684s] -- Installing: /home/peri/Desktop/Studium/ROS Robotik/SurfaceScanner_ws/install/interfaces/lib/python3.10/site-packages/interfaces/__init__.py
[5.684s] -- Installing: /home/peri/Desktop/Studium/ROS Robotik/SurfaceScanner_ws/install/interfaces/lib/python3.10/site-packages/interfaces/_interfaces_s.ep.rosidl_typesupport_fastrtps_c.c
[5.685s] -- Installing: /home/peri/Desktop/Studium/ROS Robotik/SurfaceScanner_ws/install/interfaces/lib/python3.10/site-packages/interfaces/_interfaces_s.ep.rosidl_typesupport_introspection_c.c
[5.727s] Listing '/home/peri/Desktop/Studium/ROS Robotik/SurfaceScanner_ws/install/interfaces/lib/python3.10/site-packages/interfaces'...
[5.727s] Compiling '/home/peri/Desktop/Studium/ROS Robotik/SurfaceScanner_ws/install/interfaces/lib/python3.10/site-packages/interfaces/__init__.py'...
[5.727s] Listing '/home/peri/Desktop/Studium/ROS Robotik/SurfaceScanner_ws/install/interfaces/lib/python3.10/site-packages/interfaces/msg'...
[5.727s] Compiling '/home/peri/Desktop/Studium/ROS Robotik/SurfaceScanner_ws/install/interfaces/lib/python3.10/site-packages/interfaces/msg/__init__.py'...
[5.727s] Compiling '/home/peri/Desktop/Studium/ROS Robotik/SurfaceScanner_ws/install/interfaces/lib/python3.10/site-packages/interfaces/msg/_camera_calibration_imgs.py'...
[5.727s] Compiling '/home/peri/Desktop/Studium/ROS Robotik/SurfaceScanner_ws/install/interfaces/lib/python3.10/site-packages/interfaces/msg/_image_pair.py'...
[5.727s] Listing '/home/peri/Desktop/Studium/ROS Robotik/SurfaceScanner_ws/install/interfaces/lib/python3.10/site-packages/interfaces/srv'...
[5.728s] Compiling '/home/peri/Desktop/Studium/ROS Robotik/SurfaceScanner_ws/install/interfaces/lib/python3.10/site-packages/interfaces/srv/__init__.py'...
[5.728s] Compiling '/home/peri/Desktop/Studium/ROS Robotik/SurfaceScanner_ws/install/interfaces/lib/python3.10/site-packages/interfaces/srv/_calibrate_laser_import.py'...
[5.734s] -- Installing: /home/peri/Desktop/Studium/ROS Robotik/SurfaceScanner_ws/install/interfaces/lib/python3.10/site-packages/interfaces/interfaces_s__rosidl_typesupport_fastrtps_c.cpython-310-x86_64-linux-gnu.so
[5.734s] -- Set runtime path of "/home/peri/Desktop/Studium/ROS Robotik/SurfaceScanner_ws/install/interfaces/lib/python3.10/site-packages/interfaces/interfaces_s__rosidl_typesupport_fastrtps_c.cpython-310-x86_64-linux-gnu.so" to ""
[5.735s] -- Installing: /home/peri/Desktop/Studium/ROS Robotik/SurfaceScanner_ws/install/interfaces/lib/python3.10/site-packages/interfaces/interfaces_s__rosidl_typesupport_introspection_c.cpython-310-x86_64-linux-gnu.so
[5.735s] -- Set runtime path of "/home/peri/Desktop/Studium/ROS Robotik/SurfaceScanner_ws/install/interfaces/lib/python3.10/site-packages/interfaces/interfaces_s__rosidl_typesupport_introspection_c.cpython-310-x86_64-linux-gnu.so" to ""
[5.735s] -- Installing: /home/peri/Desktop/Studium/ROS Robotik/SurfaceScanner_ws/install/interfaces/lib/python3.10/site-packages/interfaces/interfaces_s__rosidl_typesupport_c.cpython-310-x86_64-linux-gnu.so
[5.735s] -- Set runtime path of "/home/peri/Desktop/Studium/ROS Robotik/SurfaceScanner_ws/install/interfaces/lib/python3.10/site-packages/interfaces/interfaces_s__rosidl_typesupport_c.cpython-310-x86_64-linux-gnu.so" to ""
[5.736s] -- Installing: /home/peri/Desktop/Studium/ROS Robotik/SurfaceScanner_ws/install/interfaces/lib/libinterfaces__rosidl_generator_py.so
[5.736s] -- Set runtime path of "/home/peri/Desktop/Studium/ROS Robotik/SurfaceScanner_ws/install/interfaces/lib/libinterfaces__rosidl_generator_py.so" to ""
[5.737s] -- Up-to-date: /home/peri/Desktop/Studium/ROS Robotik/SurfaceScanner_ws/install/interfaces/share/interfaces/msg/CameraCalibrationImgs.idl
[5.737s] -- Up-to-date: /home/peri/Desktop/Studium/ROS Robotik/SurfaceScanner_ws/install/interfaces/share/interfaces/msg/ImagePair.idl
[5.737s] -- Up-to-date: /home/peri/Desktop/Studium/ROS Robotik/SurfaceScanner_ws/install/interfaces/share/interfaces/srv/CalibrateLaserImport.idl
[5.737s] -- Up-to-date: /home/peri/Desktop/Studium/ROS Robotik/SurfaceScanner_ws/install/interfaces/share/interfaces/msg/CameraCalibrationImgs.msg
[5.737s] -- Up-to-date: /home/peri/Desktop/Studium/ROS Robotik/SurfaceScanner_ws/install/interfaces/share/interfaces/msg/ImagePair.msg
[5.737s] -- Up-to-date: /home/peri/Desktop/Studium/ROS Robotik/SurfaceScanner_ws/install/interfaces/share/interfaces/srv/CalibrateLaserImport.srv
[5.737s] -- Up-to-date: /home/peri/Desktop/Studium/ROS Robotik/SurfaceScanner_ws/install/interfaces/share/interfaces/srv/CalibrateLaserImport_Request.msg
[5.738s] -- Up-to-date: /home/peri/Desktop/Studium/ROS Robotik/SurfaceScanner_ws/install/interfaces/share/interfaces/srv/CalibrateLaserImport_Response.msg
[5.738s] -- Up-to-date: /home/peri/Desktop/Studium/ROS Robotik/SurfaceScanner_ws/install/interfaces/share/ament_index/resource_index/package_run_dependencies/interfaces
[5.738s] -- Installing: /home/peri/Desktop/Studium/ROS Robotik/SurfaceScanner_ws/install/interfaces/share/ament_index/resource_index/parent_prefix_path/interfaces
[5.738s] -- Installing: /home/peri/Desktop/Studium/ROS Robotik/SurfaceScanner_ws/install/interfaces/share/interfaces/environment/ament_prefix_path.sh
[5.738s] -- Installing: /home/peri/Desktop/Studium/ROS Robotik/SurfaceScanner_ws/install/interfaces/share/interfaces/environment/ament_prefix_path.dsv
[5.738s] -- Installing: /home/peri/Desktop/Studium/ROS Robotik/SurfaceScanner_ws/install/interfaces/share/interfaces/environment/path.sh
[5.738s] -- Installing: /home/peri/Desktop/Studium/ROS Robotik/SurfaceScanner_ws/install/interfaces/share/interfaces/environment/path.dsv
[5.738s] -- Up-to-date: /home/peri/Desktop/Studium/ROS Robotik/SurfaceScanner_ws/install/interfaces/share/interfaces/local_setup.bash
[5.739s] -- Up-to-date: /home/peri/Desktop/Studium/ROS Robotik/SurfaceScanner_ws/install/interfaces/share/interfaces/local_setup.sh
[5.739s] -- Up-to-date: /home/peri/Desktop/Studium/ROS Robotik/SurfaceScanner_ws/install/interfaces/share/interfaces/local_setup.zsh
[5.739s] -- Installing: /home/peri/Desktop/Studium/ROS Robotik/SurfaceScanner_ws/install/interfaces/share/interfaces/local_setup.dsv
[5.739s] -- Installing: /home/peri/Desktop/Studium/ROS Robotik/SurfaceScanner_ws/install/interfaces/share/interfaces/package.dsv
[5.739s] -- Up-to-date: /home/peri/Desktop/Studium/ROS Robotik/SurfaceScanner_ws/install/interfaces/share/ament_index/resource_index/packages/interfaces
[5.739s] -- Up-to-date: /home/peri/Desktop/Studium/ROS Robotik/SurfaceScanner_ws/install/interfaces/share/interfaces/cmake/export_interfaces__rosidl_generator_cExport.cmake
[5.739s] -- Up-to-date: /home/peri/Desktop/Studium/ROS Robotik/SurfaceScanner_ws/install/interfaces/share/interfaces/cmake/export_interfaces__rosidl_generator_cExport-noconfig.cmake
[5.739s] -- Up-to-date: /home/peri/Desktop/Studium/ROS Robotik/SurfaceScanner_ws/install/interfaces/share/interfaces/cmake/export_interfaces__rosidl_typesupport_fastrtps_cExport.cmake
[5.739s] -- Up-to-date: /home/peri/Desktop/Studium/ROS Robotik/SurfaceScanner_ws/install/interfaces/share/interfaces/cmake/export_interfaces__rosidl_typesupport_fastrtps_cExport-noconfig.cmake
[5.740s] -- Up-to-date: /home/peri/Desktop/Studium/ROS Robotik/SurfaceScanner_ws/install/interfaces/share/interfaces/cmake/interfaces__rosidl_typesupport_introspection_cExport.cmake
[5.740s] -- Up-to-date: /home/peri/Desktop/Studium/ROS Robotik/SurfaceScanner_ws/install/interfaces/share/interfaces/cmake/interfaces__rosidl_typesupport_introspection_cExport-noconfig.cmake
[5.740s] -- Up-to-date: /home/peri/Desktop/Studium/ROS Robotik/SurfaceScanner_ws/install/interfaces/share/interfaces/cmake/interfaces__rosidl_typesupport_cExport.cmake
[5.740s] -- Up-to-date: /home/peri/Desktop/Studium/ROS Robotik/SurfaceScanner_ws/install/interfaces/share/interfaces/cmake/interfaces__rosidl_typesupport_cExport-noconfig.cmake
[5.740s] -- Up-to-date: /home/peri/Desktop/Studium/ROS Robotik/SurfaceScanner_ws/install/interfaces/share/interfaces/cmake/export_interfaces__rosidl_generator_cppExport.cmake
[5.741s] -- Up-to-date: /home/peri/Desktop/Studium/ROS Robotik/SurfaceScanner_ws/install/interfaces/share/interfaces/cmake/export_interfaces__rosidl_typesupport_fastrtps_cppExport.cmake
[5.741s] -- Up-to-date: /home/peri/Desktop/Studium/ROS Robotik/SurfaceScanner_ws/install/interfaces/share/interfaces/cmake/export_interfaces__rosidl_typesupport_fastrtps_cppExport-noconfig.cmake
[5.741s] -- Up-to-date: /home/peri/Desktop/Studium/ROS Robotik/SurfaceScanner_ws/install/interfaces/share/interfaces/cmake/interfaces__rosidl_typesupport_introspection_cppExport.cmake
[5.741s] -- Up-to-date: /home/peri/Desktop/Studium/ROS Robotik/SurfaceScanner_ws/install/interfaces/share/interfaces/cmake/interfaces__rosidl_typesupport_introspection_cppExport-noconfig.cmake
[5.741s] -- Up-to-date: /home/peri/Desktop/Studium/ROS Robotik/SurfaceScanner_ws/install/interfaces/share/interfaces/cmake/interfaces__rosidl_typesupport_cppExport.cmake
[5.741s] -- Up-to-date: /home/peri/Desktop/Studium/ROS Robotik/SurfaceScanner_ws/install/interfaces/share/interfaces/cmake/interfaces__rosidl_typesupport_cppExport-noconfig.cmake
[5.741s] -- Up-to-date: /home/peri/Desktop/Studium/ROS Robotik/SurfaceScanner_ws/install/interfaces/share/interfaces/cmake/export_interfaces__rosidl_generator_pyExport.cmake
[5.742s] -- Up-to-date: /home/peri/Desktop/Studium/ROS Robotik/SurfaceScanner_ws/install/interfaces/share/interfaces/cmake/export_interfaces__rosidl_generator_pyExport-noconfig.cmake
[5.742s] -- Up-to-date: /home/peri/Desktop/Studium/ROS Robotik/SurfaceScanner_ws/install/interfaces/share/interfaces/cmake/rosidl_cmake-extras.cmake
[5.742s] -- Up-to-date: /home/peri/Desktop/Studium/ROS Robotik/SurfaceScanner_ws/install/interfaces/share/interfaces/cmake/ament_cmake_export_dependencies-extras.cmake
[5.742s] -- Up-to-date: /home/peri/Desktop/Studium/ROS Robotik/SurfaceScanner_ws/install/interfaces/share/interfaces/cmake/ament_cmake_export_include_directories-extras.cmake
[5.742s] -- Up-to-date: /home/peri/Desktop/Studium/ROS Robotik/SurfaceScanner_ws/install/interfaces/share/interfaces/cmake/ament_cmake_export_libraries-extras.cmake
[5.742s] -- Up-to-date: /home/peri/Desktop/Studium/ROS Robotik/SurfaceScanner_ws/install/interfaces/share/interfaces/cmake/ament_cmake_export_targets-extras.cmake
[5.742s] -- Up-to-date: /home/peri/Desktop/Studium/ROS Robotik/SurfaceScanner_ws/install/interfaces/share/interfaces/cmake/rosidl_cmake_export_typesupport_targets-extras.cmake
[5.742s] -- Up-to-date: /home/peri/Desktop/Studium/ROS Robotik/SurfaceScanner_ws/install/interfaces/share/interfaces/cmake/rosidl_cmake_export_typesupport_libraries-extras.cmake
[5.743s] -- Up-to-date: /home/peri/Desktop/Studium/ROS Robotik/SurfaceScanner_ws/install/interfaces/share/interfaces/cmake/interfacesConfig.cmake
[5.743s] -- Up-to-date: /home/peri/Desktop/Studium/ROS Robotik/SurfaceScanner_ws/install/interfaces/share/interfaces/cmake/interfacesConfig-version.cmake
[5.743s] -- Up-to-date: /home/peri/Desktop/Studium/ROS Robotik/SurfaceScanner_ws/install/interfaces/share/interfaces/package.xml
[5.747s] Invoked command in '/home/peri/Desktop/Studium/ROS Robotik/SurfaceScanner_ws/build/interfaces' returned '0': CMAKE_PREFIX_PATH=/opt/ros/humble CONDA_PROMPT_MODIFIER=(base) /usr/bin/cmake --install /home/peri/Desktop/Studium/ROS Robotik/SurfaceScanner_ws/build/interfaces
