[0.012s] Invoking command in '/home/peri/Desktop/Studium/ROS Robotik/SurfaceScanner_ws/build/SurfaceScanner': CMAKE_PREFIX_PATH=${CMAKE_PREFIX_PATH}:/opt/ros/humble CONDA_PROMPT_MODIFIER=(base) /usr/bin/cmake --build /home/peri/Desktop/Studium/ROS Robotik/SurfaceScanner_ws/build/SurfaceScanner -- -j8 -l8
[0.030s] -- Found ament_cmake: 1.3.4 (/opt/ros/humble/share/ament_cmake/cmake)
[0.164s] [31mCMake Error at CMakeLists.txt:10 (find_package):
[0.164s]   By not providing "Findcatkin.cmake" in CMAKE_MODULE_PATH this project has
[0.164s]   asked CMake to find a package configuration file provided by "catkin", but
[0.164s]   CMake did not find one.
[0.164s] 
[0.164s]   Could not find a package configuration file provided by "catkin" with any
[0.164s]   of the following names:
[0.164s] 
[0.164s]     catkinConfig.cmake
[0.164s]     catkin-config.cmake
[0.165s] 
[0.165s]   Add the installation prefix of "catkin" to CMAKE_PREFIX_PATH or set
[0.165s]   "catkin_DIR" to a directory containing one of the above files.  If "catkin"
[0.165s]   provides a separate development package or SDK, be sure it has been
[0.165s]   installed.
[0.165s] 
[0.165s] [0m
[0.165s] -- Configuring incomplete, errors occurred!
[0.165s] See also "/home/peri/Desktop/Studium/ROS Robotik/SurfaceScanner_ws/build/SurfaceScanner/CMakeFiles/CMakeOutput.log".
[0.167s] gmake: *** [Makefile:226: cmake_check_build_system] Error 1
[0.168s] Invoked command in '/home/peri/Desktop/Studium/ROS Robotik/SurfaceScanner_ws/build/SurfaceScanner' returned '2': CMAKE_PREFIX_PATH=${CMAKE_PREFIX_PATH}:/opt/ros/humble CONDA_PROMPT_MODIFIER=(base) /usr/bin/cmake --build /home/peri/Desktop/Studium/ROS Robotik/SurfaceScanner_ws/build/SurfaceScanner -- -j8 -l8
